[ 2017-10-17T14:44:54+08:00 ] 127.0.0.1 /
INFO: [ app_init ] --START--
INFO: Run Behavior\BuildLiteBehavior [ RunTime:0.000000s ]
INFO: [ app_init ] --END-- [ RunTime:0.002000s ]
INFO: [ app_begin ] --START--
INFO: Run Behavior\ReadHtmlCacheBehavior [ RunTime:0.001000s ]
INFO: [ app_begin ] --END-- [ RunTime:0.001000s ]
INFO: [ app_end ] --START--
INFO: Run Behavior\ShowPageTraceBehavior [ RunTime:0.001000s ]
INFO: [ app_end ] --END-- [ RunTime:0.001000s ]

[ 2017-10-17T14:44:56+08:00 ] 127.0.0.1 /index.php/Login/login
INFO: [ app_init ] --START--
INFO: Run Behavior\BuildLiteBehavior [ RunTime:0.000000s ]
INFO: [ app_init ] --END-- [ RunTime:0.001000s ]
INFO: [ app_begin ] --START--
INFO: Run Behavior\ReadHtmlCacheBehavior [ RunTime:0.000000s ]
INFO: [ app_begin ] --END-- [ RunTime:0.000000s ]
INFO: [ app_end ] --START--
INFO: Run Behavior\ShowPageTraceBehavior [ RunTime:0.001000s ]
INFO: [ app_end ] --END-- [ RunTime:0.001000s ]

[ 2017-10-17T14:45:34+08:00 ] 127.0.0.1 /index.php?/Index/friends_circle
INFO: [ app_init ] --START--
INFO: Run Behavior\BuildLiteBehavior [ RunTime:0.000000s ]
INFO: [ app_init ] --END-- [ RunTime:0.001000s ]
INFO: [ app_begin ] --START--
INFO: Run Behavior\ReadHtmlCacheBehavior [ RunTime:0.000000s ]
INFO: [ app_begin ] --END-- [ RunTime:0.000000s ]
INFO: [ app_end ] --START--
INFO: Run Behavior\ShowPageTraceBehavior [ RunTime:0.001000s ]
INFO: [ app_end ] --END-- [ RunTime:0.001000s ]

[ 2017-10-17T14:45:40+08:00 ] 127.0.0.1 /index.php/Login/login
INFO: [ app_init ] --START--
INFO: Run Behavior\BuildLiteBehavior [ RunTime:0.000000s ]
INFO: [ app_init ] --END-- [ RunTime:0.001000s ]
INFO: [ app_begin ] --START--
INFO: Run Behavior\ReadHtmlCacheBehavior [ RunTime:0.001000s ]
INFO: [ app_begin ] --END-- [ RunTime:0.001000s ]
INFO: [ app_end ] --START--
INFO: Run Behavior\ShowPageTraceBehavior [ RunTime:0.000000s ]
INFO: [ app_end ] --END-- [ RunTime:0.000000s ]

[ 2017-10-17T14:46:24+08:00 ] 127.0.0.1 /index.php/Index/friends_circle
INFO: [ app_init ] --START--
INFO: Run Behavior\BuildLiteBehavior [ RunTime:0.000000s ]
INFO: [ app_init ] --END-- [ RunTime:0.001000s ]
INFO: [ app_begin ] --START--
INFO: Run Behavior\ReadHtmlCacheBehavior [ RunTime:0.001001s ]
INFO: [ app_begin ] --END-- [ RunTime:0.001001s ]
NOTIC: [2] file_get_contents(jsapi_ticket.php): failed to open stream: No such file or directory C:\Users\jinan\Desktop\class\lib\ThinkPHP\Library\Vendor\WXAPI\JSSDK.php 第 105 行.
NOTIC: [8] Trying to get property of non-object C:\Users\jinan\Desktop\class\lib\ThinkPHP\Library\Vendor\WXAPI\JSSDK.php 第 49 行.
NOTIC: [2] file_get_contents(access_token.php): failed to open stream: No such file or directory C:\Users\jinan\Desktop\class\lib\ThinkPHP\Library\Vendor\WXAPI\JSSDK.php 第 105 行.
NOTIC: [8] Trying to get property of non-object C:\Users\jinan\Desktop\class\lib\ThinkPHP\Library\Vendor\WXAPI\JSSDK.php 第 71 行.
NOTIC: [8] Trying to get property of non-object C:\Users\jinan\Desktop\class\lib\ThinkPHP\Library\Vendor\WXAPI\JSSDK.php 第 76 行.
NOTIC: [8] Trying to get property of non-object C:\Users\jinan\Desktop\class\lib\ThinkPHP\Library\Vendor\WXAPI\JSSDK.php 第 55 行.
ERR: 模板不存在:app/Home/View/Index/friends_circle.html

[ 2017-10-17T14:47:04+08:00 ] 127.0.0.1 /index.php/Index/friends_circle
INFO: [ app_init ] --START--
INFO: Run Behavior\BuildLiteBehavior [ RunTime:0.000000s ]
INFO: [ app_init ] --END-- [ RunTime:0.000000s ]
INFO: [ app_begin ] --START--
INFO: Run Behavior\ReadHtmlCacheBehavior [ RunTime:0.001000s ]
INFO: [ app_begin ] --END-- [ RunTime:0.001000s ]
NOTIC: [2] file_get_contents(jsapi_ticket.php): failed to open stream: No such file or directory C:\Users\jinan\Desktop\class\lib\ThinkPHP\Library\Vendor\WXAPI\JSSDK.php 第 105 行.
NOTIC: [8] Trying to get property of non-object C:\Users\jinan\Desktop\class\lib\ThinkPHP\Library\Vendor\WXAPI\JSSDK.php 第 49 行.
NOTIC: [2] file_get_contents(access_token.php): failed to open stream: No such file or directory C:\Users\jinan\Desktop\class\lib\ThinkPHP\Library\Vendor\WXAPI\JSSDK.php 第 105 行.
NOTIC: [8] Trying to get property of non-object C:\Users\jinan\Desktop\class\lib\ThinkPHP\Library\Vendor\WXAPI\JSSDK.php 第 71 行.
NOTIC: [8] Trying to get property of non-object C:\Users\jinan\Desktop\class\lib\ThinkPHP\Library\Vendor\WXAPI\JSSDK.php 第 76 行.
NOTIC: [8] Trying to get property of non-object C:\Users\jinan\Desktop\class\lib\ThinkPHP\Library\Vendor\WXAPI\JSSDK.php 第 55 行.
INFO: [ app_end ] --START--
INFO: Run Behavior\ShowPageTraceBehavior [ RunTime:0.001000s ]
INFO: [ app_end ] --END-- [ RunTime:0.001000s ]

[ 2017-10-17T14:47:13+08:00 ] 127.0.0.1 /index.php/Index/friends_circle
INFO: [ app_init ] --START--
INFO: Run Behavior\BuildLiteBehavior [ RunTime:0.000000s ]
INFO: [ app_init ] --END-- [ RunTime:0.001000s ]
INFO: [ app_begin ] --START--
INFO: Run Behavior\ReadHtmlCacheBehavior [ RunTime:0.004001s ]
INFO: [ app_begin ] --END-- [ RunTime:0.004001s ]

[ 2017-10-17T14:47:17+08:00 ] 127.0.0.1 /index.php/Index/friends_circle
INFO: [ app_init ] --START--
INFO: Run Behavior\BuildLiteBehavior [ RunTime:0.000000s ]
INFO: [ app_init ] --END-- [ RunTime:0.001000s ]
INFO: [ app_begin ] --START--
INFO: Run Behavior\ReadHtmlCacheBehavior [ RunTime:0.001001s ]
INFO: [ app_begin ] --END-- [ RunTime:0.001001s ]
NOTIC: [2] file_get_contents(jsapi_ticket.php): failed to open stream: No such file or directory C:\Users\jinan\Desktop\class\lib\ThinkPHP\Library\Vendor\WXAPI\JSSDK.php 第 105 行.
NOTIC: [8] Trying to get property of non-object C:\Users\jinan\Desktop\class\lib\ThinkPHP\Library\Vendor\WXAPI\JSSDK.php 第 49 行.
NOTIC: [2] file_get_contents(access_token.php): failed to open stream: No such file or directory C:\Users\jinan\Desktop\class\lib\ThinkPHP\Library\Vendor\WXAPI\JSSDK.php 第 105 行.
NOTIC: [8] Trying to get property of non-object C:\Users\jinan\Desktop\class\lib\ThinkPHP\Library\Vendor\WXAPI\JSSDK.php 第 71 行.
NOTIC: [8] Trying to get property of non-object C:\Users\jinan\Desktop\class\lib\ThinkPHP\Library\Vendor\WXAPI\JSSDK.php 第 76 行.
NOTIC: [8] Trying to get property of non-object C:\Users\jinan\Desktop\class\lib\ThinkPHP\Library\Vendor\WXAPI\JSSDK.php 第 55 行.
INFO: [ app_end ] --START--
INFO: Run Behavior\ShowPageTraceBehavior [ RunTime:0.001000s ]
INFO: [ app_end ] --END-- [ RunTime:0.001000s ]

