[ 2017-12-19T14:52:20+08:00 ] 123.151.77.73 /hongbao/index.php/Share/share?from=singlemessage
INFO: [ app_init ] --START--
INFO: Run Behavior\BuildLiteBehavior [ RunTime:0.000017s ]
INFO: [ app_init ] --END-- [ RunTime:0.000397s ]
INFO: [ app_begin ] --START--
INFO: Run Behavior\ReadHtmlCacheBehavior [ RunTime:0.000557s ]
INFO: [ app_begin ] --END-- [ RunTime:0.000621s ]
SQL: SHOW COLUMNS FROM `hb_sharetitle` [ RunTime:0.0017s ]
SQL: SELECT * FROM `hb_sharetitle` LIMIT 1   [ RunTime:0.0013s ]
INFO: [ view_parse ] --START--
INFO: [ template_filter ] --START--
INFO: Run Behavior\ContentReplaceBehavior [ RunTime:0.000073s ]
INFO: [ template_filter ] --END-- [ RunTime:0.000118s ]
INFO: Run Behavior\ParseTemplateBehavior [ RunTime:0.006026s ]
INFO: [ view_parse ] --END-- [ RunTime:0.006074s ]
INFO: [ view_filter ] --START--
INFO: Run Behavior\WriteHtmlCacheBehavior [ RunTime:0.000263s ]
INFO: [ view_filter ] --END-- [ RunTime:0.000296s ]
INFO: [ app_end ] --START--
INFO: Run Behavior\ShowPageTraceBehavior [ RunTime:0.000737s ]
INFO: [ app_end ] --END-- [ RunTime:0.000792s ]

[ 2017-12-19T14:53:31+08:00 ] 123.151.77.73 /hongbao/index.php/User/index
INFO: [ app_init ] --START--
INFO: Run Behavior\BuildLiteBehavior [ RunTime:0.000018s ]
INFO: [ app_init ] --END-- [ RunTime:0.000371s ]
INFO: [ app_begin ] --START--
INFO: Run Behavior\ReadHtmlCacheBehavior [ RunTime:0.000708s ]
INFO: [ app_begin ] --END-- [ RunTime:0.000757s ]
SQL: SHOW COLUMNS FROM `hb_sharetitle` [ RunTime:0.0018s ]
SQL: SELECT * FROM `hb_sharetitle` LIMIT 1   [ RunTime:0.0014s ]
INFO: [ view_parse ] --START--
INFO: [ template_filter ] --START--
INFO: Run Behavior\ContentReplaceBehavior [ RunTime:0.000074s ]
INFO: [ template_filter ] --END-- [ RunTime:0.000125s ]
INFO: Run Behavior\ParseTemplateBehavior [ RunTime:0.031454s ]
INFO: [ view_parse ] --END-- [ RunTime:0.031526s ]
INFO: [ view_filter ] --START--
INFO: Run Behavior\WriteHtmlCacheBehavior [ RunTime:0.000262s ]
INFO: [ view_filter ] --END-- [ RunTime:0.000297s ]
NOTIC: [2] Cannot modify header information - headers already sent by (output started at /data/home/bxu2347690191/htdocs/hongbao/app/Home/Controller/Base1Controller.class.php:8) /data/home/bxu2347690191/htdocs/hongbao/lib/ThinkPHP/Library/Think/View.class.php 第 91 行.
NOTIC: [2] Cannot modify header information - headers already sent by (output started at /data/home/bxu2347690191/htdocs/hongbao/app/Home/Controller/Base1Controller.class.php:8) /data/home/bxu2347690191/htdocs/hongbao/lib/ThinkPHP/Library/Think/View.class.php 第 92 行.
NOTIC: [2] Cannot modify header information - headers already sent by (output started at /data/home/bxu2347690191/htdocs/hongbao/app/Home/Controller/Base1Controller.class.php:8) /data/home/bxu2347690191/htdocs/hongbao/lib/ThinkPHP/Library/Think/View.class.php 第 93 行.
INFO: [ app_end ] --START--
INFO: Run Behavior\ShowPageTraceBehavior [ RunTime:0.000560s ]
INFO: [ app_end ] --END-- [ RunTime:0.000605s ]

[ 2017-12-19T14:53:31+08:00 ] 123.151.77.73 /hongbao/index.php/Login1/login
INFO: [ app_init ] --START--
INFO: Run Behavior\BuildLiteBehavior [ RunTime:0.000019s ]
INFO: [ app_init ] --END-- [ RunTime:0.000397s ]
INFO: [ app_begin ] --START--
INFO: Run Behavior\ReadHtmlCacheBehavior [ RunTime:0.000575s ]
INFO: [ app_begin ] --END-- [ RunTime:0.000622s ]
INFO: [ app_end ] --START--
INFO: Run Behavior\ShowPageTraceBehavior [ RunTime:0.000476s ]
INFO: [ app_end ] --END-- [ RunTime:0.000549s ]

[ 2017-12-19T14:53:32+08:00 ] 123.151.77.73 /hongbao/index.php/Login1/login_do?code=0211fvjF1Y2BS00eD7hF1lFzjF11fvjy&state=STATE
INFO: [ app_init ] --START--
INFO: Run Behavior\BuildLiteBehavior [ RunTime:0.000017s ]
INFO: [ app_init ] --END-- [ RunTime:0.000363s ]
INFO: [ app_begin ] --START--
INFO: Run Behavior\ReadHtmlCacheBehavior [ RunTime:0.000661s ]
INFO: [ app_begin ] --END-- [ RunTime:0.000711s ]
SQL: SHOW COLUMNS FROM `hb_users` [ RunTime:0.0022s ]
SQL: SELECT * FROM `hb_users` WHERE ( openid='oDpc20SNyD4V7vIOBU5Eh93pK6io' ) LIMIT 1   [ RunTime:0.0017s ]
SQL: INSERT INTO `hb_users` (`openid`,`wx_name`,`wx_photo`,`add_time`) VALUES ('oDpc20SNyD4V7vIOBU5Eh93pK6io','赵鲲','http://wx.qlogo.cn/mmopen/vi_32/DYAIOgq83eocgLZ0BSGE5B6HcxDM7FfGc6j3HLRia3qO8ooMBYze1RQyKP05Cas4ebQmlibIb08QhbNIgXubl7iaA/0','1513666412') [ RunTime:0.0016s ]
SQL: SELECT * FROM `hb_users` WHERE ( id=84 ) LIMIT 1   [ RunTime:0.0016s ]
INFO: [ app_end ] --START--
INFO: Run Behavior\ShowPageTraceBehavior [ RunTime:0.000555s ]
INFO: [ app_end ] --END-- [ RunTime:0.000597s ]

[ 2017-12-19T14:53:33+08:00 ] 123.151.77.73 /hongbao/index.php/User/index.html
INFO: [ app_init ] --START--
INFO: Run Behavior\BuildLiteBehavior [ RunTime:0.000024s ]
INFO: [ app_init ] --END-- [ RunTime:0.000472s ]
INFO: [ app_begin ] --START--
INFO: Run Behavior\ReadHtmlCacheBehavior [ RunTime:0.000631s ]
INFO: [ app_begin ] --END-- [ RunTime:0.000678s ]
SQL: SHOW COLUMNS FROM `hb_sharetitle` [ RunTime:0.0019s ]
SQL: SELECT * FROM `hb_sharetitle` LIMIT 1   [ RunTime:0.0015s ]
INFO: [ view_parse ] --START--
INFO: [ template_filter ] --START--
INFO: Run Behavior\ContentReplaceBehavior [ RunTime:0.000067s ]
INFO: [ template_filter ] --END-- [ RunTime:0.000138s ]
INFO: Run Behavior\ParseTemplateBehavior [ RunTime:0.005339s ]
INFO: [ view_parse ] --END-- [ RunTime:0.005384s ]
INFO: [ view_filter ] --START--
INFO: Run Behavior\WriteHtmlCacheBehavior [ RunTime:0.000245s ]
INFO: [ view_filter ] --END-- [ RunTime:0.000278s ]
INFO: [ app_end ] --START--
INFO: Run Behavior\ShowPageTraceBehavior [ RunTime:0.000508s ]
INFO: [ app_end ] --END-- [ RunTime:0.000554s ]

[ 2017-12-19T14:53:36+08:00 ] 123.151.77.73 /hongbao/index.php/User/index
INFO: [ app_init ] --START--
INFO: Run Behavior\BuildLiteBehavior [ RunTime:0.000018s ]
INFO: [ app_init ] --END-- [ RunTime:0.000364s ]
INFO: [ app_begin ] --START--
INFO: Run Behavior\ReadHtmlCacheBehavior [ RunTime:0.000856s ]
INFO: [ app_begin ] --END-- [ RunTime:0.000943s ]
SQL: SHOW COLUMNS FROM `hb_sharetitle` [ RunTime:0.0017s ]
SQL: SELECT * FROM `hb_sharetitle` LIMIT 1   [ RunTime:0.0013s ]
INFO: [ view_parse ] --START--
INFO: [ template_filter ] --START--
INFO: Run Behavior\ContentReplaceBehavior [ RunTime:0.000069s ]
INFO: [ template_filter ] --END-- [ RunTime:0.000135s ]
INFO: Run Behavior\ParseTemplateBehavior [ RunTime:0.005467s ]
INFO: [ view_parse ] --END-- [ RunTime:0.005522s ]
INFO: [ view_filter ] --START--
INFO: Run Behavior\WriteHtmlCacheBehavior [ RunTime:0.000227s ]
INFO: [ view_filter ] --END-- [ RunTime:0.000259s ]
INFO: [ app_end ] --START--
INFO: Run Behavior\ShowPageTraceBehavior [ RunTime:0.000504s ]
INFO: [ app_end ] --END-- [ RunTime:0.000549s ]

[ 2017-12-19T14:53:42+08:00 ] 123.151.77.73 /hongbao/
INFO: [ app_init ] --START--
INFO: Run Behavior\BuildLiteBehavior [ RunTime:0.000025s ]
INFO: [ app_init ] --END-- [ RunTime:0.000420s ]
INFO: [ app_begin ] --START--
INFO: Run Behavior\ReadHtmlCacheBehavior [ RunTime:0.000616s ]
INFO: [ app_begin ] --END-- [ RunTime:0.000663s ]
INFO: [ app_end ] --START--
INFO: Run Behavior\ShowPageTraceBehavior [ RunTime:0.000502s ]
INFO: [ app_end ] --END-- [ RunTime:0.000555s ]

[ 2017-12-19T14:53:43+08:00 ] 123.151.77.73 /hongbao/index.php/Login/login_do?code=011zU2sJ0ZitE522KSpJ0sp5sJ0zU2sj&state=STATE
INFO: [ app_init ] --START--
INFO: Run Behavior\BuildLiteBehavior [ RunTime:0.000018s ]
INFO: [ app_init ] --END-- [ RunTime:0.000356s ]
INFO: [ app_begin ] --START--
INFO: Run Behavior\ReadHtmlCacheBehavior [ RunTime:0.000660s ]
INFO: [ app_begin ] --END-- [ RunTime:0.000707s ]
SQL: SHOW COLUMNS FROM `hb_users` [ RunTime:0.0022s ]
SQL: SELECT * FROM `hb_users` WHERE ( openid='oDpc20SNyD4V7vIOBU5Eh93pK6io' ) LIMIT 1   [ RunTime:0.0018s ]
SQL: UPDATE `hb_users` SET `wx_name`='赵鲲',`wx_photo`='http://wx.qlogo.cn/mmopen/vi_32/DYAIOgq83eocgLZ0BSGE5B6HcxDM7FfGc6j3HLRia3qO8ooMBYze1RQyKP05Cas4ebQmlibIb08QhbNIgXubl7iaA/0' WHERE ( openid='oDpc20SNyD4V7vIOBU5Eh93pK6io' ) [ RunTime:0.0018s ]
SQL: SELECT * FROM `hb_users` WHERE ( openid='oDpc20SNyD4V7vIOBU5Eh93pK6io' ) LIMIT 1   [ RunTime:0.0017s ]
INFO: [ app_end ] --START--
INFO: Run Behavior\ShowPageTraceBehavior [ RunTime:0.000647s ]
INFO: [ app_end ] --END-- [ RunTime:0.000689s ]

[ 2017-12-19T14:53:43+08:00 ] 123.151.77.73 /hongbao/index.php/Index/index.html
INFO: [ app_init ] --START--
INFO: Run Behavior\BuildLiteBehavior [ RunTime:0.000020s ]
INFO: [ app_init ] --END-- [ RunTime:0.000403s ]
INFO: [ app_begin ] --START--
INFO: Run Behavior\ReadHtmlCacheBehavior [ RunTime:0.000575s ]
INFO: [ app_begin ] --END-- [ RunTime:0.000622s ]
SQL: SHOW COLUMNS FROM `hb_sharetitle` [ RunTime:0.0019s ]
SQL: SELECT * FROM `hb_sharetitle` LIMIT 1   [ RunTime:0.0015s ]
SQL: SHOW COLUMNS FROM `hb_users` [ RunTime:0.0020s ]
SQL: SELECT * FROM `hb_users` WHERE ( id=84 ) LIMIT 1   [ RunTime:0.0015s ]
INFO: [ view_parse ] --START--
INFO: [ template_filter ] --START--
INFO: Run Behavior\ContentReplaceBehavior [ RunTime:0.000156s ]
INFO: [ template_filter ] --END-- [ RunTime:0.000198s ]
INFO: Run Behavior\ParseTemplateBehavior [ RunTime:0.009391s ]
INFO: [ view_parse ] --END-- [ RunTime:0.009436s ]
INFO: [ view_filter ] --START--
INFO: Run Behavior\WriteHtmlCacheBehavior [ RunTime:0.000223s ]
INFO: [ view_filter ] --END-- [ RunTime:0.000256s ]
INFO: [ app_end ] --START--
INFO: Run Behavior\ShowPageTraceBehavior [ RunTime:0.000487s ]
INFO: [ app_end ] --END-- [ RunTime:0.000526s ]

[ 2017-12-19T14:53:55+08:00 ] 123.151.77.73 /hongbao/
INFO: [ app_init ] --START--
INFO: Run Behavior\BuildLiteBehavior [ RunTime:0.000018s ]
INFO: [ app_init ] --END-- [ RunTime:0.000411s ]
INFO: [ app_begin ] --START--
INFO: Run Behavior\ReadHtmlCacheBehavior [ RunTime:0.000603s ]
INFO: [ app_begin ] --END-- [ RunTime:0.000651s ]
INFO: [ app_end ] --START--
INFO: Run Behavior\ShowPageTraceBehavior [ RunTime:0.000780s ]
INFO: [ app_end ] --END-- [ RunTime:0.000843s ]

[ 2017-12-19T14:53:56+08:00 ] 123.151.77.73 /hongbao/index.php/Login/login_do?code=001pvhBZ1kujk01Vi2zZ15MrBZ1pvhBH&state=STATE
INFO: [ app_init ] --START--
INFO: Run Behavior\BuildLiteBehavior [ RunTime:0.000018s ]
INFO: [ app_init ] --END-- [ RunTime:0.000371s ]
INFO: [ app_begin ] --START--
INFO: Run Behavior\ReadHtmlCacheBehavior [ RunTime:0.000597s ]
INFO: [ app_begin ] --END-- [ RunTime:0.000644s ]
SQL: SHOW COLUMNS FROM `hb_users` [ RunTime:0.0021s ]
SQL: SELECT * FROM `hb_users` WHERE ( openid='oDpc20SNyD4V7vIOBU5Eh93pK6io' ) LIMIT 1   [ RunTime:0.0016s ]
SQL: UPDATE `hb_users` SET `wx_name`='赵鲲',`wx_photo`='http://wx.qlogo.cn/mmopen/vi_32/DYAIOgq83eocgLZ0BSGE5B6HcxDM7FfGc6j3HLRia3qO8ooMBYze1RQyKP05Cas4ebQmlibIb08QhbNIgXubl7iaA/0' WHERE ( openid='oDpc20SNyD4V7vIOBU5Eh93pK6io' ) [ RunTime:0.0017s ]
SQL: SELECT * FROM `hb_users` WHERE ( openid='oDpc20SNyD4V7vIOBU5Eh93pK6io' ) LIMIT 1   [ RunTime:0.0016s ]
INFO: [ app_end ] --START--
INFO: Run Behavior\ShowPageTraceBehavior [ RunTime:0.000543s ]
INFO: [ app_end ] --END-- [ RunTime:0.000588s ]

[ 2017-12-19T14:53:56+08:00 ] 123.151.77.73 /hongbao/index.php/Index/index.html
INFO: [ app_init ] --START--
INFO: Run Behavior\BuildLiteBehavior [ RunTime:0.000018s ]
INFO: [ app_init ] --END-- [ RunTime:0.000367s ]
INFO: [ app_begin ] --START--
INFO: Run Behavior\ReadHtmlCacheBehavior [ RunTime:0.000590s ]
INFO: [ app_begin ] --END-- [ RunTime:0.000638s ]
SQL: SHOW COLUMNS FROM `hb_sharetitle` [ RunTime:0.0019s ]
SQL: SELECT * FROM `hb_sharetitle` LIMIT 1   [ RunTime:0.0015s ]
SQL: SHOW COLUMNS FROM `hb_users` [ RunTime:0.0019s ]
SQL: SELECT * FROM `hb_users` WHERE ( id=84 ) LIMIT 1   [ RunTime:0.0015s ]
INFO: [ view_parse ] --START--
INFO: [ template_filter ] --START--
INFO: Run Behavior\ContentReplaceBehavior [ RunTime:0.000272s ]
INFO: [ template_filter ] --END-- [ RunTime:0.000320s ]
INFO: Run Behavior\ParseTemplateBehavior [ RunTime:0.014545s ]
INFO: [ view_parse ] --END-- [ RunTime:0.014617s ]
INFO: [ view_filter ] --START--
INFO: Run Behavior\WriteHtmlCacheBehavior [ RunTime:0.000371s ]
INFO: [ view_filter ] --END-- [ RunTime:0.000410s ]
INFO: [ app_end ] --START--
INFO: Run Behavior\ShowPageTraceBehavior [ RunTime:0.000940s ]
INFO: [ app_end ] --END-- [ RunTime:0.000996s ]

