[ 2017-12-06T13:24:53+08:00 ] 119.164.176.78 /hongbao/
INFO: [ app_init ] --START--
INFO: Run Behavior\BuildLiteBehavior [ RunTime:0.000024s ]
INFO: [ app_init ] --END-- [ RunTime:0.000388s ]
INFO: [ app_begin ] --START--
INFO: Run Behavior\ReadHtmlCacheBehavior [ RunTime:0.000672s ]
INFO: [ app_begin ] --END-- [ RunTime:0.000724s ]
INFO: [ app_end ] --START--
INFO: Run Behavior\ShowPageTraceBehavior [ RunTime:0.000683s ]
INFO: [ app_end ] --END-- [ RunTime:0.000768s ]

[ 2017-12-06T13:24:53+08:00 ] 119.164.176.78 /hongbao/?_t_t_t=0.7487471268300347
INFO: [ app_init ] --START--
INFO: Run Behavior\BuildLiteBehavior [ RunTime:0.000017s ]
INFO: [ app_init ] --END-- [ RunTime:0.000376s ]
INFO: [ app_begin ] --START--
INFO: Run Behavior\ReadHtmlCacheBehavior [ RunTime:0.000552s ]
INFO: [ app_begin ] --END-- [ RunTime:0.000598s ]
INFO: [ app_end ] --START--
INFO: Run Behavior\ShowPageTraceBehavior [ RunTime:0.000531s ]
INFO: [ app_end ] --END-- [ RunTime:0.000575s ]

[ 2017-12-06T13:24:53+08:00 ] 119.164.176.78 /hongbao/index.php/Login/login_do?code=021vXjPL0kWUp32mxAOL06BTOL0vXjPZ&state=STATE
INFO: [ app_init ] --START--
INFO: Run Behavior\BuildLiteBehavior [ RunTime:0.000020s ]
INFO: [ app_init ] --END-- [ RunTime:0.000443s ]
INFO: [ app_begin ] --START--
INFO: Run Behavior\ReadHtmlCacheBehavior [ RunTime:0.000773s ]
INFO: [ app_begin ] --END-- [ RunTime:0.000845s ]
SQL: SHOW COLUMNS FROM `hb_users` [ RunTime:0.0026s ]
SQL: SELECT * FROM `hb_users` WHERE ( openid='oDpc20RWaphd8ErpYxQajVsD9gBE' ) LIMIT 1   [ RunTime:0.0016s ]
SQL: UPDATE `hb_users` SET `wx_name`='患得患失',`wx_photo`='http://wx.qlogo.cn/mmopen/vi_32/Q0j4TwGTfTJfNGCz3wriaPud989cE78nYGCRNGb665iadIEOrkxdnERdWB7PQPnuEFBia9Pic3FWuCiaEbCkoDmIdNg/0' WHERE ( openid='oDpc20RWaphd8ErpYxQajVsD9gBE' ) [ RunTime:0.0015s ]
SQL: SELECT * FROM `hb_users` WHERE ( openid='oDpc20RWaphd8ErpYxQajVsD9gBE' ) LIMIT 1   [ RunTime:0.0015s ]
INFO: [ app_end ] --START--
INFO: Run Behavior\ShowPageTraceBehavior [ RunTime:0.000760s ]
INFO: [ app_end ] --END-- [ RunTime:0.000803s ]

[ 2017-12-06T13:24:54+08:00 ] 119.164.176.78 /hongbao/index.php/Index/index.html
INFO: [ app_init ] --START--
INFO: Run Behavior\BuildLiteBehavior [ RunTime:0.000018s ]
INFO: [ app_init ] --END-- [ RunTime:0.000400s ]
INFO: [ app_begin ] --START--
INFO: Run Behavior\ReadHtmlCacheBehavior [ RunTime:0.000586s ]
INFO: [ app_begin ] --END-- [ RunTime:0.000632s ]
SQL: SHOW COLUMNS FROM `hb_sharetitle` [ RunTime:0.0017s ]
SQL: SELECT * FROM `hb_sharetitle` LIMIT 1   [ RunTime:0.0013s ]
SQL: SHOW COLUMNS FROM `hb_users` [ RunTime:0.0015s ]
SQL: SELECT * FROM `hb_users` WHERE ( id=12 ) LIMIT 1   [ RunTime:0.0013s ]
INFO: [ view_parse ] --START--
INFO: [ template_filter ] --START--
INFO: Run Behavior\ContentReplaceBehavior [ RunTime:0.000254s ]
INFO: [ template_filter ] --END-- [ RunTime:0.000365s ]
INFO: Run Behavior\ParseTemplateBehavior [ RunTime:0.055911s ]
INFO: [ view_parse ] --END-- [ RunTime:0.056006s ]
INFO: [ view_filter ] --START--
INFO: Run Behavior\WriteHtmlCacheBehavior [ RunTime:0.000311s ]
INFO: [ view_filter ] --END-- [ RunTime:0.000349s ]
INFO: [ app_end ] --START--
INFO: Run Behavior\ShowPageTraceBehavior [ RunTime:0.000547s ]
INFO: [ app_end ] --END-- [ RunTime:0.000591s ]

[ 2017-12-06T13:24:56+08:00 ] 119.164.176.78 /hongbao/index.php/Index/grab
INFO: [ app_init ] --START--
INFO: Run Behavior\BuildLiteBehavior [ RunTime:0.000018s ]
INFO: [ app_init ] --END-- [ RunTime:0.000371s ]
INFO: [ app_begin ] --START--
INFO: Run Behavior\ReadHtmlCacheBehavior [ RunTime:0.000615s ]
INFO: [ app_begin ] --END-- [ RunTime:0.000661s ]
SQL: SHOW COLUMNS FROM `hb_sharetitle` [ RunTime:0.0016s ]
SQL: SELECT * FROM `hb_sharetitle` LIMIT 1   [ RunTime:0.0012s ]
SQL: SHOW COLUMNS FROM `hb_detail` [ RunTime:0.0017s ]
SQL: SELECT `id` FROM `hb_detail` WHERE ( userid=12 and time between 1512489600 and 1512576000 and types='分享红包' ) LIMIT 1   [ RunTime:0.0014s ]
SQL: SHOW COLUMNS FROM `hb_users` [ RunTime:0.0016s ]
SQL: SELECT `share_time`,`share_num` FROM `hb_users` WHERE ( id=12 ) LIMIT 1   [ RunTime:0.0013s ]

[ 2017-12-06T13:25:03+08:00 ] 120.204.17.67 /hongbao/?_t_t_t=0.7487471268300347
INFO: [ app_init ] --START--
INFO: Run Behavior\BuildLiteBehavior [ RunTime:0.000014s ]
INFO: [ app_init ] --END-- [ RunTime:0.000372s ]
INFO: [ app_begin ] --START--
INFO: Run Behavior\ReadHtmlCacheBehavior [ RunTime:0.000571s ]
INFO: [ app_begin ] --END-- [ RunTime:0.000635s ]
INFO: [ app_end ] --START--
INFO: Run Behavior\ShowPageTraceBehavior [ RunTime:0.000781s ]
INFO: [ app_end ] --END-- [ RunTime:0.000826s ]

[ 2017-12-06T13:25:03+08:00 ] 120.204.17.67 /hongbao/index.php/Index/index.html
INFO: [ app_init ] --START--
INFO: Run Behavior\BuildLiteBehavior [ RunTime:0.000017s ]
INFO: [ app_init ] --END-- [ RunTime:0.000390s ]
INFO: [ app_begin ] --START--
INFO: Run Behavior\ReadHtmlCacheBehavior [ RunTime:0.000600s ]
INFO: [ app_begin ] --END-- [ RunTime:0.000648s ]
SQL: SHOW COLUMNS FROM `hb_sharetitle` [ RunTime:0.0016s ]
SQL: SELECT * FROM `hb_sharetitle` LIMIT 1   [ RunTime:0.0012s ]
NOTIC: [8] Undefined index: userinfo /data/home/bxu2347690191/htdocs/hongbao/app/Home/Controller/IndexController.class.php 第 6 行.
SQL: SHOW COLUMNS FROM `hb_users` [ RunTime:0.0016s ]
ERR: 1064:You have an error in your SQL syntax; check the manual that corresponds to your MySQL server version for the right syntax to use near ') LIMIT 1' at line 1
 [ SQL语句 ] : SELECT * FROM `hb_users` WHERE ( id= ) LIMIT 1  
ERR: 1064:You have an error in your SQL syntax; check the manual that corresponds to your MySQL server version for the right syntax to use near ') LIMIT 1' at line 1
 [ SQL语句 ] : SELECT * FROM `hb_users` WHERE ( id= ) LIMIT 1  
NOTIC: [2] Cannot modify header information - headers already sent by (output started at /data/home/bxu2347690191/htdocs/hongbao/app/Home/Controller/BaseController.class.php:7) /data/home/bxu2347690191/htdocs/hongbao/lib/ThinkPHP/Library/Think/Think.class.php 第 229 行.
NOTIC: [2] Cannot modify header information - headers already sent by (output started at /data/home/bxu2347690191/htdocs/hongbao/app/Home/Controller/BaseController.class.php:7) /data/home/bxu2347690191/htdocs/hongbao/lib/ThinkPHP/Library/Think/Think.class.php 第 230 行.

[ 2017-12-06T13:25:03+08:00 ] 58.247.212.98 /hongbao/
INFO: [ app_init ] --START--
INFO: Run Behavior\BuildLiteBehavior [ RunTime:0.000016s ]
INFO: [ app_init ] --END-- [ RunTime:0.000374s ]
INFO: [ app_begin ] --START--
INFO: Run Behavior\ReadHtmlCacheBehavior [ RunTime:0.000573s ]
INFO: [ app_begin ] --END-- [ RunTime:0.000618s ]
INFO: [ app_end ] --START--
INFO: Run Behavior\ShowPageTraceBehavior [ RunTime:0.000535s ]
INFO: [ app_end ] --END-- [ RunTime:0.000579s ]

[ 2017-12-06T13:25:05+08:00 ] 119.164.176.78 /hongbao/index.php/Share/share_success
INFO: [ app_init ] --START--
INFO: Run Behavior\BuildLiteBehavior [ RunTime:0.000022s ]
INFO: [ app_init ] --END-- [ RunTime:0.000398s ]
INFO: [ app_begin ] --START--
INFO: Run Behavior\ReadHtmlCacheBehavior [ RunTime:0.000605s ]
INFO: [ app_begin ] --END-- [ RunTime:0.000650s ]
SQL: SHOW COLUMNS FROM `hb_users` [ RunTime:0.0018s ]
SQL: UPDATE `hb_users` SET `share_time`='1512537905' WHERE ( id=12 ) [ RunTime:0.0023s ]
INFO: [ app_end ] --START--
INFO: Run Behavior\ShowPageTraceBehavior [ RunTime:0.001373s ]
INFO: [ app_end ] --END-- [ RunTime:0.001414s ]

[ 2017-12-06T13:25:05+08:00 ] 101.226.233.152 /hongbao/index.php/Share/share
INFO: [ app_init ] --START--
INFO: Run Behavior\BuildLiteBehavior [ RunTime:0.000017s ]
INFO: [ app_init ] --END-- [ RunTime:0.000384s ]
INFO: [ app_begin ] --START--
INFO: Run Behavior\ReadHtmlCacheBehavior [ RunTime:0.000579s ]
INFO: [ app_begin ] --END-- [ RunTime:0.000626s ]
SQL: SHOW COLUMNS FROM `hb_sharetitle` [ RunTime:0.0015s ]
SQL: SELECT * FROM `hb_sharetitle` LIMIT 1   [ RunTime:0.0012s ]
INFO: [ view_parse ] --START--
INFO: [ template_filter ] --START--
INFO: Run Behavior\ContentReplaceBehavior [ RunTime:0.000069s ]
INFO: [ template_filter ] --END-- [ RunTime:0.000121s ]
INFO: Run Behavior\ParseTemplateBehavior [ RunTime:0.005746s ]
INFO: [ view_parse ] --END-- [ RunTime:0.005804s ]
INFO: [ view_filter ] --START--
INFO: Run Behavior\WriteHtmlCacheBehavior [ RunTime:0.000230s ]
INFO: [ view_filter ] --END-- [ RunTime:0.000263s ]
INFO: [ app_end ] --START--
INFO: Run Behavior\ShowPageTraceBehavior [ RunTime:0.000520s ]
INFO: [ app_end ] --END-- [ RunTime:0.000564s ]

[ 2017-12-06T13:25:06+08:00 ] 119.164.176.78 /hongbao/index.php/Index/grab
INFO: [ app_init ] --START--
INFO: Run Behavior\BuildLiteBehavior [ RunTime:0.000018s ]
INFO: [ app_init ] --END-- [ RunTime:0.000371s ]
INFO: [ app_begin ] --START--
INFO: Run Behavior\ReadHtmlCacheBehavior [ RunTime:0.000597s ]
INFO: [ app_begin ] --END-- [ RunTime:0.000644s ]
SQL: SHOW COLUMNS FROM `hb_sharetitle` [ RunTime:0.0037s ]
SQL: SELECT * FROM `hb_sharetitle` LIMIT 1   [ RunTime:0.0014s ]
SQL: SHOW COLUMNS FROM `hb_detail` [ RunTime:0.0017s ]
SQL: SELECT `id` FROM `hb_detail` WHERE ( userid=12 and time between 1512489600 and 1512576000 and types='分享红包' ) LIMIT 1   [ RunTime:0.0013s ]
SQL: SHOW COLUMNS FROM `hb_users` [ RunTime:0.0017s ]
SQL: SELECT `share_time`,`share_num` FROM `hb_users` WHERE ( id=12 ) LIMIT 1   [ RunTime:0.0015s ]
SQL: UPDATE `hb_users` SET `money`=money+1.5 WHERE ( id=12 ) [ RunTime:0.0017s ]
SQL: UPDATE `hb_users` SET `share_num`=share_num+1 WHERE ( id=12 ) [ RunTime:0.0014s ]
SQL: INSERT INTO `hb_detail` (`userid`,`jine`,`time`,`types`,`username`) VALUES ('12','1.5','1512537906','分享红包','患得患失') [ RunTime:0.0015s ]

[ 2017-12-06T13:25:08+08:00 ] 119.164.176.78 /hongbao/index.php/Index/index
INFO: [ app_init ] --START--
INFO: Run Behavior\BuildLiteBehavior [ RunTime:0.000019s ]
INFO: [ app_init ] --END-- [ RunTime:0.000429s ]
INFO: [ app_begin ] --START--
INFO: Run Behavior\ReadHtmlCacheBehavior [ RunTime:0.000582s ]
INFO: [ app_begin ] --END-- [ RunTime:0.000628s ]
SQL: SHOW COLUMNS FROM `hb_sharetitle` [ RunTime:0.0019s ]
SQL: SELECT * FROM `hb_sharetitle` LIMIT 1   [ RunTime:0.0015s ]
SQL: SHOW COLUMNS FROM `hb_users` [ RunTime:0.0018s ]
SQL: SELECT * FROM `hb_users` WHERE ( id=12 ) LIMIT 1   [ RunTime:0.0016s ]
INFO: [ view_parse ] --START--
INFO: [ template_filter ] --START--
INFO: Run Behavior\ContentReplaceBehavior [ RunTime:0.000166s ]
INFO: [ template_filter ] --END-- [ RunTime:0.000211s ]
INFO: Run Behavior\ParseTemplateBehavior [ RunTime:0.009428s ]
INFO: [ view_parse ] --END-- [ RunTime:0.009474s ]
INFO: [ view_filter ] --START--
INFO: Run Behavior\WriteHtmlCacheBehavior [ RunTime:0.000234s ]
INFO: [ view_filter ] --END-- [ RunTime:0.000267s ]
INFO: [ app_end ] --START--
INFO: Run Behavior\ShowPageTraceBehavior [ RunTime:0.000479s ]
INFO: [ app_end ] --END-- [ RunTime:0.000521s ]

[ 2017-12-06T13:25:10+08:00 ] 119.164.176.78 /hongbao/index.php/Index/my_rp
INFO: [ app_init ] --START--
INFO: Run Behavior\BuildLiteBehavior [ RunTime:0.000019s ]
INFO: [ app_init ] --END-- [ RunTime:0.000419s ]
INFO: [ app_begin ] --START--
INFO: Run Behavior\ReadHtmlCacheBehavior [ RunTime:0.000597s ]
INFO: [ app_begin ] --END-- [ RunTime:0.000645s ]
SQL: SHOW COLUMNS FROM `hb_sharetitle` [ RunTime:0.0020s ]
SQL: SELECT * FROM `hb_sharetitle` LIMIT 1   [ RunTime:0.0017s ]
SQL: SHOW COLUMNS FROM `hb_users` [ RunTime:0.0019s ]
SQL: SELECT * FROM `hb_users` WHERE ( id=12 ) LIMIT 1   [ RunTime:0.0016s ]

[ 2017-12-06T13:25:10+08:00 ] 119.164.176.78 /hongbao/index.php/Index/my_rpjl
INFO: [ app_init ] --START--
INFO: Run Behavior\BuildLiteBehavior [ RunTime:0.000018s ]
INFO: [ app_init ] --END-- [ RunTime:0.000366s ]
INFO: [ app_begin ] --START--
INFO: Run Behavior\ReadHtmlCacheBehavior [ RunTime:0.000574s ]
INFO: [ app_begin ] --END-- [ RunTime:0.000624s ]
SQL: SHOW COLUMNS FROM `hb_sharetitle` [ RunTime:0.0014s ]
SQL: SELECT * FROM `hb_sharetitle` LIMIT 1   [ RunTime:0.0012s ]
SQL: SHOW COLUMNS FROM `hb_detail` [ RunTime:0.0014s ]
SQL: SELECT * FROM `hb_detail` WHERE ( userid=12 ) ORDER BY time desc  [ RunTime:0.0013s ]

[ 2017-12-06T13:27:17+08:00 ] 101.226.226.221 /hongbao/
INFO: [ app_init ] --START--
INFO: Run Behavior\BuildLiteBehavior [ RunTime:0.000030s ]
INFO: [ app_init ] --END-- [ RunTime:0.000433s ]
INFO: [ app_begin ] --START--
INFO: Run Behavior\ReadHtmlCacheBehavior [ RunTime:0.000659s ]
INFO: [ app_begin ] --END-- [ RunTime:0.000706s ]
INFO: [ app_end ] --START--
INFO: Run Behavior\ShowPageTraceBehavior [ RunTime:0.000512s ]
INFO: [ app_end ] --END-- [ RunTime:0.000557s ]

[ 2017-12-06T13:27:18+08:00 ] 101.226.226.221 /hongbao/index.php/Login/login_do?code=061h287m0MSvil16t68m0Cvd7m0h2871&state=STATE
INFO: [ app_init ] --START--
INFO: Run Behavior\BuildLiteBehavior [ RunTime:0.000023s ]
INFO: [ app_init ] --END-- [ RunTime:0.000402s ]
INFO: [ app_begin ] --START--
INFO: Run Behavior\ReadHtmlCacheBehavior [ RunTime:0.000624s ]
INFO: [ app_begin ] --END-- [ RunTime:0.000671s ]
SQL: SHOW COLUMNS FROM `hb_users` [ RunTime:0.0022s ]
SQL: SELECT * FROM `hb_users` WHERE ( openid='oDpc20ZclJHNiktttW7b-nCaQDcM' ) LIMIT 1   [ RunTime:0.0017s ]
SQL: UPDATE `hb_users` SET `wx_name`='Dunk杜永',`wx_photo`='http://wx.qlogo.cn/mmopen/vi_32/DYAIOgq83eqFgpCKwIWKBZiarPjoM9jIMGMdToJiaf3GkIusDPGYT6KJSwQdUwbk4WtA0c3WfuILysOmDCBSEqtw/0' WHERE ( openid='oDpc20ZclJHNiktttW7b-nCaQDcM' ) [ RunTime:0.0017s ]
SQL: SELECT * FROM `hb_users` WHERE ( openid='oDpc20ZclJHNiktttW7b-nCaQDcM' ) LIMIT 1   [ RunTime:0.0015s ]
INFO: [ app_end ] --START--
INFO: Run Behavior\ShowPageTraceBehavior [ RunTime:0.000714s ]
INFO: [ app_end ] --END-- [ RunTime:0.000757s ]

[ 2017-12-06T13:27:18+08:00 ] 101.226.226.221 /hongbao/index.php/Index/index.html
INFO: [ app_init ] --START--
INFO: Run Behavior\BuildLiteBehavior [ RunTime:0.000022s ]
INFO: [ app_init ] --END-- [ RunTime:0.000410s ]
INFO: [ app_begin ] --START--
INFO: Run Behavior\ReadHtmlCacheBehavior [ RunTime:0.000593s ]
INFO: [ app_begin ] --END-- [ RunTime:0.000658s ]
SQL: SHOW COLUMNS FROM `hb_sharetitle` [ RunTime:0.0018s ]
SQL: SELECT * FROM `hb_sharetitle` LIMIT 1   [ RunTime:0.0014s ]
SQL: SHOW COLUMNS FROM `hb_users` [ RunTime:0.0016s ]
SQL: SELECT * FROM `hb_users` WHERE ( id=56 ) LIMIT 1   [ RunTime:0.0015s ]
INFO: [ view_parse ] --START--
INFO: [ template_filter ] --START--
INFO: Run Behavior\ContentReplaceBehavior [ RunTime:0.000161s ]
INFO: [ template_filter ] --END-- [ RunTime:0.000206s ]
INFO: Run Behavior\ParseTemplateBehavior [ RunTime:0.009586s ]
INFO: [ view_parse ] --END-- [ RunTime:0.009631s ]
INFO: [ view_filter ] --START--
INFO: Run Behavior\WriteHtmlCacheBehavior [ RunTime:0.000236s ]
INFO: [ view_filter ] --END-- [ RunTime:0.000269s ]
INFO: [ app_end ] --START--
INFO: Run Behavior\ShowPageTraceBehavior [ RunTime:0.000493s ]
INFO: [ app_end ] --END-- [ RunTime:0.000536s ]

[ 2017-12-06T13:27:22+08:00 ] 101.226.226.221 /hongbao/index.php/Index/grab
INFO: [ app_init ] --START--
INFO: Run Behavior\BuildLiteBehavior [ RunTime:0.000017s ]
INFO: [ app_init ] --END-- [ RunTime:0.000365s ]
INFO: [ app_begin ] --START--
INFO: Run Behavior\ReadHtmlCacheBehavior [ RunTime:0.000591s ]
INFO: [ app_begin ] --END-- [ RunTime:0.000634s ]
SQL: SHOW COLUMNS FROM `hb_sharetitle` [ RunTime:0.0017s ]
SQL: SELECT * FROM `hb_sharetitle` LIMIT 1   [ RunTime:0.0013s ]
SQL: SHOW COLUMNS FROM `hb_detail` [ RunTime:0.0016s ]
SQL: SELECT `id` FROM `hb_detail` WHERE ( userid=56 and time between 1512489600 and 1512576000 and types='分享红包' ) LIMIT 1   [ RunTime:0.0016s ]
SQL: SHOW COLUMNS FROM `hb_users` [ RunTime:0.0017s ]
SQL: SELECT `share_time`,`share_num` FROM `hb_users` WHERE ( id=56 ) LIMIT 1   [ RunTime:0.0014s ]

[ 2017-12-06T13:27:33+08:00 ] 101.226.226.221 /hongbao/
INFO: [ app_init ] --START--
INFO: Run Behavior\BuildLiteBehavior [ RunTime:0.000020s ]
INFO: [ app_init ] --END-- [ RunTime:0.000456s ]
INFO: [ app_begin ] --START--
INFO: Run Behavior\ReadHtmlCacheBehavior [ RunTime:0.000658s ]
INFO: [ app_begin ] --END-- [ RunTime:0.000709s ]
INFO: [ app_end ] --START--
INFO: Run Behavior\ShowPageTraceBehavior [ RunTime:0.000615s ]
INFO: [ app_end ] --END-- [ RunTime:0.000660s ]

[ 2017-12-06T13:27:34+08:00 ] 101.226.226.221 /hongbao/index.php/Login/login_do?code=011B8Enz0Q6apg1xb4nz0TzCnz0B8EnK&state=STATE
INFO: [ app_init ] --START--
INFO: Run Behavior\BuildLiteBehavior [ RunTime:0.000020s ]
INFO: [ app_init ] --END-- [ RunTime:0.000389s ]
INFO: [ app_begin ] --START--
INFO: Run Behavior\ReadHtmlCacheBehavior [ RunTime:0.000602s ]
INFO: [ app_begin ] --END-- [ RunTime:0.000655s ]
SQL: SHOW COLUMNS FROM `hb_users` [ RunTime:0.0021s ]
SQL: SELECT * FROM `hb_users` WHERE ( openid='oDpc20ZclJHNiktttW7b-nCaQDcM' ) LIMIT 1   [ RunTime:0.0018s ]
SQL: UPDATE `hb_users` SET `wx_name`='Dunk杜永',`wx_photo`='http://wx.qlogo.cn/mmopen/vi_32/DYAIOgq83eqFgpCKwIWKBZiarPjoM9jIMGMdToJiaf3GkIusDPGYT6KJSwQdUwbk4WtA0c3WfuILysOmDCBSEqtw/0' WHERE ( openid='oDpc20ZclJHNiktttW7b-nCaQDcM' ) [ RunTime:0.0018s ]
SQL: SELECT * FROM `hb_users` WHERE ( openid='oDpc20ZclJHNiktttW7b-nCaQDcM' ) LIMIT 1   [ RunTime:0.0017s ]
INFO: [ app_end ] --START--
INFO: Run Behavior\ShowPageTraceBehavior [ RunTime:0.000704s ]
INFO: [ app_end ] --END-- [ RunTime:0.000746s ]

[ 2017-12-06T13:27:35+08:00 ] 101.226.226.221 /hongbao/index.php/Index/index.html
INFO: [ app_init ] --START--
INFO: Run Behavior\BuildLiteBehavior [ RunTime:0.000017s ]
INFO: [ app_init ] --END-- [ RunTime:0.000395s ]
INFO: [ app_begin ] --START--
INFO: Run Behavior\ReadHtmlCacheBehavior [ RunTime:0.000572s ]
INFO: [ app_begin ] --END-- [ RunTime:0.000620s ]
SQL: SHOW COLUMNS FROM `hb_sharetitle` [ RunTime:0.0020s ]
SQL: SELECT * FROM `hb_sharetitle` LIMIT 1   [ RunTime:0.0016s ]
SQL: SHOW COLUMNS FROM `hb_users` [ RunTime:0.0019s ]
SQL: SELECT * FROM `hb_users` WHERE ( id=56 ) LIMIT 1   [ RunTime:0.0022s ]
INFO: [ view_parse ] --START--
INFO: [ template_filter ] --START--
INFO: Run Behavior\ContentReplaceBehavior [ RunTime:0.000172s ]
INFO: [ template_filter ] --END-- [ RunTime:0.000215s ]
INFO: Run Behavior\ParseTemplateBehavior [ RunTime:0.009314s ]
INFO: [ view_parse ] --END-- [ RunTime:0.009360s ]
INFO: [ view_filter ] --START--
INFO: Run Behavior\WriteHtmlCacheBehavior [ RunTime:0.000265s ]
INFO: [ view_filter ] --END-- [ RunTime:0.000298s ]
INFO: [ app_end ] --START--
INFO: Run Behavior\ShowPageTraceBehavior [ RunTime:0.000491s ]
INFO: [ app_end ] --END-- [ RunTime:0.000530s ]

[ 2017-12-06T13:27:47+08:00 ] 101.226.226.221 /hongbao/index.php/Share/share_success
INFO: [ app_init ] --START--
INFO: Run Behavior\BuildLiteBehavior [ RunTime:0.000018s ]
INFO: [ app_init ] --END-- [ RunTime:0.000377s ]
INFO: [ app_begin ] --START--
INFO: Run Behavior\ReadHtmlCacheBehavior [ RunTime:0.000603s ]
INFO: [ app_begin ] --END-- [ RunTime:0.000650s ]
SQL: SHOW COLUMNS FROM `hb_users` [ RunTime:0.0017s ]
SQL: UPDATE `hb_users` SET `share_time`='1512538067' WHERE ( id=56 ) [ RunTime:0.0014s ]
INFO: [ app_end ] --START--
INFO: Run Behavior\ShowPageTraceBehavior [ RunTime:0.000602s ]
INFO: [ app_end ] --END-- [ RunTime:0.000643s ]

[ 2017-12-06T13:27:52+08:00 ] 101.226.233.145 /hongbao/index.php/Share/share
INFO: [ app_init ] --START--
INFO: Run Behavior\BuildLiteBehavior [ RunTime:0.000025s ]
INFO: [ app_init ] --END-- [ RunTime:0.000478s ]
INFO: [ app_begin ] --START--
INFO: Run Behavior\ReadHtmlCacheBehavior [ RunTime:0.000625s ]
INFO: [ app_begin ] --END-- [ RunTime:0.000705s ]
SQL: SHOW COLUMNS FROM `hb_sharetitle` [ RunTime:0.0018s ]
SQL: SELECT * FROM `hb_sharetitle` LIMIT 1   [ RunTime:0.0014s ]
INFO: [ view_parse ] --START--
INFO: [ template_filter ] --START--
INFO: Run Behavior\ContentReplaceBehavior [ RunTime:0.000069s ]
INFO: [ template_filter ] --END-- [ RunTime:0.000116s ]
INFO: Run Behavior\ParseTemplateBehavior [ RunTime:0.006118s ]
INFO: [ view_parse ] --END-- [ RunTime:0.006167s ]
INFO: [ view_filter ] --START--
INFO: Run Behavior\WriteHtmlCacheBehavior [ RunTime:0.000260s ]
INFO: [ view_filter ] --END-- [ RunTime:0.000293s ]
INFO: [ app_end ] --START--
INFO: Run Behavior\ShowPageTraceBehavior [ RunTime:0.000568s ]
INFO: [ app_end ] --END-- [ RunTime:0.000632s ]

[ 2017-12-06T13:27:57+08:00 ] 101.226.226.221 /hongbao/
INFO: [ app_init ] --START--
INFO: Run Behavior\BuildLiteBehavior [ RunTime:0.000017s ]
INFO: [ app_init ] --END-- [ RunTime:0.000360s ]
INFO: [ app_begin ] --START--
INFO: Run Behavior\ReadHtmlCacheBehavior [ RunTime:0.000560s ]
INFO: [ app_begin ] --END-- [ RunTime:0.000607s ]
INFO: [ app_end ] --START--
INFO: Run Behavior\ShowPageTraceBehavior [ RunTime:0.000504s ]
INFO: [ app_end ] --END-- [ RunTime:0.000548s ]

[ 2017-12-06T13:27:58+08:00 ] 101.226.226.221 /hongbao/index.php/Login/login_do?code=021feYNf2kpRuB0c2FRf2G5JNf2feYNe&state=STATE
INFO: [ app_init ] --START--
INFO: Run Behavior\BuildLiteBehavior [ RunTime:0.000021s ]
INFO: [ app_init ] --END-- [ RunTime:0.000374s ]
INFO: [ app_begin ] --START--
INFO: Run Behavior\ReadHtmlCacheBehavior [ RunTime:0.000600s ]
INFO: [ app_begin ] --END-- [ RunTime:0.000645s ]
SQL: SHOW COLUMNS FROM `hb_users` [ RunTime:0.0018s ]
SQL: SELECT * FROM `hb_users` WHERE ( openid='oDpc20ZclJHNiktttW7b-nCaQDcM' ) LIMIT 1   [ RunTime:0.0015s ]
SQL: UPDATE `hb_users` SET `wx_name`='Dunk杜永',`wx_photo`='http://wx.qlogo.cn/mmopen/vi_32/DYAIOgq83eqFgpCKwIWKBZiarPjoM9jIMGMdToJiaf3GkIusDPGYT6KJSwQdUwbk4WtA0c3WfuILysOmDCBSEqtw/0' WHERE ( openid='oDpc20ZclJHNiktttW7b-nCaQDcM' ) [ RunTime:0.0015s ]
SQL: SELECT * FROM `hb_users` WHERE ( openid='oDpc20ZclJHNiktttW7b-nCaQDcM' ) LIMIT 1   [ RunTime:0.0014s ]
INFO: [ app_end ] --START--
INFO: Run Behavior\ShowPageTraceBehavior [ RunTime:0.000526s ]
INFO: [ app_end ] --END-- [ RunTime:0.000568s ]

[ 2017-12-06T13:27:59+08:00 ] 101.226.226.221 /hongbao/index.php/Index/index.html
INFO: [ app_init ] --START--
INFO: Run Behavior\BuildLiteBehavior [ RunTime:0.000045s ]
INFO: [ app_init ] --END-- [ RunTime:0.000420s ]
INFO: [ app_begin ] --START--
INFO: Run Behavior\ReadHtmlCacheBehavior [ RunTime:0.000593s ]
INFO: [ app_begin ] --END-- [ RunTime:0.000641s ]
SQL: SHOW COLUMNS FROM `hb_sharetitle` [ RunTime:0.0019s ]
SQL: SELECT * FROM `hb_sharetitle` LIMIT 1   [ RunTime:0.0016s ]
SQL: SHOW COLUMNS FROM `hb_users` [ RunTime:0.0020s ]
SQL: SELECT * FROM `hb_users` WHERE ( id=56 ) LIMIT 1   [ RunTime:0.0019s ]
INFO: [ view_parse ] --START--
INFO: [ template_filter ] --START--
INFO: Run Behavior\ContentReplaceBehavior [ RunTime:0.000160s ]
INFO: [ template_filter ] --END-- [ RunTime:0.000203s ]
INFO: Run Behavior\ParseTemplateBehavior [ RunTime:0.009441s ]
INFO: [ view_parse ] --END-- [ RunTime:0.009487s ]
INFO: [ view_filter ] --START--
INFO: Run Behavior\WriteHtmlCacheBehavior [ RunTime:0.000236s ]
INFO: [ view_filter ] --END-- [ RunTime:0.000269s ]
INFO: [ app_end ] --START--
INFO: Run Behavior\ShowPageTraceBehavior [ RunTime:0.000511s ]
INFO: [ app_end ] --END-- [ RunTime:0.000551s ]

[ 2017-12-06T13:28:01+08:00 ] 120.204.17.70 /hongbao/index.php/Share/share
INFO: [ app_init ] --START--
INFO: Run Behavior\BuildLiteBehavior [ RunTime:0.000017s ]
INFO: [ app_init ] --END-- [ RunTime:0.000430s ]
INFO: [ app_begin ] --START--
INFO: Run Behavior\ReadHtmlCacheBehavior [ RunTime:0.000607s ]
INFO: [ app_begin ] --END-- [ RunTime:0.000654s ]
SQL: SHOW COLUMNS FROM `hb_sharetitle` [ RunTime:0.0016s ]
SQL: SELECT * FROM `hb_sharetitle` LIMIT 1   [ RunTime:0.0012s ]
INFO: [ view_parse ] --START--
INFO: [ template_filter ] --START--
INFO: Run Behavior\ContentReplaceBehavior [ RunTime:0.000065s ]
INFO: [ template_filter ] --END-- [ RunTime:0.000110s ]
INFO: Run Behavior\ParseTemplateBehavior [ RunTime:0.005795s ]
INFO: [ view_parse ] --END-- [ RunTime:0.005842s ]
INFO: [ view_filter ] --START--
INFO: Run Behavior\WriteHtmlCacheBehavior [ RunTime:0.000238s ]
INFO: [ view_filter ] --END-- [ RunTime:0.000270s ]
INFO: [ app_end ] --START--
INFO: Run Behavior\ShowPageTraceBehavior [ RunTime:0.000509s ]
INFO: [ app_end ] --END-- [ RunTime:0.000553s ]

[ 2017-12-06T13:29:16+08:00 ] 101.226.226.221 /hongbao/
INFO: [ app_init ] --START--
INFO: Run Behavior\BuildLiteBehavior [ RunTime:0.000025s ]
INFO: [ app_init ] --END-- [ RunTime:0.000453s ]
INFO: [ app_begin ] --START--
INFO: Run Behavior\ReadHtmlCacheBehavior [ RunTime:0.000582s ]
INFO: [ app_begin ] --END-- [ RunTime:0.000640s ]
INFO: [ app_end ] --START--
INFO: Run Behavior\ShowPageTraceBehavior [ RunTime:0.000522s ]
INFO: [ app_end ] --END-- [ RunTime:0.000578s ]

[ 2017-12-06T13:29:17+08:00 ] 101.226.226.221 /hongbao/index.php/Login/login_do?code=071vgNum1L6tvi0Sqcsm1RuPum1vgNuF&state=STATE
INFO: [ app_init ] --START--
INFO: Run Behavior\BuildLiteBehavior [ RunTime:0.000017s ]
INFO: [ app_init ] --END-- [ RunTime:0.000409s ]
INFO: [ app_begin ] --START--
INFO: Run Behavior\ReadHtmlCacheBehavior [ RunTime:0.000561s ]
INFO: [ app_begin ] --END-- [ RunTime:0.000609s ]
SQL: SHOW COLUMNS FROM `hb_users` [ RunTime:0.0022s ]
SQL: SELECT * FROM `hb_users` WHERE ( openid='oDpc20ZclJHNiktttW7b-nCaQDcM' ) LIMIT 1   [ RunTime:0.0017s ]
SQL: UPDATE `hb_users` SET `wx_name`='Dunk杜永',`wx_photo`='http://wx.qlogo.cn/mmopen/vi_32/DYAIOgq83eqFgpCKwIWKBZiarPjoM9jIMGMdToJiaf3GkIusDPGYT6KJSwQdUwbk4WtA0c3WfuILysOmDCBSEqtw/0' WHERE ( openid='oDpc20ZclJHNiktttW7b-nCaQDcM' ) [ RunTime:0.0018s ]
SQL: SELECT * FROM `hb_users` WHERE ( openid='oDpc20ZclJHNiktttW7b-nCaQDcM' ) LIMIT 1   [ RunTime:0.0017s ]
INFO: [ app_end ] --START--
INFO: Run Behavior\ShowPageTraceBehavior [ RunTime:0.000566s ]
INFO: [ app_end ] --END-- [ RunTime:0.000609s ]

[ 2017-12-06T13:29:17+08:00 ] 101.226.226.221 /hongbao/index.php/Index/index.html
INFO: [ app_init ] --START--
INFO: Run Behavior\BuildLiteBehavior [ RunTime:0.000019s ]
INFO: [ app_init ] --END-- [ RunTime:0.000396s ]
INFO: [ app_begin ] --START--
INFO: Run Behavior\ReadHtmlCacheBehavior [ RunTime:0.000592s ]
INFO: [ app_begin ] --END-- [ RunTime:0.000641s ]
SQL: SHOW COLUMNS FROM `hb_sharetitle` [ RunTime:0.0018s ]
SQL: SELECT * FROM `hb_sharetitle` LIMIT 1   [ RunTime:0.0014s ]
SQL: SHOW COLUMNS FROM `hb_users` [ RunTime:0.0017s ]
SQL: SELECT * FROM `hb_users` WHERE ( id=56 ) LIMIT 1   [ RunTime:0.0014s ]
INFO: [ view_parse ] --START--
INFO: [ template_filter ] --START--
INFO: Run Behavior\ContentReplaceBehavior [ RunTime:0.000185s ]
INFO: [ template_filter ] --END-- [ RunTime:0.000242s ]
INFO: Run Behavior\ParseTemplateBehavior [ RunTime:0.009711s ]
INFO: [ view_parse ] --END-- [ RunTime:0.009758s ]
INFO: [ view_filter ] --START--
INFO: Run Behavior\WriteHtmlCacheBehavior [ RunTime:0.000241s ]
INFO: [ view_filter ] --END-- [ RunTime:0.000275s ]
INFO: [ app_end ] --START--
INFO: Run Behavior\ShowPageTraceBehavior [ RunTime:0.000582s ]
INFO: [ app_end ] --END-- [ RunTime:0.000633s ]

[ 2017-12-06T13:29:19+08:00 ] 101.226.226.221 /hongbao/index.php/Index/grab
INFO: [ app_init ] --START--
INFO: Run Behavior\BuildLiteBehavior [ RunTime:0.000044s ]
INFO: [ app_init ] --END-- [ RunTime:0.000414s ]
INFO: [ app_begin ] --START--
INFO: Run Behavior\ReadHtmlCacheBehavior [ RunTime:0.000608s ]
INFO: [ app_begin ] --END-- [ RunTime:0.000652s ]
SQL: SHOW COLUMNS FROM `hb_sharetitle` [ RunTime:0.0031s ]
SQL: SELECT * FROM `hb_sharetitle` LIMIT 1   [ RunTime:0.0012s ]
SQL: SHOW COLUMNS FROM `hb_detail` [ RunTime:0.0015s ]
SQL: SELECT `id` FROM `hb_detail` WHERE ( userid=56 and time between 1512489600 and 1512576000 and types='分享红包' ) LIMIT 1   [ RunTime:0.0012s ]
SQL: SHOW COLUMNS FROM `hb_users` [ RunTime:0.0015s ]
SQL: SELECT `share_time`,`share_num` FROM `hb_users` WHERE ( id=56 ) LIMIT 1   [ RunTime:0.0013s ]
SQL: UPDATE `hb_users` SET `money`=money+2 WHERE ( id=56 ) [ RunTime:0.0013s ]
SQL: UPDATE `hb_users` SET `share_num`=share_num+1 WHERE ( id=56 ) [ RunTime:0.0012s ]
SQL: INSERT INTO `hb_detail` (`userid`,`jine`,`time`,`types`,`username`) VALUES ('56','2','1512538159','分享红包','Dunk杜永') [ RunTime:0.0013s ]

[ 2017-12-06T13:29:22+08:00 ] 101.226.226.221 /hongbao/index.php/Index/index
INFO: [ app_init ] --START--
INFO: Run Behavior\BuildLiteBehavior [ RunTime:0.000019s ]
INFO: [ app_init ] --END-- [ RunTime:0.000375s ]
INFO: [ app_begin ] --START--
INFO: Run Behavior\ReadHtmlCacheBehavior [ RunTime:0.000596s ]
INFO: [ app_begin ] --END-- [ RunTime:0.000643s ]
SQL: SHOW COLUMNS FROM `hb_sharetitle` [ RunTime:0.0016s ]
SQL: SELECT * FROM `hb_sharetitle` LIMIT 1   [ RunTime:0.0012s ]
SQL: SHOW COLUMNS FROM `hb_users` [ RunTime:0.0016s ]
SQL: SELECT * FROM `hb_users` WHERE ( id=56 ) LIMIT 1   [ RunTime:0.0013s ]
INFO: [ view_parse ] --START--
INFO: [ template_filter ] --START--
INFO: Run Behavior\ContentReplaceBehavior [ RunTime:0.000175s ]
INFO: [ template_filter ] --END-- [ RunTime:0.000217s ]
INFO: Run Behavior\ParseTemplateBehavior [ RunTime:0.009369s ]
INFO: [ view_parse ] --END-- [ RunTime:0.009413s ]
INFO: [ view_filter ] --START--
INFO: Run Behavior\WriteHtmlCacheBehavior [ RunTime:0.000260s ]
INFO: [ view_filter ] --END-- [ RunTime:0.000294s ]
INFO: [ app_end ] --START--
INFO: Run Behavior\ShowPageTraceBehavior [ RunTime:0.000496s ]
INFO: [ app_end ] --END-- [ RunTime:0.000536s ]

[ 2017-12-06T13:29:48+08:00 ] 101.226.226.221 /hongbao/
INFO: [ app_init ] --START--
INFO: Run Behavior\BuildLiteBehavior [ RunTime:0.000019s ]
INFO: [ app_init ] --END-- [ RunTime:0.000381s ]
INFO: [ app_begin ] --START--
INFO: Run Behavior\ReadHtmlCacheBehavior [ RunTime:0.000610s ]
INFO: [ app_begin ] --END-- [ RunTime:0.000659s ]
INFO: [ app_end ] --START--
INFO: Run Behavior\ShowPageTraceBehavior [ RunTime:0.000752s ]
INFO: [ app_end ] --END-- [ RunTime:0.000817s ]

[ 2017-12-06T13:29:49+08:00 ] 101.226.226.221 /hongbao/index.php/Login/login_do?code=08198iYN0ZKL8a2o311O0suZXN098iYa&state=STATE
INFO: [ app_init ] --START--
INFO: Run Behavior\BuildLiteBehavior [ RunTime:0.000022s ]
INFO: [ app_init ] --END-- [ RunTime:0.000413s ]
INFO: [ app_begin ] --START--
INFO: Run Behavior\ReadHtmlCacheBehavior [ RunTime:0.000632s ]
INFO: [ app_begin ] --END-- [ RunTime:0.000763s ]
SQL: SHOW COLUMNS FROM `hb_users` [ RunTime:0.0019s ]
SQL: SELECT * FROM `hb_users` WHERE ( openid='oDpc20ZclJHNiktttW7b-nCaQDcM' ) LIMIT 1   [ RunTime:0.0016s ]
SQL: UPDATE `hb_users` SET `wx_name`='Dunk杜永',`wx_photo`='http://wx.qlogo.cn/mmopen/vi_32/DYAIOgq83eqFgpCKwIWKBZiarPjoM9jIMGMdToJiaf3GkIusDPGYT6KJSwQdUwbk4WtA0c3WfuILysOmDCBSEqtw/0' WHERE ( openid='oDpc20ZclJHNiktttW7b-nCaQDcM' ) [ RunTime:0.0015s ]
SQL: SELECT * FROM `hb_users` WHERE ( openid='oDpc20ZclJHNiktttW7b-nCaQDcM' ) LIMIT 1   [ RunTime:0.0014s ]
INFO: [ app_end ] --START--
INFO: Run Behavior\ShowPageTraceBehavior [ RunTime:0.000917s ]
INFO: [ app_end ] --END-- [ RunTime:0.000978s ]

[ 2017-12-06T13:29:50+08:00 ] 101.226.226.221 /hongbao/index.php/Index/index.html
INFO: [ app_init ] --START--
INFO: Run Behavior\BuildLiteBehavior [ RunTime:0.000020s ]
INFO: [ app_init ] --END-- [ RunTime:0.000405s ]
INFO: [ app_begin ] --START--
INFO: Run Behavior\ReadHtmlCacheBehavior [ RunTime:0.000632s ]
INFO: [ app_begin ] --END-- [ RunTime:0.000680s ]
SQL: SHOW COLUMNS FROM `hb_sharetitle` [ RunTime:0.0017s ]
SQL: SELECT * FROM `hb_sharetitle` LIMIT 1   [ RunTime:0.0014s ]
SQL: SHOW COLUMNS FROM `hb_users` [ RunTime:0.0016s ]
SQL: SELECT * FROM `hb_users` WHERE ( id=56 ) LIMIT 1   [ RunTime:0.0014s ]
INFO: [ view_parse ] --START--
INFO: [ template_filter ] --START--
INFO: Run Behavior\ContentReplaceBehavior [ RunTime:0.000166s ]
INFO: [ template_filter ] --END-- [ RunTime:0.000218s ]
INFO: Run Behavior\ParseTemplateBehavior [ RunTime:0.009755s ]
INFO: [ view_parse ] --END-- [ RunTime:0.009807s ]
INFO: [ view_filter ] --START--
INFO: Run Behavior\WriteHtmlCacheBehavior [ RunTime:0.000259s ]
INFO: [ view_filter ] --END-- [ RunTime:0.000293s ]
INFO: [ app_end ] --START--
INFO: Run Behavior\ShowPageTraceBehavior [ RunTime:0.000555s ]
INFO: [ app_end ] --END-- [ RunTime:0.000597s ]

[ 2017-12-06T13:29:51+08:00 ] 101.226.226.221 /hongbao/index.php/Index/grab
INFO: [ app_init ] --START--
INFO: Run Behavior\BuildLiteBehavior [ RunTime:0.000022s ]
INFO: [ app_init ] --END-- [ RunTime:0.000421s ]
INFO: [ app_begin ] --START--
INFO: Run Behavior\ReadHtmlCacheBehavior [ RunTime:0.000705s ]
INFO: [ app_begin ] --END-- [ RunTime:0.000751s ]
SQL: SHOW COLUMNS FROM `hb_sharetitle` [ RunTime:0.0017s ]
SQL: SELECT * FROM `hb_sharetitle` LIMIT 1   [ RunTime:0.0013s ]
SQL: SHOW COLUMNS FROM `hb_detail` [ RunTime:0.0016s ]
SQL: SELECT `id` FROM `hb_detail` WHERE ( userid=56 and time between 1512489600 and 1512576000 and types='分享红包' ) LIMIT 1   [ RunTime:0.0015s ]

