[ 2017-11-30T11:40:10+08:00 ] 123.151.76.248 /hongbao/
INFO: [ app_init ] --START--
INFO: Run Behavior\BuildLiteBehavior [ RunTime:0.000024s ]
INFO: [ app_init ] --END-- [ RunTime:0.000443s ]
INFO: [ app_begin ] --START--
INFO: Run Behavior\ReadHtmlCacheBehavior [ RunTime:0.000612s ]
INFO: [ app_begin ] --END-- [ RunTime:0.000678s ]
INFO: [ app_end ] --START--
INFO: Run Behavior\ShowPageTraceBehavior [ RunTime:0.000796s ]
INFO: [ app_end ] --END-- [ RunTime:0.000863s ]

[ 2017-11-30T11:40:12+08:00 ] 123.151.76.248 /hongbao/index.php/Login/login_do?code=001X04hU12p60V0GksgU1j0WgU1X04hY&state=STATE
INFO: [ app_init ] --START--
INFO: Run Behavior\BuildLiteBehavior [ RunTime:0.000020s ]
INFO: [ app_init ] --END-- [ RunTime:0.000407s ]
INFO: [ app_begin ] --START--
INFO: Run Behavior\ReadHtmlCacheBehavior [ RunTime:0.000658s ]
INFO: [ app_begin ] --END-- [ RunTime:0.000719s ]
SQL: SHOW COLUMNS FROM `hb_users` [ RunTime:0.0022s ]
SQL: SELECT * FROM `hb_users` WHERE ( openid='oDpc20XYr5QP35yYciNQ-VmsbMzs' ) LIMIT 1   [ RunTime:0.0018s ]
SQL: UPDATE `hb_users` SET `wx_name`='红',`wx_photo`='http://wx.qlogo.cn/mmopen/vi_32/DYAIOgq83epTkhsHSHyJ6N3zKhesDVaC23RPhUbickBa4qW8qf0onPkQVbdkflzXviaSmjVzXKibm7via4ntefUAKg/0' WHERE ( openid='oDpc20XYr5QP35yYciNQ-VmsbMzs' ) [ RunTime:0.0018s ]
SQL: SELECT * FROM `hb_users` WHERE ( openid='oDpc20XYr5QP35yYciNQ-VmsbMzs' ) LIMIT 1   [ RunTime:0.0017s ]
INFO: [ app_end ] --START--
INFO: Run Behavior\ShowPageTraceBehavior [ RunTime:0.000659s ]
INFO: [ app_end ] --END-- [ RunTime:0.000705s ]

[ 2017-11-30T11:40:12+08:00 ] 123.151.76.248 /hongbao/index.php/Index/index.html
INFO: [ app_init ] --START--
INFO: Run Behavior\BuildLiteBehavior [ RunTime:0.000018s ]
INFO: [ app_init ] --END-- [ RunTime:0.000380s ]
INFO: [ app_begin ] --START--
INFO: Run Behavior\ReadHtmlCacheBehavior [ RunTime:0.000619s ]
INFO: [ app_begin ] --END-- [ RunTime:0.000666s ]
SQL: SHOW COLUMNS FROM `hb_sharetitle` [ RunTime:0.0020s ]
SQL: SELECT * FROM `hb_sharetitle` LIMIT 1   [ RunTime:0.0017s ]
SQL: SHOW COLUMNS FROM `hb_users` [ RunTime:0.0019s ]
SQL: SELECT * FROM `hb_users` WHERE ( id=16 ) LIMIT 1   [ RunTime:0.0017s ]
INFO: [ view_parse ] --START--
INFO: [ template_filter ] --START--
INFO: Run Behavior\ContentReplaceBehavior [ RunTime:0.000175s ]
INFO: [ template_filter ] --END-- [ RunTime:0.000268s ]
INFO: Run Behavior\ParseTemplateBehavior [ RunTime:0.010071s ]
INFO: [ view_parse ] --END-- [ RunTime:0.010136s ]
INFO: [ view_filter ] --START--
INFO: Run Behavior\WriteHtmlCacheBehavior [ RunTime:0.000255s ]
INFO: [ view_filter ] --END-- [ RunTime:0.000290s ]
INFO: [ app_end ] --START--
INFO: Run Behavior\ShowPageTraceBehavior [ RunTime:0.000530s ]
INFO: [ app_end ] --END-- [ RunTime:0.000575s ]

[ 2017-11-30T11:40:15+08:00 ] 123.151.76.248 /hongbao/index.php/Index/grab
INFO: [ app_init ] --START--
INFO: Run Behavior\BuildLiteBehavior [ RunTime:0.000021s ]
INFO: [ app_init ] --END-- [ RunTime:0.000417s ]
INFO: [ app_begin ] --START--
INFO: Run Behavior\ReadHtmlCacheBehavior [ RunTime:0.000626s ]
INFO: [ app_begin ] --END-- [ RunTime:0.000670s ]
SQL: SHOW COLUMNS FROM `hb_sharetitle` [ RunTime:0.0018s ]
SQL: SELECT * FROM `hb_sharetitle` LIMIT 1   [ RunTime:0.0014s ]
SQL: SHOW COLUMNS FROM `hb_detail` [ RunTime:0.0019s ]
SQL: SELECT `id` FROM `hb_detail` WHERE ( userid=16 and time between 1511971200 and 1512057600 and types='分享红包' ) LIMIT 1   [ RunTime:0.0021s ]
SQL: SHOW COLUMNS FROM `hb_users` [ RunTime:0.0017s ]
SQL: SELECT `share_time`,`share_num` FROM `hb_users` WHERE ( id=16 ) LIMIT 1   [ RunTime:0.0015s ]

[ 2017-11-30T11:40:26+08:00 ] 123.151.76.248 /hongbao/index.php/Share/share_success
INFO: [ app_init ] --START--
INFO: Run Behavior\BuildLiteBehavior [ RunTime:0.000023s ]
INFO: [ app_init ] --END-- [ RunTime:0.000565s ]
INFO: [ app_begin ] --START--
INFO: Run Behavior\ReadHtmlCacheBehavior [ RunTime:0.000729s ]
INFO: [ app_begin ] --END-- [ RunTime:0.000780s ]
SQL: SHOW COLUMNS FROM `hb_users` [ RunTime:0.0016s ]
SQL: UPDATE `hb_users` SET `share_time`='1512013226' WHERE ( id=16 ) [ RunTime:0.0013s ]
INFO: [ app_end ] --START--
INFO: Run Behavior\ShowPageTraceBehavior [ RunTime:0.000566s ]
INFO: [ app_end ] --END-- [ RunTime:0.000607s ]

[ 2017-11-30T11:40:29+08:00 ] 125.39.46.46 /hongbao/index.php/Index/grab
INFO: [ app_init ] --START--
INFO: Run Behavior\BuildLiteBehavior [ RunTime:0.000019s ]
INFO: [ app_init ] --END-- [ RunTime:0.000528s ]
INFO: [ app_begin ] --START--
INFO: Run Behavior\ReadHtmlCacheBehavior [ RunTime:0.000666s ]
INFO: [ app_begin ] --END-- [ RunTime:0.000711s ]
SQL: SHOW COLUMNS FROM `hb_sharetitle` [ RunTime:0.0021s ]
SQL: SELECT * FROM `hb_sharetitle` LIMIT 1   [ RunTime:0.0015s ]
SQL: SHOW COLUMNS FROM `hb_detail` [ RunTime:0.0018s ]
SQL: SELECT `id` FROM `hb_detail` WHERE ( userid=16 and time between 1511971200 and 1512057600 and types='分享红包' ) LIMIT 1   [ RunTime:0.0015s ]
SQL: SHOW COLUMNS FROM `hb_users` [ RunTime:0.0018s ]
SQL: SELECT `share_time`,`share_num` FROM `hb_users` WHERE ( id=16 ) LIMIT 1   [ RunTime:0.0016s ]
NOTIC: [8] Undefined variable: shrare_num /data/home/bxu2347690191/htdocs/hongbao/app/Home/Controller/IndexController.class.php 第 52 行.
NOTIC: [8] Undefined variable: hb_num /data/home/bxu2347690191/htdocs/hongbao/app/Home/Controller/IndexController.class.php 第 61 行.
ERR: 1064:You have an error in your SQL syntax; check the manual that corresponds to your MySQL server version for the right syntax to use near 'WHERE ( id=16 )' at line 1
 [ SQL语句 ] : UPDATE `hb_users` SET `money`=money+ WHERE ( id=16 )
ERR: 1064:You have an error in your SQL syntax; check the manual that corresponds to your MySQL server version for the right syntax to use near 'WHERE ( id=16 )' at line 1
 [ SQL语句 ] : UPDATE `hb_users` SET `money`=money+ WHERE ( id=16 )

[ 2017-11-30T11:40:29+08:00 ] 101.226.233.141 /hongbao/index.php/Share/share
INFO: [ app_init ] --START--
INFO: Run Behavior\BuildLiteBehavior [ RunTime:0.000024s ]
INFO: [ app_init ] --END-- [ RunTime:0.000572s ]
INFO: [ app_begin ] --START--
INFO: Run Behavior\ReadHtmlCacheBehavior [ RunTime:0.000751s ]
INFO: [ app_begin ] --END-- [ RunTime:0.000812s ]
SQL: SHOW COLUMNS FROM `hb_sharetitle` [ RunTime:0.0018s ]
SQL: SELECT * FROM `hb_sharetitle` LIMIT 1   [ RunTime:0.0013s ]
INFO: [ view_parse ] --START--
INFO: [ template_filter ] --START--
INFO: Run Behavior\ContentReplaceBehavior [ RunTime:0.000070s ]
INFO: [ template_filter ] --END-- [ RunTime:0.000118s ]
INFO: Run Behavior\ParseTemplateBehavior [ RunTime:0.006051s ]
INFO: [ view_parse ] --END-- [ RunTime:0.006104s ]
INFO: [ view_filter ] --START--
INFO: Run Behavior\WriteHtmlCacheBehavior [ RunTime:0.000242s ]
INFO: [ view_filter ] --END-- [ RunTime:0.000275s ]
INFO: [ app_end ] --START--
INFO: Run Behavior\ShowPageTraceBehavior [ RunTime:0.000534s ]
INFO: [ app_end ] --END-- [ RunTime:0.000575s ]

[ 2017-11-30T11:40:31+08:00 ] 123.151.76.248 /hongbao/index.php/Index/grab
INFO: [ app_init ] --START--
INFO: Run Behavior\BuildLiteBehavior [ RunTime:0.000025s ]
INFO: [ app_init ] --END-- [ RunTime:0.000509s ]
INFO: [ app_begin ] --START--
INFO: Run Behavior\ReadHtmlCacheBehavior [ RunTime:0.000850s ]
INFO: [ app_begin ] --END-- [ RunTime:0.000911s ]
SQL: SHOW COLUMNS FROM `hb_sharetitle` [ RunTime:0.0018s ]
SQL: SELECT * FROM `hb_sharetitle` LIMIT 1   [ RunTime:0.0012s ]
SQL: SHOW COLUMNS FROM `hb_detail` [ RunTime:0.0016s ]
SQL: SELECT `id` FROM `hb_detail` WHERE ( userid=16 and time between 1511971200 and 1512057600 and types='分享红包' ) LIMIT 1   [ RunTime:0.0012s ]
SQL: SHOW COLUMNS FROM `hb_users` [ RunTime:0.0015s ]
SQL: SELECT `share_time`,`share_num` FROM `hb_users` WHERE ( id=16 ) LIMIT 1   [ RunTime:0.0012s ]
NOTIC: [8] Undefined variable: shrare_num /data/home/bxu2347690191/htdocs/hongbao/app/Home/Controller/IndexController.class.php 第 52 行.
NOTIC: [8] Undefined variable: hb_num /data/home/bxu2347690191/htdocs/hongbao/app/Home/Controller/IndexController.class.php 第 61 行.
ERR: 1064:You have an error in your SQL syntax; check the manual that corresponds to your MySQL server version for the right syntax to use near 'WHERE ( id=16 )' at line 1
 [ SQL语句 ] : UPDATE `hb_users` SET `money`=money+ WHERE ( id=16 )
ERR: 1064:You have an error in your SQL syntax; check the manual that corresponds to your MySQL server version for the right syntax to use near 'WHERE ( id=16 )' at line 1
 [ SQL语句 ] : UPDATE `hb_users` SET `money`=money+ WHERE ( id=16 )

[ 2017-11-30T11:40:31+08:00 ] 123.151.76.248 /hongbao/index.php/Index/grab
INFO: [ app_init ] --START--
INFO: Run Behavior\BuildLiteBehavior [ RunTime:0.000018s ]
INFO: [ app_init ] --END-- [ RunTime:0.000373s ]
INFO: [ app_begin ] --START--
INFO: Run Behavior\ReadHtmlCacheBehavior [ RunTime:0.000601s ]
INFO: [ app_begin ] --END-- [ RunTime:0.000646s ]
SQL: SHOW COLUMNS FROM `hb_sharetitle` [ RunTime:0.0017s ]
SQL: SELECT * FROM `hb_sharetitle` LIMIT 1   [ RunTime:0.0012s ]
SQL: SHOW COLUMNS FROM `hb_detail` [ RunTime:0.0015s ]
SQL: SELECT `id` FROM `hb_detail` WHERE ( userid=16 and time between 1511971200 and 1512057600 and types='分享红包' ) LIMIT 1   [ RunTime:0.0012s ]
SQL: SHOW COLUMNS FROM `hb_users` [ RunTime:0.0016s ]
SQL: SELECT `share_time`,`share_num` FROM `hb_users` WHERE ( id=16 ) LIMIT 1   [ RunTime:0.0012s ]
NOTIC: [8] Undefined variable: shrare_num /data/home/bxu2347690191/htdocs/hongbao/app/Home/Controller/IndexController.class.php 第 52 行.
NOTIC: [8] Undefined variable: hb_num /data/home/bxu2347690191/htdocs/hongbao/app/Home/Controller/IndexController.class.php 第 61 行.
ERR: 1064:You have an error in your SQL syntax; check the manual that corresponds to your MySQL server version for the right syntax to use near 'WHERE ( id=16 )' at line 1
 [ SQL语句 ] : UPDATE `hb_users` SET `money`=money+ WHERE ( id=16 )
ERR: 1064:You have an error in your SQL syntax; check the manual that corresponds to your MySQL server version for the right syntax to use near 'WHERE ( id=16 )' at line 1
 [ SQL语句 ] : UPDATE `hb_users` SET `money`=money+ WHERE ( id=16 )

[ 2017-11-30T11:40:32+08:00 ] 123.151.76.248 /hongbao/index.php/Index/grab
INFO: [ app_init ] --START--
INFO: Run Behavior\BuildLiteBehavior [ RunTime:0.000030s ]
INFO: [ app_init ] --END-- [ RunTime:0.000658s ]
INFO: [ app_begin ] --START--
INFO: Run Behavior\ReadHtmlCacheBehavior [ RunTime:0.000873s ]
INFO: [ app_begin ] --END-- [ RunTime:0.000935s ]
SQL: SHOW COLUMNS FROM `hb_sharetitle` [ RunTime:0.0016s ]
SQL: SELECT * FROM `hb_sharetitle` LIMIT 1   [ RunTime:0.0012s ]
SQL: SHOW COLUMNS FROM `hb_detail` [ RunTime:0.0014s ]
SQL: SELECT `id` FROM `hb_detail` WHERE ( userid=16 and time between 1511971200 and 1512057600 and types='分享红包' ) LIMIT 1   [ RunTime:0.0012s ]
SQL: SHOW COLUMNS FROM `hb_users` [ RunTime:0.0015s ]
SQL: SELECT `share_time`,`share_num` FROM `hb_users` WHERE ( id=16 ) LIMIT 1   [ RunTime:0.0012s ]
NOTIC: [8] Undefined variable: shrare_num /data/home/bxu2347690191/htdocs/hongbao/app/Home/Controller/IndexController.class.php 第 52 行.
NOTIC: [8] Undefined variable: hb_num /data/home/bxu2347690191/htdocs/hongbao/app/Home/Controller/IndexController.class.php 第 61 行.
ERR: 1064:You have an error in your SQL syntax; check the manual that corresponds to your MySQL server version for the right syntax to use near 'WHERE ( id=16 )' at line 1
 [ SQL语句 ] : UPDATE `hb_users` SET `money`=money+ WHERE ( id=16 )
ERR: 1064:You have an error in your SQL syntax; check the manual that corresponds to your MySQL server version for the right syntax to use near 'WHERE ( id=16 )' at line 1
 [ SQL语句 ] : UPDATE `hb_users` SET `money`=money+ WHERE ( id=16 )

[ 2017-11-30T11:40:39+08:00 ] 183.192.201.97 /hongbao/index.php/Share/share
INFO: [ app_init ] --START--
INFO: Run Behavior\BuildLiteBehavior [ RunTime:0.000018s ]
INFO: [ app_init ] --END-- [ RunTime:0.000368s ]
INFO: [ app_begin ] --START--
INFO: Run Behavior\ReadHtmlCacheBehavior [ RunTime:0.000672s ]
INFO: [ app_begin ] --END-- [ RunTime:0.000729s ]
SQL: SHOW COLUMNS FROM `hb_sharetitle` [ RunTime:0.0018s ]
SQL: SELECT * FROM `hb_sharetitle` LIMIT 1   [ RunTime:0.0014s ]
INFO: [ view_parse ] --START--
INFO: [ template_filter ] --START--
INFO: Run Behavior\ContentReplaceBehavior [ RunTime:0.000087s ]
INFO: [ template_filter ] --END-- [ RunTime:0.000139s ]
INFO: Run Behavior\ParseTemplateBehavior [ RunTime:0.006353s ]
INFO: [ view_parse ] --END-- [ RunTime:0.006404s ]
INFO: [ view_filter ] --START--
INFO: Run Behavior\WriteHtmlCacheBehavior [ RunTime:0.000255s ]
INFO: [ view_filter ] --END-- [ RunTime:0.000291s ]
INFO: [ app_end ] --START--
INFO: Run Behavior\ShowPageTraceBehavior [ RunTime:0.000744s ]
INFO: [ app_end ] --END-- [ RunTime:0.000813s ]

[ 2017-11-30T11:41:15+08:00 ] 125.39.46.46 /hongbao/index.php/Share/share?from=timeline
INFO: [ app_init ] --START--
INFO: Run Behavior\BuildLiteBehavior [ RunTime:0.000022s ]
INFO: [ app_init ] --END-- [ RunTime:0.000433s ]
INFO: [ app_begin ] --START--
INFO: Run Behavior\ReadHtmlCacheBehavior [ RunTime:0.000648s ]
INFO: [ app_begin ] --END-- [ RunTime:0.000720s ]
SQL: SHOW COLUMNS FROM `hb_sharetitle` [ RunTime:0.0029s ]
SQL: SELECT * FROM `hb_sharetitle` LIMIT 1   [ RunTime:0.0016s ]
INFO: [ view_parse ] --START--
INFO: [ template_filter ] --START--
INFO: Run Behavior\ContentReplaceBehavior [ RunTime:0.000100s ]
INFO: [ template_filter ] --END-- [ RunTime:0.000163s ]
INFO: Run Behavior\ParseTemplateBehavior [ RunTime:0.006164s ]
INFO: [ view_parse ] --END-- [ RunTime:0.006225s ]
INFO: [ view_filter ] --START--
INFO: Run Behavior\WriteHtmlCacheBehavior [ RunTime:0.000294s ]
INFO: [ view_filter ] --END-- [ RunTime:0.000343s ]
INFO: [ app_end ] --START--
INFO: Run Behavior\ShowPageTraceBehavior [ RunTime:0.000586s ]
INFO: [ app_end ] --END-- [ RunTime:0.000640s ]

[ 2017-11-30T11:41:24+08:00 ] 124.133.205.77 /hongbao/index.php/Share/share?from=timeline&isappinstalled=0
INFO: [ app_init ] --START--
INFO: Run Behavior\BuildLiteBehavior [ RunTime:0.000029s ]
INFO: [ app_init ] --END-- [ RunTime:0.000534s ]
INFO: [ app_begin ] --START--
INFO: Run Behavior\ReadHtmlCacheBehavior [ RunTime:0.000768s ]
INFO: [ app_begin ] --END-- [ RunTime:0.000846s ]
SQL: SHOW COLUMNS FROM `hb_sharetitle` [ RunTime:0.0019s ]
SQL: SELECT * FROM `hb_sharetitle` LIMIT 1   [ RunTime:0.0014s ]
INFO: [ view_parse ] --START--
INFO: [ template_filter ] --START--
INFO: Run Behavior\ContentReplaceBehavior [ RunTime:0.000072s ]
INFO: [ template_filter ] --END-- [ RunTime:0.000123s ]
INFO: Run Behavior\ParseTemplateBehavior [ RunTime:0.006042s ]
INFO: [ view_parse ] --END-- [ RunTime:0.006090s ]
INFO: [ view_filter ] --START--
INFO: Run Behavior\WriteHtmlCacheBehavior [ RunTime:0.000236s ]
INFO: [ view_filter ] --END-- [ RunTime:0.000269s ]
INFO: [ app_end ] --START--
INFO: Run Behavior\ShowPageTraceBehavior [ RunTime:0.000506s ]
INFO: [ app_end ] --END-- [ RunTime:0.000552s ]

[ 2017-11-30T17:51:25+08:00 ] 112.230.103.99 /hongbao/index.php/Share/share?from=timeline&isappinstalled=0
INFO: [ app_init ] --START--
INFO: Run Behavior\BuildLiteBehavior [ RunTime:0.000021s ]
INFO: [ app_init ] --END-- [ RunTime:0.000383s ]
INFO: [ app_begin ] --START--
INFO: Run Behavior\ReadHtmlCacheBehavior [ RunTime:0.000601s ]
INFO: [ app_begin ] --END-- [ RunTime:0.000649s ]
SQL: SHOW COLUMNS FROM `hb_sharetitle` [ RunTime:0.0021s ]
SQL: SELECT * FROM `hb_sharetitle` LIMIT 1   [ RunTime:0.0017s ]
INFO: [ view_parse ] --START--
INFO: [ template_filter ] --START--
INFO: Run Behavior\ContentReplaceBehavior [ RunTime:0.000078s ]
INFO: [ template_filter ] --END-- [ RunTime:0.000157s ]
INFO: Run Behavior\ParseTemplateBehavior [ RunTime:0.006989s ]
INFO: [ view_parse ] --END-- [ RunTime:0.007039s ]
INFO: [ view_filter ] --START--
INFO: Run Behavior\WriteHtmlCacheBehavior [ RunTime:0.000222s ]
INFO: [ view_filter ] --END-- [ RunTime:0.000256s ]
INFO: [ app_end ] --START--
INFO: Run Behavior\ShowPageTraceBehavior [ RunTime:0.000614s ]
INFO: [ app_end ] --END-- [ RunTime:0.000666s ]

[ 2017-11-30T17:51:34+08:00 ] 120.204.17.67 /hongbao/index.php/Share/share?from=timeline&isappinstalled=0
INFO: [ app_init ] --START--
INFO: Run Behavior\BuildLiteBehavior [ RunTime:0.000018s ]
INFO: [ app_init ] --END-- [ RunTime:0.000413s ]
INFO: [ app_begin ] --START--
INFO: Run Behavior\ReadHtmlCacheBehavior [ RunTime:0.000539s ]
INFO: [ app_begin ] --END-- [ RunTime:0.000587s ]
SQL: SHOW COLUMNS FROM `hb_sharetitle` [ RunTime:0.0016s ]
SQL: SELECT * FROM `hb_sharetitle` LIMIT 1   [ RunTime:0.0012s ]
INFO: [ view_parse ] --START--
INFO: [ template_filter ] --START--
INFO: Run Behavior\ContentReplaceBehavior [ RunTime:0.000066s ]
INFO: [ template_filter ] --END-- [ RunTime:0.000111s ]
INFO: Run Behavior\ParseTemplateBehavior [ RunTime:0.006126s ]
INFO: [ view_parse ] --END-- [ RunTime:0.006189s ]
INFO: [ view_filter ] --START--
INFO: Run Behavior\WriteHtmlCacheBehavior [ RunTime:0.000223s ]
INFO: [ view_filter ] --END-- [ RunTime:0.000258s ]
INFO: [ app_end ] --START--
INFO: Run Behavior\ShowPageTraceBehavior [ RunTime:0.000501s ]
INFO: [ app_end ] --END-- [ RunTime:0.000546s ]

