[ 2017-12-13T12:16:03+08:00 ] 123.151.76.248 /hongbao/
INFO: [ app_init ] --START--
INFO: Run Behavior\BuildLiteBehavior [ RunTime:0.000040s ]
INFO: [ app_init ] --END-- [ RunTime:0.000474s ]
INFO: [ app_begin ] --START--
INFO: Run Behavior\ReadHtmlCacheBehavior [ RunTime:0.000635s ]
INFO: [ app_begin ] --END-- [ RunTime:0.000719s ]
INFO: [ app_end ] --START--
INFO: Run Behavior\ShowPageTraceBehavior [ RunTime:0.000552s ]
INFO: [ app_end ] --END-- [ RunTime:0.000604s ]

[ 2017-12-13T12:16:04+08:00 ] 123.151.76.248 /hongbao/index.php/Login/login_do?code=061S8MDY05Icq223ifFY0hSODY0S8MDG&state=STATE
INFO: [ app_init ] --START--
INFO: Run Behavior\BuildLiteBehavior [ RunTime:0.000030s ]
INFO: [ app_init ] --END-- [ RunTime:0.000643s ]
INFO: [ app_begin ] --START--
INFO: Run Behavior\ReadHtmlCacheBehavior [ RunTime:0.000812s ]
INFO: [ app_begin ] --END-- [ RunTime:0.000876s ]
SQL: SHOW COLUMNS FROM `hb_users` [ RunTime:0.0025s ]
SQL: SELECT * FROM `hb_users` WHERE ( openid='oDpc20XYr5QP35yYciNQ-VmsbMzs' ) LIMIT 1   [ RunTime:0.0019s ]
SQL: UPDATE `hb_users` SET `wx_name`='红',`wx_photo`='http://wx.qlogo.cn/mmopen/vi_32/DYAIOgq83epTkhsHSHyJ6N3zKhesDVaC23RPhUbickBa4qW8qf0onPkQVbdkflzXviaSmjVzXKibm7via4ntefUAKg/0' WHERE ( openid='oDpc20XYr5QP35yYciNQ-VmsbMzs' ) [ RunTime:0.0018s ]
SQL: SELECT * FROM `hb_users` WHERE ( openid='oDpc20XYr5QP35yYciNQ-VmsbMzs' ) LIMIT 1   [ RunTime:0.0017s ]
INFO: [ app_end ] --START--
INFO: Run Behavior\ShowPageTraceBehavior [ RunTime:0.000764s ]
INFO: [ app_end ] --END-- [ RunTime:0.000807s ]

[ 2017-12-13T12:16:05+08:00 ] 123.151.76.248 /hongbao/index.php/Index/index.html
INFO: [ app_init ] --START--
INFO: Run Behavior\BuildLiteBehavior [ RunTime:0.000019s ]
INFO: [ app_init ] --END-- [ RunTime:0.000449s ]
INFO: [ app_begin ] --START--
INFO: Run Behavior\ReadHtmlCacheBehavior [ RunTime:0.000632s ]
INFO: [ app_begin ] --END-- [ RunTime:0.000712s ]
SQL: SHOW COLUMNS FROM `hb_sharetitle` [ RunTime:0.0023s ]
SQL: SELECT * FROM `hb_sharetitle` LIMIT 1   [ RunTime:0.0018s ]
SQL: SHOW COLUMNS FROM `hb_users` [ RunTime:0.0022s ]
SQL: SELECT * FROM `hb_users` WHERE ( id=16 ) LIMIT 1   [ RunTime:0.0020s ]
INFO: [ view_parse ] --START--
INFO: [ template_filter ] --START--
INFO: Run Behavior\ContentReplaceBehavior [ RunTime:0.000176s ]
INFO: [ template_filter ] --END-- [ RunTime:0.000239s ]
INFO: Run Behavior\ParseTemplateBehavior [ RunTime:0.011380s ]
INFO: [ view_parse ] --END-- [ RunTime:0.011456s ]
INFO: [ view_filter ] --START--
INFO: Run Behavior\WriteHtmlCacheBehavior [ RunTime:0.000301s ]
INFO: [ view_filter ] --END-- [ RunTime:0.000337s ]
INFO: [ app_end ] --START--
INFO: Run Behavior\ShowPageTraceBehavior [ RunTime:0.000639s ]
INFO: [ app_end ] --END-- [ RunTime:0.000691s ]

[ 2017-12-13T12:16:09+08:00 ] 123.151.76.248 /hongbao/index.php/Index/grab
INFO: [ app_init ] --START--
INFO: Run Behavior\BuildLiteBehavior [ RunTime:0.000018s ]
INFO: [ app_init ] --END-- [ RunTime:0.000373s ]
INFO: [ app_begin ] --START--
INFO: Run Behavior\ReadHtmlCacheBehavior [ RunTime:0.000653s ]
INFO: [ app_begin ] --END-- [ RunTime:0.000708s ]
SQL: SHOW COLUMNS FROM `hb_sharetitle` [ RunTime:0.0018s ]
SQL: SELECT * FROM `hb_sharetitle` LIMIT 1   [ RunTime:0.0013s ]
SQL: SHOW COLUMNS FROM `hb_detail` [ RunTime:0.0016s ]
SQL: SELECT `id` FROM `hb_detail` WHERE ( userid=16 and time between 1513094400 and 1513180800 and types='分享红包' ) LIMIT 1   [ RunTime:0.0013s ]
SQL: SHOW COLUMNS FROM `hb_users` [ RunTime:0.0015s ]
SQL: SELECT `share_time`,`share_num` FROM `hb_users` WHERE ( id=16 ) LIMIT 1   [ RunTime:0.0013s ]

[ 2017-12-13T12:16:21+08:00 ] 123.151.76.248 /hongbao/index.php/Share/share_success
INFO: [ app_init ] --START--
INFO: Run Behavior\BuildLiteBehavior [ RunTime:0.000019s ]
INFO: [ app_init ] --END-- [ RunTime:0.000445s ]
INFO: [ app_begin ] --START--
INFO: Run Behavior\ReadHtmlCacheBehavior [ RunTime:0.000607s ]
INFO: [ app_begin ] --END-- [ RunTime:0.000653s ]
SQL: SHOW COLUMNS FROM `hb_users` [ RunTime:0.0017s ]
SQL: UPDATE `hb_users` SET `share_time`='1513138581' WHERE ( id=16 ) [ RunTime:0.0014s ]
INFO: [ app_end ] --START--
INFO: Run Behavior\ShowPageTraceBehavior [ RunTime:0.000926s ]
INFO: [ app_end ] --END-- [ RunTime:0.000991s ]

[ 2017-12-13T12:16:25+08:00 ] 123.151.76.248 /hongbao/index.php/Index/grab
INFO: [ app_init ] --START--
INFO: Run Behavior\BuildLiteBehavior [ RunTime:0.000018s ]
INFO: [ app_init ] --END-- [ RunTime:0.000376s ]
INFO: [ app_begin ] --START--
INFO: Run Behavior\ReadHtmlCacheBehavior [ RunTime:0.000654s ]
INFO: [ app_begin ] --END-- [ RunTime:0.000699s ]
SQL: SHOW COLUMNS FROM `hb_sharetitle` [ RunTime:0.0017s ]
SQL: SELECT * FROM `hb_sharetitle` LIMIT 1   [ RunTime:0.0013s ]
SQL: SHOW COLUMNS FROM `hb_detail` [ RunTime:0.0017s ]
SQL: SELECT `id` FROM `hb_detail` WHERE ( userid=16 and time between 1513094400 and 1513180800 and types='分享红包' ) LIMIT 1   [ RunTime:0.0014s ]
SQL: SHOW COLUMNS FROM `hb_users` [ RunTime:0.0018s ]
SQL: SELECT `share_time`,`share_num` FROM `hb_users` WHERE ( id=16 ) LIMIT 1   [ RunTime:0.0015s ]
NOTIC: [8] Undefined variable: shrare_num /data/home/bxu2347690191/htdocs/hongbao/app/Home/Controller/IndexController.class.php 第 52 行.
NOTIC: [8] Undefined variable: hb_num /data/home/bxu2347690191/htdocs/hongbao/app/Home/Controller/IndexController.class.php 第 61 行.
ERR: 1064:You have an error in your SQL syntax; check the manual that corresponds to your MySQL server version for the right syntax to use near 'WHERE ( id=16 )' at line 1
 [ SQL语句 ] : UPDATE `hb_users` SET `money`=money+ WHERE ( id=16 )
ERR: 1064:You have an error in your SQL syntax; check the manual that corresponds to your MySQL server version for the right syntax to use near 'WHERE ( id=16 )' at line 1
 [ SQL语句 ] : UPDATE `hb_users` SET `money`=money+ WHERE ( id=16 )

[ 2017-12-13T12:16:26+08:00 ] 123.151.76.248 /hongbao/index.php/Index/grab
INFO: [ app_init ] --START--
INFO: Run Behavior\BuildLiteBehavior [ RunTime:0.000018s ]
INFO: [ app_init ] --END-- [ RunTime:0.000397s ]
INFO: [ app_begin ] --START--
INFO: Run Behavior\ReadHtmlCacheBehavior [ RunTime:0.000608s ]
INFO: [ app_begin ] --END-- [ RunTime:0.000652s ]
SQL: SHOW COLUMNS FROM `hb_sharetitle` [ RunTime:0.0017s ]
SQL: SELECT * FROM `hb_sharetitle` LIMIT 1   [ RunTime:0.0013s ]
SQL: SHOW COLUMNS FROM `hb_detail` [ RunTime:0.0016s ]
SQL: SELECT `id` FROM `hb_detail` WHERE ( userid=16 and time between 1513094400 and 1513180800 and types='分享红包' ) LIMIT 1   [ RunTime:0.0012s ]
SQL: SHOW COLUMNS FROM `hb_users` [ RunTime:0.0015s ]
SQL: SELECT `share_time`,`share_num` FROM `hb_users` WHERE ( id=16 ) LIMIT 1   [ RunTime:0.0012s ]
NOTIC: [8] Undefined variable: shrare_num /data/home/bxu2347690191/htdocs/hongbao/app/Home/Controller/IndexController.class.php 第 52 行.
NOTIC: [8] Undefined variable: hb_num /data/home/bxu2347690191/htdocs/hongbao/app/Home/Controller/IndexController.class.php 第 61 行.
ERR: 1064:You have an error in your SQL syntax; check the manual that corresponds to your MySQL server version for the right syntax to use near 'WHERE ( id=16 )' at line 1
 [ SQL语句 ] : UPDATE `hb_users` SET `money`=money+ WHERE ( id=16 )
ERR: 1064:You have an error in your SQL syntax; check the manual that corresponds to your MySQL server version for the right syntax to use near 'WHERE ( id=16 )' at line 1
 [ SQL语句 ] : UPDATE `hb_users` SET `money`=money+ WHERE ( id=16 )

[ 2017-12-13T12:16:27+08:00 ] 123.151.76.248 /hongbao/index.php/Index/grab
INFO: [ app_init ] --START--
INFO: Run Behavior\BuildLiteBehavior [ RunTime:0.000018s ]
INFO: [ app_init ] --END-- [ RunTime:0.000381s ]
INFO: [ app_begin ] --START--
INFO: Run Behavior\ReadHtmlCacheBehavior [ RunTime:0.000621s ]
INFO: [ app_begin ] --END-- [ RunTime:0.000675s ]
SQL: SHOW COLUMNS FROM `hb_sharetitle` [ RunTime:0.0017s ]
SQL: SELECT * FROM `hb_sharetitle` LIMIT 1   [ RunTime:0.0012s ]
SQL: SHOW COLUMNS FROM `hb_detail` [ RunTime:0.0016s ]
SQL: SELECT `id` FROM `hb_detail` WHERE ( userid=16 and time between 1513094400 and 1513180800 and types='分享红包' ) LIMIT 1   [ RunTime:0.0012s ]
SQL: SHOW COLUMNS FROM `hb_users` [ RunTime:0.0024s ]
SQL: SELECT `share_time`,`share_num` FROM `hb_users` WHERE ( id=16 ) LIMIT 1   [ RunTime:0.0012s ]
NOTIC: [8] Undefined variable: shrare_num /data/home/bxu2347690191/htdocs/hongbao/app/Home/Controller/IndexController.class.php 第 52 行.
NOTIC: [8] Undefined variable: hb_num /data/home/bxu2347690191/htdocs/hongbao/app/Home/Controller/IndexController.class.php 第 61 行.
ERR: 1064:You have an error in your SQL syntax; check the manual that corresponds to your MySQL server version for the right syntax to use near 'WHERE ( id=16 )' at line 1
 [ SQL语句 ] : UPDATE `hb_users` SET `money`=money+ WHERE ( id=16 )
ERR: 1064:You have an error in your SQL syntax; check the manual that corresponds to your MySQL server version for the right syntax to use near 'WHERE ( id=16 )' at line 1
 [ SQL语句 ] : UPDATE `hb_users` SET `money`=money+ WHERE ( id=16 )

[ 2017-12-13T12:16:27+08:00 ] 123.151.76.248 /hongbao/index.php/Index/grab
INFO: [ app_init ] --START--
INFO: Run Behavior\BuildLiteBehavior [ RunTime:0.000017s ]
INFO: [ app_init ] --END-- [ RunTime:0.000393s ]
INFO: [ app_begin ] --START--
INFO: Run Behavior\ReadHtmlCacheBehavior [ RunTime:0.000597s ]
INFO: [ app_begin ] --END-- [ RunTime:0.000642s ]
SQL: SHOW COLUMNS FROM `hb_sharetitle` [ RunTime:0.0020s ]
SQL: SELECT * FROM `hb_sharetitle` LIMIT 1   [ RunTime:0.0016s ]
SQL: SHOW COLUMNS FROM `hb_detail` [ RunTime:0.0020s ]
SQL: SELECT `id` FROM `hb_detail` WHERE ( userid=16 and time between 1513094400 and 1513180800 and types='分享红包' ) LIMIT 1   [ RunTime:0.0016s ]
SQL: SHOW COLUMNS FROM `hb_users` [ RunTime:0.0021s ]
SQL: SELECT `share_time`,`share_num` FROM `hb_users` WHERE ( id=16 ) LIMIT 1   [ RunTime:0.0016s ]
NOTIC: [8] Undefined variable: shrare_num /data/home/bxu2347690191/htdocs/hongbao/app/Home/Controller/IndexController.class.php 第 52 行.
NOTIC: [8] Undefined variable: hb_num /data/home/bxu2347690191/htdocs/hongbao/app/Home/Controller/IndexController.class.php 第 61 行.
ERR: 1064:You have an error in your SQL syntax; check the manual that corresponds to your MySQL server version for the right syntax to use near 'WHERE ( id=16 )' at line 1
 [ SQL语句 ] : UPDATE `hb_users` SET `money`=money+ WHERE ( id=16 )
ERR: 1064:You have an error in your SQL syntax; check the manual that corresponds to your MySQL server version for the right syntax to use near 'WHERE ( id=16 )' at line 1
 [ SQL语句 ] : UPDATE `hb_users` SET `money`=money+ WHERE ( id=16 )

[ 2017-12-13T12:16:28+08:00 ] 101.226.233.152 /hongbao/index.php/Share/share
INFO: [ app_init ] --START--
INFO: Run Behavior\BuildLiteBehavior [ RunTime:0.000017s ]
INFO: [ app_init ] --END-- [ RunTime:0.000397s ]
INFO: [ app_begin ] --START--
INFO: Run Behavior\ReadHtmlCacheBehavior [ RunTime:0.000583s ]
INFO: [ app_begin ] --END-- [ RunTime:0.000630s ]
SQL: SHOW COLUMNS FROM `hb_sharetitle` [ RunTime:0.0021s ]
SQL: SELECT * FROM `hb_sharetitle` LIMIT 1   [ RunTime:0.0016s ]
INFO: [ view_parse ] --START--
INFO: [ template_filter ] --START--
INFO: Run Behavior\ContentReplaceBehavior [ RunTime:0.000066s ]
INFO: [ template_filter ] --END-- [ RunTime:0.000112s ]
INFO: Run Behavior\ParseTemplateBehavior [ RunTime:0.006261s ]
INFO: [ view_parse ] --END-- [ RunTime:0.006309s ]
INFO: [ view_filter ] --START--
INFO: Run Behavior\WriteHtmlCacheBehavior [ RunTime:0.000297s ]
INFO: [ view_filter ] --END-- [ RunTime:0.000330s ]
INFO: [ app_end ] --START--
INFO: Run Behavior\ShowPageTraceBehavior [ RunTime:0.000556s ]
INFO: [ app_end ] --END-- [ RunTime:0.000602s ]

[ 2017-12-13T12:16:28+08:00 ] 123.151.76.248 /hongbao/index.php/Index/grab
INFO: [ app_init ] --START--
INFO: Run Behavior\BuildLiteBehavior [ RunTime:0.000017s ]
INFO: [ app_init ] --END-- [ RunTime:0.000371s ]
INFO: [ app_begin ] --START--
INFO: Run Behavior\ReadHtmlCacheBehavior [ RunTime:0.000611s ]
INFO: [ app_begin ] --END-- [ RunTime:0.000675s ]
SQL: SHOW COLUMNS FROM `hb_sharetitle` [ RunTime:0.0019s ]
SQL: SELECT * FROM `hb_sharetitle` LIMIT 1   [ RunTime:0.0015s ]
SQL: SHOW COLUMNS FROM `hb_detail` [ RunTime:0.0019s ]
SQL: SELECT `id` FROM `hb_detail` WHERE ( userid=16 and time between 1513094400 and 1513180800 and types='分享红包' ) LIMIT 1   [ RunTime:0.0016s ]
SQL: SHOW COLUMNS FROM `hb_users` [ RunTime:0.0020s ]
SQL: SELECT `share_time`,`share_num` FROM `hb_users` WHERE ( id=16 ) LIMIT 1   [ RunTime:0.0016s ]
NOTIC: [8] Undefined variable: shrare_num /data/home/bxu2347690191/htdocs/hongbao/app/Home/Controller/IndexController.class.php 第 52 行.
NOTIC: [8] Undefined variable: hb_num /data/home/bxu2347690191/htdocs/hongbao/app/Home/Controller/IndexController.class.php 第 61 行.
ERR: 1064:You have an error in your SQL syntax; check the manual that corresponds to your MySQL server version for the right syntax to use near 'WHERE ( id=16 )' at line 1
 [ SQL语句 ] : UPDATE `hb_users` SET `money`=money+ WHERE ( id=16 )
ERR: 1064:You have an error in your SQL syntax; check the manual that corresponds to your MySQL server version for the right syntax to use near 'WHERE ( id=16 )' at line 1
 [ SQL语句 ] : UPDATE `hb_users` SET `money`=money+ WHERE ( id=16 )

[ 2017-12-13T12:16:28+08:00 ] 123.151.76.248 /hongbao/index.php/Index/grab
INFO: [ app_init ] --START--
INFO: Run Behavior\BuildLiteBehavior [ RunTime:0.000017s ]
INFO: [ app_init ] --END-- [ RunTime:0.000428s ]
INFO: [ app_begin ] --START--
INFO: Run Behavior\ReadHtmlCacheBehavior [ RunTime:0.000617s ]
INFO: [ app_begin ] --END-- [ RunTime:0.000661s ]
SQL: SHOW COLUMNS FROM `hb_sharetitle` [ RunTime:0.0021s ]
SQL: SELECT * FROM `hb_sharetitle` LIMIT 1   [ RunTime:0.0016s ]
SQL: SHOW COLUMNS FROM `hb_detail` [ RunTime:0.0019s ]
SQL: SELECT `id` FROM `hb_detail` WHERE ( userid=16 and time between 1513094400 and 1513180800 and types='分享红包' ) LIMIT 1   [ RunTime:0.0016s ]
SQL: SHOW COLUMNS FROM `hb_users` [ RunTime:0.0019s ]
SQL: SELECT `share_time`,`share_num` FROM `hb_users` WHERE ( id=16 ) LIMIT 1   [ RunTime:0.0016s ]
NOTIC: [8] Undefined variable: shrare_num /data/home/bxu2347690191/htdocs/hongbao/app/Home/Controller/IndexController.class.php 第 52 行.
NOTIC: [8] Undefined variable: hb_num /data/home/bxu2347690191/htdocs/hongbao/app/Home/Controller/IndexController.class.php 第 61 行.
ERR: 1064:You have an error in your SQL syntax; check the manual that corresponds to your MySQL server version for the right syntax to use near 'WHERE ( id=16 )' at line 1
 [ SQL语句 ] : UPDATE `hb_users` SET `money`=money+ WHERE ( id=16 )
ERR: 1064:You have an error in your SQL syntax; check the manual that corresponds to your MySQL server version for the right syntax to use near 'WHERE ( id=16 )' at line 1
 [ SQL语句 ] : UPDATE `hb_users` SET `money`=money+ WHERE ( id=16 )

[ 2017-12-13T12:16:35+08:00 ] 123.151.76.248 /hongbao/index.php/Index/grab
INFO: [ app_init ] --START--
INFO: Run Behavior\BuildLiteBehavior [ RunTime:0.000018s ]
INFO: [ app_init ] --END-- [ RunTime:0.000397s ]
INFO: [ app_begin ] --START--
INFO: Run Behavior\ReadHtmlCacheBehavior [ RunTime:0.000602s ]
INFO: [ app_begin ] --END-- [ RunTime:0.000652s ]
SQL: SHOW COLUMNS FROM `hb_sharetitle` [ RunTime:0.0019s ]
SQL: SELECT * FROM `hb_sharetitle` LIMIT 1   [ RunTime:0.0014s ]
SQL: SHOW COLUMNS FROM `hb_detail` [ RunTime:0.0017s ]
SQL: SELECT `id` FROM `hb_detail` WHERE ( userid=16 and time between 1513094400 and 1513180800 and types='分享红包' ) LIMIT 1   [ RunTime:0.0015s ]
SQL: SHOW COLUMNS FROM `hb_users` [ RunTime:0.0018s ]
SQL: SELECT `share_time`,`share_num` FROM `hb_users` WHERE ( id=16 ) LIMIT 1   [ RunTime:0.0015s ]
NOTIC: [8] Undefined variable: shrare_num /data/home/bxu2347690191/htdocs/hongbao/app/Home/Controller/IndexController.class.php 第 52 行.
NOTIC: [8] Undefined variable: hb_num /data/home/bxu2347690191/htdocs/hongbao/app/Home/Controller/IndexController.class.php 第 61 行.
ERR: 1064:You have an error in your SQL syntax; check the manual that corresponds to your MySQL server version for the right syntax to use near 'WHERE ( id=16 )' at line 1
 [ SQL语句 ] : UPDATE `hb_users` SET `money`=money+ WHERE ( id=16 )
ERR: 1064:You have an error in your SQL syntax; check the manual that corresponds to your MySQL server version for the right syntax to use near 'WHERE ( id=16 )' at line 1
 [ SQL语句 ] : UPDATE `hb_users` SET `money`=money+ WHERE ( id=16 )

[ 2017-12-13T12:16:36+08:00 ] 125.39.46.46 /hongbao/index.php/Index/grab
INFO: [ app_init ] --START--
INFO: Run Behavior\BuildLiteBehavior [ RunTime:0.000019s ]
INFO: [ app_init ] --END-- [ RunTime:0.000388s ]
INFO: [ app_begin ] --START--
INFO: Run Behavior\ReadHtmlCacheBehavior [ RunTime:0.000645s ]
INFO: [ app_begin ] --END-- [ RunTime:0.000697s ]
SQL: SHOW COLUMNS FROM `hb_sharetitle` [ RunTime:0.0017s ]
SQL: SELECT * FROM `hb_sharetitle` LIMIT 1   [ RunTime:0.0013s ]
SQL: SHOW COLUMNS FROM `hb_detail` [ RunTime:0.0016s ]
SQL: SELECT `id` FROM `hb_detail` WHERE ( userid=16 and time between 1513094400 and 1513180800 and types='分享红包' ) LIMIT 1   [ RunTime:0.0014s ]
SQL: SHOW COLUMNS FROM `hb_users` [ RunTime:0.0016s ]
SQL: SELECT `share_time`,`share_num` FROM `hb_users` WHERE ( id=16 ) LIMIT 1   [ RunTime:0.0014s ]
NOTIC: [8] Undefined variable: shrare_num /data/home/bxu2347690191/htdocs/hongbao/app/Home/Controller/IndexController.class.php 第 52 行.
NOTIC: [8] Undefined variable: hb_num /data/home/bxu2347690191/htdocs/hongbao/app/Home/Controller/IndexController.class.php 第 61 行.
ERR: 1064:You have an error in your SQL syntax; check the manual that corresponds to your MySQL server version for the right syntax to use near 'WHERE ( id=16 )' at line 1
 [ SQL语句 ] : UPDATE `hb_users` SET `money`=money+ WHERE ( id=16 )
ERR: 1064:You have an error in your SQL syntax; check the manual that corresponds to your MySQL server version for the right syntax to use near 'WHERE ( id=16 )' at line 1
 [ SQL语句 ] : UPDATE `hb_users` SET `money`=money+ WHERE ( id=16 )

[ 2017-12-13T12:16:36+08:00 ] 123.151.76.248 /hongbao/index.php/Index/grab
INFO: [ app_init ] --START--
INFO: Run Behavior\BuildLiteBehavior [ RunTime:0.000021s ]
INFO: [ app_init ] --END-- [ RunTime:0.000420s ]
INFO: [ app_begin ] --START--
INFO: Run Behavior\ReadHtmlCacheBehavior [ RunTime:0.000628s ]
INFO: [ app_begin ] --END-- [ RunTime:0.000692s ]
SQL: SHOW COLUMNS FROM `hb_sharetitle` [ RunTime:0.0018s ]
SQL: SELECT * FROM `hb_sharetitle` LIMIT 1   [ RunTime:0.0016s ]
SQL: SHOW COLUMNS FROM `hb_detail` [ RunTime:0.0017s ]
SQL: SELECT `id` FROM `hb_detail` WHERE ( userid=16 and time between 1513094400 and 1513180800 and types='分享红包' ) LIMIT 1   [ RunTime:0.0015s ]
SQL: SHOW COLUMNS FROM `hb_users` [ RunTime:0.0021s ]
SQL: SELECT `share_time`,`share_num` FROM `hb_users` WHERE ( id=16 ) LIMIT 1   [ RunTime:0.0015s ]
NOTIC: [8] Undefined variable: shrare_num /data/home/bxu2347690191/htdocs/hongbao/app/Home/Controller/IndexController.class.php 第 52 行.
NOTIC: [8] Undefined variable: hb_num /data/home/bxu2347690191/htdocs/hongbao/app/Home/Controller/IndexController.class.php 第 61 行.
ERR: 1064:You have an error in your SQL syntax; check the manual that corresponds to your MySQL server version for the right syntax to use near 'WHERE ( id=16 )' at line 1
 [ SQL语句 ] : UPDATE `hb_users` SET `money`=money+ WHERE ( id=16 )
ERR: 1064:You have an error in your SQL syntax; check the manual that corresponds to your MySQL server version for the right syntax to use near 'WHERE ( id=16 )' at line 1
 [ SQL语句 ] : UPDATE `hb_users` SET `money`=money+ WHERE ( id=16 )

[ 2017-12-13T12:16:38+08:00 ] 123.151.76.248 /hongbao/index.php/Index/grab
INFO: [ app_init ] --START--
INFO: Run Behavior\BuildLiteBehavior [ RunTime:0.000019s ]
INFO: [ app_init ] --END-- [ RunTime:0.000470s ]
INFO: [ app_begin ] --START--
INFO: Run Behavior\ReadHtmlCacheBehavior [ RunTime:0.000699s ]
INFO: [ app_begin ] --END-- [ RunTime:0.000748s ]
SQL: SHOW COLUMNS FROM `hb_sharetitle` [ RunTime:0.0020s ]
SQL: SELECT * FROM `hb_sharetitle` LIMIT 1   [ RunTime:0.0016s ]
SQL: SHOW COLUMNS FROM `hb_detail` [ RunTime:0.0019s ]
SQL: SELECT `id` FROM `hb_detail` WHERE ( userid=16 and time between 1513094400 and 1513180800 and types='分享红包' ) LIMIT 1   [ RunTime:0.0018s ]
SQL: SHOW COLUMNS FROM `hb_users` [ RunTime:0.0019s ]
SQL: SELECT `share_time`,`share_num` FROM `hb_users` WHERE ( id=16 ) LIMIT 1   [ RunTime:0.0016s ]
NOTIC: [8] Undefined variable: shrare_num /data/home/bxu2347690191/htdocs/hongbao/app/Home/Controller/IndexController.class.php 第 52 行.
NOTIC: [8] Undefined variable: hb_num /data/home/bxu2347690191/htdocs/hongbao/app/Home/Controller/IndexController.class.php 第 61 行.
ERR: 1064:You have an error in your SQL syntax; check the manual that corresponds to your MySQL server version for the right syntax to use near 'WHERE ( id=16 )' at line 1
 [ SQL语句 ] : UPDATE `hb_users` SET `money`=money+ WHERE ( id=16 )
ERR: 1064:You have an error in your SQL syntax; check the manual that corresponds to your MySQL server version for the right syntax to use near 'WHERE ( id=16 )' at line 1
 [ SQL语句 ] : UPDATE `hb_users` SET `money`=money+ WHERE ( id=16 )

[ 2017-12-13T12:16:38+08:00 ] 123.151.76.248 /hongbao/index.php/Index/grab
INFO: [ app_init ] --START--
INFO: Run Behavior\BuildLiteBehavior [ RunTime:0.000019s ]
INFO: [ app_init ] --END-- [ RunTime:0.000379s ]
INFO: [ app_begin ] --START--
INFO: Run Behavior\ReadHtmlCacheBehavior [ RunTime:0.000650s ]
INFO: [ app_begin ] --END-- [ RunTime:0.000702s ]
SQL: SHOW COLUMNS FROM `hb_sharetitle` [ RunTime:0.0016s ]
SQL: SELECT * FROM `hb_sharetitle` LIMIT 1   [ RunTime:0.0012s ]
SQL: SHOW COLUMNS FROM `hb_detail` [ RunTime:0.0015s ]
SQL: SELECT `id` FROM `hb_detail` WHERE ( userid=16 and time between 1513094400 and 1513180800 and types='分享红包' ) LIMIT 1   [ RunTime:0.0012s ]
SQL: SHOW COLUMNS FROM `hb_users` [ RunTime:0.0015s ]
SQL: SELECT `share_time`,`share_num` FROM `hb_users` WHERE ( id=16 ) LIMIT 1   [ RunTime:0.0012s ]
NOTIC: [8] Undefined variable: shrare_num /data/home/bxu2347690191/htdocs/hongbao/app/Home/Controller/IndexController.class.php 第 52 行.
NOTIC: [8] Undefined variable: hb_num /data/home/bxu2347690191/htdocs/hongbao/app/Home/Controller/IndexController.class.php 第 61 行.
ERR: 1064:You have an error in your SQL syntax; check the manual that corresponds to your MySQL server version for the right syntax to use near 'WHERE ( id=16 )' at line 1
 [ SQL语句 ] : UPDATE `hb_users` SET `money`=money+ WHERE ( id=16 )
ERR: 1064:You have an error in your SQL syntax; check the manual that corresponds to your MySQL server version for the right syntax to use near 'WHERE ( id=16 )' at line 1
 [ SQL语句 ] : UPDATE `hb_users` SET `money`=money+ WHERE ( id=16 )

[ 2017-12-13T12:16:39+08:00 ] 123.151.76.248 /hongbao/index.php/Index/grab
INFO: [ app_init ] --START--
INFO: Run Behavior\BuildLiteBehavior [ RunTime:0.000020s ]
INFO: [ app_init ] --END-- [ RunTime:0.000395s ]
INFO: [ app_begin ] --START--
INFO: Run Behavior\ReadHtmlCacheBehavior [ RunTime:0.000705s ]
INFO: [ app_begin ] --END-- [ RunTime:0.000750s ]
SQL: SHOW COLUMNS FROM `hb_sharetitle` [ RunTime:0.0019s ]
SQL: SELECT * FROM `hb_sharetitle` LIMIT 1   [ RunTime:0.0015s ]
SQL: SHOW COLUMNS FROM `hb_detail` [ RunTime:0.0020s ]
SQL: SELECT `id` FROM `hb_detail` WHERE ( userid=16 and time between 1513094400 and 1513180800 and types='分享红包' ) LIMIT 1   [ RunTime:0.0015s ]
SQL: SHOW COLUMNS FROM `hb_users` [ RunTime:0.0020s ]
SQL: SELECT `share_time`,`share_num` FROM `hb_users` WHERE ( id=16 ) LIMIT 1   [ RunTime:0.0015s ]
NOTIC: [8] Undefined variable: shrare_num /data/home/bxu2347690191/htdocs/hongbao/app/Home/Controller/IndexController.class.php 第 52 行.
NOTIC: [8] Undefined variable: hb_num /data/home/bxu2347690191/htdocs/hongbao/app/Home/Controller/IndexController.class.php 第 61 行.
ERR: 1064:You have an error in your SQL syntax; check the manual that corresponds to your MySQL server version for the right syntax to use near 'WHERE ( id=16 )' at line 1
 [ SQL语句 ] : UPDATE `hb_users` SET `money`=money+ WHERE ( id=16 )
ERR: 1064:You have an error in your SQL syntax; check the manual that corresponds to your MySQL server version for the right syntax to use near 'WHERE ( id=16 )' at line 1
 [ SQL语句 ] : UPDATE `hb_users` SET `money`=money+ WHERE ( id=16 )

