[ 2017-11-17T06:29:51+08:00 ] 123.151.77.123 /hongbao/index.php/Share/share?from=timeline
INFO: [ app_init ] --START--
INFO: Run Behavior\BuildLiteBehavior [ RunTime:0.000014s ]
INFO: [ app_init ] --END-- [ RunTime:0.000343s ]
INFO: [ app_begin ] --START--
INFO: Run Behavior\ReadHtmlCacheBehavior [ RunTime:0.000611s ]
INFO: [ app_begin ] --END-- [ RunTime:0.000658s ]
SQL: SHOW COLUMNS FROM `hb_sharetitle` [ RunTime:0.0018s ]
SQL: SELECT * FROM `hb_sharetitle` LIMIT 1   [ RunTime:0.0013s ]
INFO: [ view_parse ] --START--
INFO: [ template_filter ] --START--
INFO: Run Behavior\ContentReplaceBehavior [ RunTime:0.000070s ]
INFO: [ template_filter ] --END-- [ RunTime:0.000113s ]
INFO: Run Behavior\ParseTemplateBehavior [ RunTime:0.005709s ]
INFO: [ view_parse ] --END-- [ RunTime:0.005778s ]
INFO: [ view_filter ] --START--
INFO: Run Behavior\WriteHtmlCacheBehavior [ RunTime:0.000224s ]
INFO: [ view_filter ] --END-- [ RunTime:0.000257s ]
INFO: [ app_end ] --START--
INFO: Run Behavior\ShowPageTraceBehavior [ RunTime:0.000490s ]
INFO: [ app_end ] --END-- [ RunTime:0.000529s ]

[ 2017-11-17T06:30:00+08:00 ] 183.192.201.97 /hongbao/index.php/Share/share?from=timeline
INFO: [ app_init ] --START--
INFO: Run Behavior\BuildLiteBehavior [ RunTime:0.000022s ]
INFO: [ app_init ] --END-- [ RunTime:0.000457s ]
INFO: [ app_begin ] --START--
INFO: Run Behavior\ReadHtmlCacheBehavior [ RunTime:0.000621s ]
INFO: [ app_begin ] --END-- [ RunTime:0.000688s ]
SQL: SHOW COLUMNS FROM `hb_sharetitle` [ RunTime:0.0017s ]
SQL: SELECT * FROM `hb_sharetitle` LIMIT 1   [ RunTime:0.0016s ]
INFO: [ view_parse ] --START--
INFO: [ template_filter ] --START--
INFO: Run Behavior\ContentReplaceBehavior [ RunTime:0.000070s ]
INFO: [ template_filter ] --END-- [ RunTime:0.000112s ]
INFO: Run Behavior\ParseTemplateBehavior [ RunTime:0.006246s ]
INFO: [ view_parse ] --END-- [ RunTime:0.006294s ]
INFO: [ view_filter ] --START--
INFO: Run Behavior\WriteHtmlCacheBehavior [ RunTime:0.000233s ]
INFO: [ view_filter ] --END-- [ RunTime:0.000265s ]
INFO: [ app_end ] --START--
INFO: Run Behavior\ShowPageTraceBehavior [ RunTime:0.000520s ]
INFO: [ app_end ] --END-- [ RunTime:0.000558s ]

[ 2017-11-17T09:01:10+08:00 ] 112.230.99.178 /hongbao/
INFO: [ app_init ] --START--
INFO: Run Behavior\BuildLiteBehavior [ RunTime:0.000023s ]
INFO: [ app_init ] --END-- [ RunTime:0.000525s ]
INFO: [ app_begin ] --START--
INFO: Run Behavior\ReadHtmlCacheBehavior [ RunTime:0.000620s ]
INFO: [ app_begin ] --END-- [ RunTime:0.000669s ]
INFO: [ app_end ] --START--
INFO: Run Behavior\ShowPageTraceBehavior [ RunTime:0.000465s ]
INFO: [ app_end ] --END-- [ RunTime:0.000514s ]

[ 2017-11-17T09:01:11+08:00 ] 112.230.99.178 /hongbao/?_t_t_t=0.6996020776199047
INFO: [ app_init ] --START--
INFO: Run Behavior\BuildLiteBehavior [ RunTime:0.000017s ]
INFO: [ app_init ] --END-- [ RunTime:0.000414s ]
INFO: [ app_begin ] --START--
INFO: Run Behavior\ReadHtmlCacheBehavior [ RunTime:0.000585s ]
INFO: [ app_begin ] --END-- [ RunTime:0.000631s ]
INFO: [ app_end ] --START--
INFO: Run Behavior\ShowPageTraceBehavior [ RunTime:0.000503s ]
INFO: [ app_end ] --END-- [ RunTime:0.000554s ]

[ 2017-11-17T09:01:12+08:00 ] 112.230.99.178 /hongbao/index.php/Login/login_do?code=08135Np80yaj3I1cdGo80Kdwp8035NpK&state=STATE
INFO: [ app_init ] --START--
INFO: Run Behavior\BuildLiteBehavior [ RunTime:0.000016s ]
INFO: [ app_init ] --END-- [ RunTime:0.000350s ]
INFO: [ app_begin ] --START--
INFO: Run Behavior\ReadHtmlCacheBehavior [ RunTime:0.000592s ]
INFO: [ app_begin ] --END-- [ RunTime:0.000638s ]
SQL: SHOW COLUMNS FROM `hb_users` [ RunTime:0.0019s ]
SQL: SELECT * FROM `hb_users` WHERE ( openid='oDpc20beLtOBUhZsU23LdYrPFetI' ) LIMIT 1   [ RunTime:0.0013s ]
SQL: UPDATE `hb_users` SET `wx_name`='白色的希望',`wx_photo`='http://wx.qlogo.cn/mmopen/vi_32/GWkslDricRiaicsEWyrJP0Q7MLiaf3Snxu6IQkib3yA8swRkCCmrIhCuI64bV2vdx9ibuAW6BEoibAHibdyS0BdoGBUTicQ/0' WHERE ( openid='oDpc20beLtOBUhZsU23LdYrPFetI' ) [ RunTime:0.0013s ]
SQL: SELECT * FROM `hb_users` WHERE ( openid='oDpc20beLtOBUhZsU23LdYrPFetI' ) LIMIT 1   [ RunTime:0.0014s ]
INFO: [ app_end ] --START--
INFO: Run Behavior\ShowPageTraceBehavior [ RunTime:0.000554s ]
INFO: [ app_end ] --END-- [ RunTime:0.000595s ]

[ 2017-11-17T09:01:13+08:00 ] 112.230.99.178 /hongbao/index.php/Index/index.html
INFO: [ app_init ] --START--
INFO: Run Behavior\BuildLiteBehavior [ RunTime:0.000018s ]
INFO: [ app_init ] --END-- [ RunTime:0.000385s ]
INFO: [ app_begin ] --START--
INFO: Run Behavior\ReadHtmlCacheBehavior [ RunTime:0.000579s ]
INFO: [ app_begin ] --END-- [ RunTime:0.000643s ]
SQL: SHOW COLUMNS FROM `hb_sharetitle` [ RunTime:0.0019s ]
SQL: SELECT * FROM `hb_sharetitle` LIMIT 1   [ RunTime:0.0013s ]
SQL: SHOW COLUMNS FROM `hb_users` [ RunTime:0.0017s ]
SQL: SELECT * FROM `hb_users` WHERE ( id=11 ) LIMIT 1   [ RunTime:0.0014s ]
INFO: [ view_parse ] --START--
INFO: [ template_filter ] --START--
INFO: Run Behavior\ContentReplaceBehavior [ RunTime:0.000155s ]
INFO: [ template_filter ] --END-- [ RunTime:0.000208s ]
INFO: Run Behavior\ParseTemplateBehavior [ RunTime:0.009097s ]
INFO: [ view_parse ] --END-- [ RunTime:0.009154s ]
INFO: [ view_filter ] --START--
INFO: Run Behavior\WriteHtmlCacheBehavior [ RunTime:0.000234s ]
INFO: [ view_filter ] --END-- [ RunTime:0.000267s ]
INFO: [ app_end ] --START--
INFO: Run Behavior\ShowPageTraceBehavior [ RunTime:0.000503s ]
INFO: [ app_end ] --END-- [ RunTime:0.000538s ]

[ 2017-11-17T09:01:20+08:00 ] 112.230.99.178 /hongbao/index.php/Index/grab
INFO: [ app_init ] --START--
INFO: Run Behavior\BuildLiteBehavior [ RunTime:0.000018s ]
INFO: [ app_init ] --END-- [ RunTime:0.000364s ]
INFO: [ app_begin ] --START--
INFO: Run Behavior\ReadHtmlCacheBehavior [ RunTime:0.000640s ]
INFO: [ app_begin ] --END-- [ RunTime:0.000700s ]
SQL: SHOW COLUMNS FROM `hb_sharetitle` [ RunTime:0.0020s ]
SQL: SELECT * FROM `hb_sharetitle` LIMIT 1   [ RunTime:0.0016s ]
SQL: SHOW COLUMNS FROM `hb_detail` [ RunTime:0.0020s ]
SQL: SELECT `id` FROM `hb_detail` WHERE ( userid=11 and time between 1510848000 and 1510934400 and types='分享红包' ) LIMIT 1   [ RunTime:0.0018s ]
SQL: SHOW COLUMNS FROM `hb_users` [ RunTime:0.0019s ]
SQL: SELECT `share_time` FROM `hb_users` WHERE ( id=11 ) LIMIT 1   [ RunTime:0.0017s ]

[ 2017-11-17T09:01:20+08:00 ] 61.129.10.43 /hongbao/
INFO: [ app_init ] --START--
INFO: Run Behavior\BuildLiteBehavior [ RunTime:0.000020s ]
INFO: [ app_init ] --END-- [ RunTime:0.000434s ]
INFO: [ app_begin ] --START--
INFO: Run Behavior\ReadHtmlCacheBehavior [ RunTime:0.000599s ]
INFO: [ app_begin ] --END-- [ RunTime:0.000645s ]
INFO: [ app_end ] --START--
INFO: Run Behavior\ShowPageTraceBehavior [ RunTime:0.000488s ]
INFO: [ app_end ] --END-- [ RunTime:0.000533s ]

[ 2017-11-17T09:01:21+08:00 ] 120.204.17.68 /hongbao/?_t_t_t=0.6996020776199047
INFO: [ app_init ] --START--
INFO: Run Behavior\BuildLiteBehavior [ RunTime:0.000017s ]
INFO: [ app_init ] --END-- [ RunTime:0.000383s ]
INFO: [ app_begin ] --START--
INFO: Run Behavior\ReadHtmlCacheBehavior [ RunTime:0.000589s ]
INFO: [ app_begin ] --END-- [ RunTime:0.000643s ]
INFO: [ app_end ] --START--
INFO: Run Behavior\ShowPageTraceBehavior [ RunTime:0.000484s ]
INFO: [ app_end ] --END-- [ RunTime:0.000539s ]

[ 2017-11-17T09:01:23+08:00 ] 112.230.99.178 /hongbao/index.php/Index/grab
INFO: [ app_init ] --START--
INFO: Run Behavior\BuildLiteBehavior [ RunTime:0.000017s ]
INFO: [ app_init ] --END-- [ RunTime:0.000438s ]
INFO: [ app_begin ] --START--
INFO: Run Behavior\ReadHtmlCacheBehavior [ RunTime:0.000586s ]
INFO: [ app_begin ] --END-- [ RunTime:0.000630s ]
SQL: SHOW COLUMNS FROM `hb_sharetitle` [ RunTime:0.0019s ]
SQL: SELECT * FROM `hb_sharetitle` LIMIT 1   [ RunTime:0.0014s ]
SQL: SHOW COLUMNS FROM `hb_detail` [ RunTime:0.0017s ]
SQL: SELECT `id` FROM `hb_detail` WHERE ( userid=11 and time between 1510848000 and 1510934400 and types='分享红包' ) LIMIT 1   [ RunTime:0.0014s ]
SQL: SHOW COLUMNS FROM `hb_users` [ RunTime:0.0017s ]
SQL: SELECT `share_time` FROM `hb_users` WHERE ( id=11 ) LIMIT 1   [ RunTime:0.0014s ]

[ 2017-11-17T09:01:24+08:00 ] 121.51.32.144 /hongbao/index.php/Index/index.html
INFO: [ app_init ] --START--
INFO: Run Behavior\BuildLiteBehavior [ RunTime:0.000081s ]
INFO: [ app_init ] --END-- [ RunTime:0.000496s ]
INFO: [ app_begin ] --START--
INFO: Run Behavior\ReadHtmlCacheBehavior [ RunTime:0.000956s ]
INFO: [ app_begin ] --END-- [ RunTime:0.001017s ]
SQL: SHOW COLUMNS FROM `hb_sharetitle` [ RunTime:0.0019s ]
SQL: SELECT * FROM `hb_sharetitle` LIMIT 1   [ RunTime:0.0015s ]
NOTIC: [8] Undefined index: userinfo /data/home/bxu2342080037/htdocs/hongbao/app/Home/Controller/IndexController.class.php 第 6 行.
SQL: SHOW COLUMNS FROM `hb_users` [ RunTime:0.0018s ]
ERR: 1064:You have an error in your SQL syntax; check the manual that corresponds to your MySQL server version for the right syntax to use near ') LIMIT 1' at line 1
 [ SQL语句 ] : SELECT * FROM `hb_users` WHERE ( id= ) LIMIT 1  
ERR: 1064:You have an error in your SQL syntax; check the manual that corresponds to your MySQL server version for the right syntax to use near ') LIMIT 1' at line 1
 [ SQL语句 ] : SELECT * FROM `hb_users` WHERE ( id= ) LIMIT 1  

[ 2017-11-17T09:01:26+08:00 ] 101.226.65.105 /hongbao/index.php/Index/index.html
INFO: [ app_init ] --START--
INFO: Run Behavior\BuildLiteBehavior [ RunTime:0.000016s ]
INFO: [ app_init ] --END-- [ RunTime:0.000360s ]
INFO: [ app_begin ] --START--
INFO: Run Behavior\ReadHtmlCacheBehavior [ RunTime:0.000580s ]
INFO: [ app_begin ] --END-- [ RunTime:0.000627s ]
SQL: SHOW COLUMNS FROM `hb_sharetitle` [ RunTime:0.0018s ]
SQL: SELECT * FROM `hb_sharetitle` LIMIT 1   [ RunTime:0.0013s ]
NOTIC: [8] Undefined index: userinfo /data/home/bxu2342080037/htdocs/hongbao/app/Home/Controller/IndexController.class.php 第 6 行.
SQL: SHOW COLUMNS FROM `hb_users` [ RunTime:0.0017s ]
ERR: 1064:You have an error in your SQL syntax; check the manual that corresponds to your MySQL server version for the right syntax to use near ') LIMIT 1' at line 1
 [ SQL语句 ] : SELECT * FROM `hb_users` WHERE ( id= ) LIMIT 1  
ERR: 1064:You have an error in your SQL syntax; check the manual that corresponds to your MySQL server version for the right syntax to use near ') LIMIT 1' at line 1
 [ SQL语句 ] : SELECT * FROM `hb_users` WHERE ( id= ) LIMIT 1  

[ 2017-11-17T09:01:26+08:00 ] 101.226.65.105 /hongbao/index.php/Login/login
INFO: [ app_init ] --START--
INFO: Run Behavior\BuildLiteBehavior [ RunTime:0.000019s ]
INFO: [ app_init ] --END-- [ RunTime:0.000401s ]
INFO: [ app_begin ] --START--
INFO: Run Behavior\ReadHtmlCacheBehavior [ RunTime:0.000579s ]
INFO: [ app_begin ] --END-- [ RunTime:0.000626s ]
INFO: [ app_end ] --START--
INFO: Run Behavior\ShowPageTraceBehavior [ RunTime:0.000507s ]
INFO: [ app_end ] --END-- [ RunTime:0.000551s ]

[ 2017-11-17T09:01:45+08:00 ] 112.230.99.178 /hongbao/index.php/Share/share_success
INFO: [ app_init ] --START--
INFO: Run Behavior\BuildLiteBehavior [ RunTime:0.000016s ]
INFO: [ app_init ] --END-- [ RunTime:0.000357s ]
INFO: [ app_begin ] --START--
INFO: Run Behavior\ReadHtmlCacheBehavior [ RunTime:0.000549s ]
INFO: [ app_begin ] --END-- [ RunTime:0.000593s ]
SQL: SHOW COLUMNS FROM `hb_users` [ RunTime:0.0018s ]
SQL: UPDATE `hb_users` SET `share_time`='1510880505' WHERE ( id=11 ) [ RunTime:0.0013s ]
INFO: [ app_end ] --START--
INFO: Run Behavior\ShowPageTraceBehavior [ RunTime:0.000477s ]
INFO: [ app_end ] --END-- [ RunTime:0.000512s ]

[ 2017-11-17T09:01:46+08:00 ] 183.61.51.70 /hongbao/index.php/Share/share
INFO: [ app_init ] --START--
INFO: Run Behavior\BuildLiteBehavior [ RunTime:0.000017s ]
INFO: [ app_init ] --END-- [ RunTime:0.000360s ]
INFO: [ app_begin ] --START--
INFO: Run Behavior\ReadHtmlCacheBehavior [ RunTime:0.000587s ]
INFO: [ app_begin ] --END-- [ RunTime:0.000641s ]
SQL: SHOW COLUMNS FROM `hb_sharetitle` [ RunTime:0.0019s ]
SQL: SELECT * FROM `hb_sharetitle` LIMIT 1   [ RunTime:0.0012s ]
INFO: [ view_parse ] --START--
INFO: [ template_filter ] --START--
INFO: Run Behavior\ContentReplaceBehavior [ RunTime:0.000080s ]
INFO: [ template_filter ] --END-- [ RunTime:0.000136s ]
INFO: Run Behavior\ParseTemplateBehavior [ RunTime:0.005827s ]
INFO: [ view_parse ] --END-- [ RunTime:0.005872s ]
INFO: [ view_filter ] --START--
INFO: Run Behavior\WriteHtmlCacheBehavior [ RunTime:0.000234s ]
INFO: [ view_filter ] --END-- [ RunTime:0.000264s ]
INFO: [ app_end ] --START--
INFO: Run Behavior\ShowPageTraceBehavior [ RunTime:0.000512s ]
INFO: [ app_end ] --END-- [ RunTime:0.000559s ]

[ 2017-11-17T09:01:47+08:00 ] 112.230.99.178 /hongbao/index.php/Index/grab
INFO: [ app_init ] --START--
INFO: Run Behavior\BuildLiteBehavior [ RunTime:0.000017s ]
INFO: [ app_init ] --END-- [ RunTime:0.000377s ]
INFO: [ app_begin ] --START--
INFO: Run Behavior\ReadHtmlCacheBehavior [ RunTime:0.000595s ]
INFO: [ app_begin ] --END-- [ RunTime:0.000638s ]
SQL: SHOW COLUMNS FROM `hb_sharetitle` [ RunTime:0.0018s ]
SQL: SELECT * FROM `hb_sharetitle` LIMIT 1   [ RunTime:0.0012s ]
SQL: SHOW COLUMNS FROM `hb_detail` [ RunTime:0.0015s ]
SQL: SELECT `id` FROM `hb_detail` WHERE ( userid=11 and time between 1510848000 and 1510934400 and types='分享红包' ) LIMIT 1   [ RunTime:0.0012s ]
SQL: SHOW COLUMNS FROM `hb_users` [ RunTime:0.0016s ]
SQL: SELECT `share_time` FROM `hb_users` WHERE ( id=11 ) LIMIT 1   [ RunTime:0.0013s ]
SQL: SHOW COLUMNS FROM `hb_power` [ RunTime:0.0018s ]
SQL: SELECT * FROM `hb_power` LIMIT 1   [ RunTime:0.0013s ]
SQL: UPDATE `hb_users` SET `money`=money+2 WHERE ( id=11 ) [ RunTime:0.0015s ]
SQL: INSERT INTO `hb_detail` (`userid`,`jine`,`time`,`types`,`username`) VALUES ('11','2','1510880507','分享红包','白色的希望') [ RunTime:0.0018s ]

[ 2017-11-17T09:01:49+08:00 ] 112.230.99.178 /hongbao/index.php/Index/my_rp
INFO: [ app_init ] --START--
INFO: Run Behavior\BuildLiteBehavior [ RunTime:0.000017s ]
INFO: [ app_init ] --END-- [ RunTime:0.000385s ]
INFO: [ app_begin ] --START--
INFO: Run Behavior\ReadHtmlCacheBehavior [ RunTime:0.000599s ]
INFO: [ app_begin ] --END-- [ RunTime:0.000643s ]
SQL: SHOW COLUMNS FROM `hb_sharetitle` [ RunTime:0.0018s ]
SQL: SELECT * FROM `hb_sharetitle` LIMIT 1   [ RunTime:0.0013s ]
SQL: SHOW COLUMNS FROM `hb_users` [ RunTime:0.0017s ]
SQL: SELECT * FROM `hb_users` WHERE ( id=11 ) LIMIT 1   [ RunTime:0.0021s ]

[ 2017-11-17T09:01:49+08:00 ] 112.230.99.178 /hongbao/index.php/Index/my_rpjl
INFO: [ app_init ] --START--
INFO: Run Behavior\BuildLiteBehavior [ RunTime:0.000019s ]
INFO: [ app_init ] --END-- [ RunTime:0.000417s ]
INFO: [ app_begin ] --START--
INFO: Run Behavior\ReadHtmlCacheBehavior [ RunTime:0.000577s ]
INFO: [ app_begin ] --END-- [ RunTime:0.000620s ]
SQL: SHOW COLUMNS FROM `hb_sharetitle` [ RunTime:0.0019s ]
SQL: SELECT * FROM `hb_sharetitle` LIMIT 1   [ RunTime:0.0013s ]
SQL: SHOW COLUMNS FROM `hb_detail` [ RunTime:0.0016s ]
SQL: SELECT * FROM `hb_detail` WHERE ( userid=11 ) ORDER BY time desc  [ RunTime:0.0015s ]

[ 2017-11-17T09:03:55+08:00 ] 101.226.66.174 /hongbao/
INFO: [ app_init ] --START--
INFO: Run Behavior\BuildLiteBehavior [ RunTime:0.000019s ]
INFO: [ app_init ] --END-- [ RunTime:0.000377s ]
INFO: [ app_begin ] --START--
INFO: Run Behavior\ReadHtmlCacheBehavior [ RunTime:0.000616s ]
INFO: [ app_begin ] --END-- [ RunTime:0.000697s ]
INFO: [ app_end ] --START--
INFO: Run Behavior\ShowPageTraceBehavior [ RunTime:0.000670s ]
INFO: [ app_end ] --END-- [ RunTime:0.000767s ]

[ 2017-11-17T09:04:30+08:00 ] 123.151.77.74 /hongbao/index.php/Share/share?from=timeline
INFO: [ app_init ] --START--
INFO: Run Behavior\BuildLiteBehavior [ RunTime:0.000017s ]
INFO: [ app_init ] --END-- [ RunTime:0.000363s ]
INFO: [ app_begin ] --START--
INFO: Run Behavior\ReadHtmlCacheBehavior [ RunTime:0.000700s ]
INFO: [ app_begin ] --END-- [ RunTime:0.000776s ]
SQL: SHOW COLUMNS FROM `hb_sharetitle` [ RunTime:0.0018s ]
SQL: SELECT * FROM `hb_sharetitle` LIMIT 1   [ RunTime:0.0014s ]
INFO: [ view_parse ] --START--
INFO: [ template_filter ] --START--
INFO: Run Behavior\ContentReplaceBehavior [ RunTime:0.000086s ]
INFO: [ template_filter ] --END-- [ RunTime:0.000133s ]
INFO: Run Behavior\ParseTemplateBehavior [ RunTime:0.005882s ]
INFO: [ view_parse ] --END-- [ RunTime:0.005931s ]
INFO: [ view_filter ] --START--
INFO: Run Behavior\WriteHtmlCacheBehavior [ RunTime:0.000237s ]
INFO: [ view_filter ] --END-- [ RunTime:0.000274s ]
INFO: [ app_end ] --START--
INFO: Run Behavior\ShowPageTraceBehavior [ RunTime:0.000502s ]
INFO: [ app_end ] --END-- [ RunTime:0.000541s ]

[ 2017-11-17T09:07:22+08:00 ] 112.230.99.178 /hongbao/
INFO: [ app_init ] --START--
INFO: Run Behavior\BuildLiteBehavior [ RunTime:0.000023s ]
INFO: [ app_init ] --END-- [ RunTime:0.000536s ]
INFO: [ app_begin ] --START--
INFO: Run Behavior\ReadHtmlCacheBehavior [ RunTime:0.000662s ]
INFO: [ app_begin ] --END-- [ RunTime:0.000752s ]
INFO: [ app_end ] --START--
INFO: Run Behavior\ShowPageTraceBehavior [ RunTime:0.000508s ]
INFO: [ app_end ] --END-- [ RunTime:0.000556s ]

[ 2017-11-17T09:07:33+08:00 ] 112.230.99.178 /hongbao/
INFO: [ app_init ] --START--
INFO: Run Behavior\BuildLiteBehavior [ RunTime:0.000017s ]
INFO: [ app_init ] --END-- [ RunTime:0.000366s ]
INFO: [ app_begin ] --START--
INFO: Run Behavior\ReadHtmlCacheBehavior [ RunTime:0.000668s ]
INFO: [ app_begin ] --END-- [ RunTime:0.000737s ]
INFO: [ app_end ] --START--
INFO: Run Behavior\ShowPageTraceBehavior [ RunTime:0.000493s ]
INFO: [ app_end ] --END-- [ RunTime:0.000542s ]

[ 2017-11-17T09:07:34+08:00 ] 112.230.99.178 /hongbao/index.php/Login/login_do?code=071xrecd2UFOzD09ised2Odecd2xrecc&state=STATE
INFO: [ app_init ] --START--
INFO: Run Behavior\BuildLiteBehavior [ RunTime:0.000020s ]
INFO: [ app_init ] --END-- [ RunTime:0.000489s ]
INFO: [ app_begin ] --START--
INFO: Run Behavior\ReadHtmlCacheBehavior [ RunTime:0.000609s ]
INFO: [ app_begin ] --END-- [ RunTime:0.000658s ]
SQL: SHOW COLUMNS FROM `hb_users` [ RunTime:0.0020s ]
SQL: SELECT * FROM `hb_users` WHERE ( openid='oDpc20beLtOBUhZsU23LdYrPFetI' ) LIMIT 1   [ RunTime:0.0015s ]
SQL: UPDATE `hb_users` SET `wx_name`='白色的希望',`wx_photo`='http://wx.qlogo.cn/mmopen/vi_32/GWkslDricRiaicsEWyrJP0Q7MLiaf3Snxu6IQkib3yA8swRkCCmrIhCuI64bV2vdx9ibuAW6BEoibAHibdyS0BdoGBUTicQ/0' WHERE ( openid='oDpc20beLtOBUhZsU23LdYrPFetI' ) [ RunTime:0.0014s ]
SQL: SELECT * FROM `hb_users` WHERE ( openid='oDpc20beLtOBUhZsU23LdYrPFetI' ) LIMIT 1   [ RunTime:0.0014s ]
INFO: [ app_end ] --START--
INFO: Run Behavior\ShowPageTraceBehavior [ RunTime:0.000768s ]
INFO: [ app_end ] --END-- [ RunTime:0.000810s ]

[ 2017-11-17T09:07:34+08:00 ] 112.230.99.178 /hongbao/index.php/Index/index.html
INFO: [ app_init ] --START--
INFO: Run Behavior\BuildLiteBehavior [ RunTime:0.000016s ]
INFO: [ app_init ] --END-- [ RunTime:0.000365s ]
INFO: [ app_begin ] --START--
INFO: Run Behavior\ReadHtmlCacheBehavior [ RunTime:0.000562s ]
INFO: [ app_begin ] --END-- [ RunTime:0.000608s ]
SQL: SHOW COLUMNS FROM `hb_sharetitle` [ RunTime:0.0020s ]
SQL: SELECT * FROM `hb_sharetitle` LIMIT 1   [ RunTime:0.0015s ]
SQL: SHOW COLUMNS FROM `hb_users` [ RunTime:0.0019s ]
SQL: SELECT * FROM `hb_users` WHERE ( id=11 ) LIMIT 1   [ RunTime:0.0015s ]
INFO: [ view_parse ] --START--
INFO: [ template_filter ] --START--
INFO: Run Behavior\ContentReplaceBehavior [ RunTime:0.000151s ]
INFO: [ template_filter ] --END-- [ RunTime:0.000214s ]
INFO: Run Behavior\ParseTemplateBehavior [ RunTime:0.008771s ]
INFO: [ view_parse ] --END-- [ RunTime:0.008816s ]
INFO: [ view_filter ] --START--
INFO: Run Behavior\WriteHtmlCacheBehavior [ RunTime:0.000259s ]
INFO: [ view_filter ] --END-- [ RunTime:0.000292s ]
INFO: [ app_end ] --START--
INFO: Run Behavior\ShowPageTraceBehavior [ RunTime:0.000491s ]
INFO: [ app_end ] --END-- [ RunTime:0.000571s ]

[ 2017-11-17T09:07:36+08:00 ] 112.230.99.178 /hongbao/index.php/Index/grab
INFO: [ app_init ] --START--
INFO: Run Behavior\BuildLiteBehavior [ RunTime:0.000016s ]
INFO: [ app_init ] --END-- [ RunTime:0.000359s ]
INFO: [ app_begin ] --START--
INFO: Run Behavior\ReadHtmlCacheBehavior [ RunTime:0.000608s ]
INFO: [ app_begin ] --END-- [ RunTime:0.000653s ]
SQL: SHOW COLUMNS FROM `hb_sharetitle` [ RunTime:0.0021s ]
SQL: SELECT * FROM `hb_sharetitle` LIMIT 1   [ RunTime:0.0016s ]
SQL: SHOW COLUMNS FROM `hb_detail` [ RunTime:0.0019s ]
SQL: SELECT `id` FROM `hb_detail` WHERE ( userid=11 and time between 1510848000 and 1510934400 and types='分享红包' ) LIMIT 1   [ RunTime:0.0017s ]

[ 2017-11-17T09:07:41+08:00 ] 112.230.99.178 /hongbao/index.php/Index/my_rp
INFO: [ app_init ] --START--
INFO: Run Behavior\BuildLiteBehavior [ RunTime:0.000016s ]
INFO: [ app_init ] --END-- [ RunTime:0.000359s ]
INFO: [ app_begin ] --START--
INFO: Run Behavior\ReadHtmlCacheBehavior [ RunTime:0.000581s ]
INFO: [ app_begin ] --END-- [ RunTime:0.000625s ]
SQL: SHOW COLUMNS FROM `hb_sharetitle` [ RunTime:0.0018s ]
SQL: SELECT * FROM `hb_sharetitle` LIMIT 1   [ RunTime:0.0014s ]
SQL: SHOW COLUMNS FROM `hb_users` [ RunTime:0.0017s ]
SQL: SELECT * FROM `hb_users` WHERE ( id=11 ) LIMIT 1   [ RunTime:0.0014s ]

[ 2017-11-17T09:07:41+08:00 ] 112.230.99.178 /hongbao/index.php/Index/my_rpjl
INFO: [ app_init ] --START--
INFO: Run Behavior\BuildLiteBehavior [ RunTime:0.000016s ]
INFO: [ app_init ] --END-- [ RunTime:0.000375s ]
INFO: [ app_begin ] --START--
INFO: Run Behavior\ReadHtmlCacheBehavior [ RunTime:0.000593s ]
INFO: [ app_begin ] --END-- [ RunTime:0.000636s ]
SQL: SHOW COLUMNS FROM `hb_sharetitle` [ RunTime:0.0015s ]
SQL: SELECT * FROM `hb_sharetitle` LIMIT 1   [ RunTime:0.0012s ]
SQL: SHOW COLUMNS FROM `hb_detail` [ RunTime:0.0016s ]
SQL: SELECT * FROM `hb_detail` WHERE ( userid=11 ) ORDER BY time desc  [ RunTime:0.0013s ]

[ 2017-11-17T09:07:53+08:00 ] 101.226.66.179 /hongbao/?_t_t_t=0.6996020776199047
INFO: [ app_init ] --START--
INFO: Run Behavior\BuildLiteBehavior [ RunTime:0.000016s ]
INFO: [ app_init ] --END-- [ RunTime:0.000370s ]
INFO: [ app_begin ] --START--
INFO: Run Behavior\ReadHtmlCacheBehavior [ RunTime:0.000557s ]
INFO: [ app_begin ] --END-- [ RunTime:0.000604s ]
INFO: [ app_end ] --START--
INFO: Run Behavior\ShowPageTraceBehavior [ RunTime:0.000505s ]
INFO: [ app_end ] --END-- [ RunTime:0.000556s ]

[ 2017-11-17T09:08:07+08:00 ] 112.230.99.178 /hongbao/index.php/Index/my_rp
INFO: [ app_init ] --START--
INFO: Run Behavior\BuildLiteBehavior [ RunTime:0.000014s ]
INFO: [ app_init ] --END-- [ RunTime:0.000372s ]
INFO: [ app_begin ] --START--
INFO: Run Behavior\ReadHtmlCacheBehavior [ RunTime:0.000640s ]
INFO: [ app_begin ] --END-- [ RunTime:0.000683s ]
SQL: SHOW COLUMNS FROM `hb_sharetitle` [ RunTime:0.0017s ]
SQL: SELECT * FROM `hb_sharetitle` LIMIT 1   [ RunTime:0.0012s ]
SQL: SHOW COLUMNS FROM `hb_users` [ RunTime:0.0019s ]
SQL: SELECT * FROM `hb_users` WHERE ( id=11 ) LIMIT 1   [ RunTime:0.0012s ]

[ 2017-11-17T09:08:07+08:00 ] 112.230.99.178 /hongbao/index.php/Index/my_rpjl
INFO: [ app_init ] --START--
INFO: Run Behavior\BuildLiteBehavior [ RunTime:0.000014s ]
INFO: [ app_init ] --END-- [ RunTime:0.000362s ]
INFO: [ app_begin ] --START--
INFO: Run Behavior\ReadHtmlCacheBehavior [ RunTime:0.000625s ]
INFO: [ app_begin ] --END-- [ RunTime:0.000669s ]
SQL: SHOW COLUMNS FROM `hb_sharetitle` [ RunTime:0.0018s ]
SQL: SELECT * FROM `hb_sharetitle` LIMIT 1   [ RunTime:0.0014s ]
SQL: SHOW COLUMNS FROM `hb_detail` [ RunTime:0.0016s ]
SQL: SELECT * FROM `hb_detail` WHERE ( userid=11 ) ORDER BY time desc  [ RunTime:0.0014s ]

[ 2017-11-17T09:08:20+08:00 ] 112.230.99.178 /hongbao/index.php/Index/my_rp
INFO: [ app_init ] --START--
INFO: Run Behavior\BuildLiteBehavior [ RunTime:0.000016s ]
INFO: [ app_init ] --END-- [ RunTime:0.000452s ]
INFO: [ app_begin ] --START--
INFO: Run Behavior\ReadHtmlCacheBehavior [ RunTime:0.000639s ]
INFO: [ app_begin ] --END-- [ RunTime:0.000682s ]
SQL: SHOW COLUMNS FROM `hb_sharetitle` [ RunTime:0.0016s ]
SQL: SELECT * FROM `hb_sharetitle` LIMIT 1   [ RunTime:0.0012s ]
SQL: SHOW COLUMNS FROM `hb_users` [ RunTime:0.0015s ]
SQL: SELECT * FROM `hb_users` WHERE ( id=11 ) LIMIT 1   [ RunTime:0.0014s ]

[ 2017-11-17T09:08:20+08:00 ] 112.230.99.178 /hongbao/index.php/Index/my_rpjl
INFO: [ app_init ] --START--
INFO: Run Behavior\BuildLiteBehavior [ RunTime:0.000018s ]
INFO: [ app_init ] --END-- [ RunTime:0.000411s ]
INFO: [ app_begin ] --START--
INFO: Run Behavior\ReadHtmlCacheBehavior [ RunTime:0.000634s ]
INFO: [ app_begin ] --END-- [ RunTime:0.000685s ]
SQL: SHOW COLUMNS FROM `hb_sharetitle` [ RunTime:0.0019s ]
SQL: SELECT * FROM `hb_sharetitle` LIMIT 1   [ RunTime:0.0014s ]
SQL: SHOW COLUMNS FROM `hb_detail` [ RunTime:0.0017s ]
SQL: SELECT * FROM `hb_detail` WHERE ( userid=11 ) ORDER BY time desc  [ RunTime:0.0015s ]

[ 2017-11-17T09:08:23+08:00 ] 112.230.99.178 /hongbao/index.php/Index/grab
INFO: [ app_init ] --START--
INFO: Run Behavior\BuildLiteBehavior [ RunTime:0.000016s ]
INFO: [ app_init ] --END-- [ RunTime:0.000400s ]
INFO: [ app_begin ] --START--
INFO: Run Behavior\ReadHtmlCacheBehavior [ RunTime:0.000552s ]
INFO: [ app_begin ] --END-- [ RunTime:0.000595s ]
SQL: SHOW COLUMNS FROM `hb_sharetitle` [ RunTime:0.0019s ]
SQL: SELECT * FROM `hb_sharetitle` LIMIT 1   [ RunTime:0.0015s ]
SQL: SHOW COLUMNS FROM `hb_detail` [ RunTime:0.0018s ]
SQL: SELECT `id` FROM `hb_detail` WHERE ( userid=11 and time between 1510848000 and 1510934400 and types='分享红包' ) LIMIT 1   [ RunTime:0.0015s ]

[ 2017-11-17T09:08:50+08:00 ] 112.230.99.178 /hongbao/index.php/Index/my_rp
INFO: [ app_init ] --START--
INFO: Run Behavior\BuildLiteBehavior [ RunTime:0.000016s ]
INFO: [ app_init ] --END-- [ RunTime:0.000382s ]
INFO: [ app_begin ] --START--
INFO: Run Behavior\ReadHtmlCacheBehavior [ RunTime:0.000612s ]
INFO: [ app_begin ] --END-- [ RunTime:0.000656s ]
SQL: SHOW COLUMNS FROM `hb_sharetitle` [ RunTime:0.0016s ]
SQL: SELECT * FROM `hb_sharetitle` LIMIT 1   [ RunTime:0.0012s ]
SQL: SHOW COLUMNS FROM `hb_users` [ RunTime:0.0015s ]
SQL: SELECT * FROM `hb_users` WHERE ( id=11 ) LIMIT 1   [ RunTime:0.0012s ]

[ 2017-11-17T09:08:50+08:00 ] 112.230.99.178 /hongbao/index.php/Index/my_rpjl
INFO: [ app_init ] --START--
INFO: Run Behavior\BuildLiteBehavior [ RunTime:0.000013s ]
INFO: [ app_init ] --END-- [ RunTime:0.000334s ]
INFO: [ app_begin ] --START--
INFO: Run Behavior\ReadHtmlCacheBehavior [ RunTime:0.000587s ]
INFO: [ app_begin ] --END-- [ RunTime:0.000632s ]
SQL: SHOW COLUMNS FROM `hb_sharetitle` [ RunTime:0.0016s ]
SQL: SELECT * FROM `hb_sharetitle` LIMIT 1   [ RunTime:0.0014s ]
SQL: SHOW COLUMNS FROM `hb_detail` [ RunTime:0.0016s ]
SQL: SELECT * FROM `hb_detail` WHERE ( userid=11 ) ORDER BY time desc  [ RunTime:0.0013s ]

[ 2017-11-17T09:08:55+08:00 ] 112.230.99.178 /hongbao/index.php/Index/my_fl
INFO: [ app_init ] --START--
INFO: Run Behavior\BuildLiteBehavior [ RunTime:0.000019s ]
INFO: [ app_init ] --END-- [ RunTime:0.000372s ]
INFO: [ app_begin ] --START--
INFO: Run Behavior\ReadHtmlCacheBehavior [ RunTime:0.000603s ]
INFO: [ app_begin ] --END-- [ RunTime:0.000648s ]
SQL: SHOW COLUMNS FROM `hb_sharetitle` [ RunTime:0.0018s ]
SQL: SELECT * FROM `hb_sharetitle` LIMIT 1   [ RunTime:0.0013s ]
SQL: SHOW COLUMNS FROM `hb_users` [ RunTime:0.0017s ]
SQL: SELECT * FROM `hb_users` WHERE ( id=11 ) LIMIT 1   [ RunTime:0.0014s ]

[ 2017-11-17T09:08:55+08:00 ] 112.230.99.178 /hongbao/index.php/Index/my_khjl
INFO: [ app_init ] --START--
INFO: Run Behavior\BuildLiteBehavior [ RunTime:0.000034s ]
INFO: [ app_init ] --END-- [ RunTime:0.000372s ]
INFO: [ app_begin ] --START--
INFO: Run Behavior\ReadHtmlCacheBehavior [ RunTime:0.000568s ]
INFO: [ app_begin ] --END-- [ RunTime:0.000611s ]
SQL: SHOW COLUMNS FROM `hb_sharetitle` [ RunTime:0.0016s ]
SQL: SELECT * FROM `hb_sharetitle` LIMIT 1   [ RunTime:0.0012s ]
SQL: SHOW COLUMNS FROM `hb_submit` [ RunTime:0.0016s ]
SQL: SELECT * FROM `hb_submit` WHERE ( gl_id=11 )  [ RunTime:0.0013s ]

[ 2017-11-17T09:09:35+08:00 ] 117.136.94.244 /hongbao/index.php/Share/share?from=timeline&isappinstalled=0
INFO: [ app_init ] --START--
INFO: Run Behavior\BuildLiteBehavior [ RunTime:0.000017s ]
INFO: [ app_init ] --END-- [ RunTime:0.000352s ]
INFO: [ app_begin ] --START--
INFO: Run Behavior\ReadHtmlCacheBehavior [ RunTime:0.000573s ]
INFO: [ app_begin ] --END-- [ RunTime:0.000628s ]
SQL: SHOW COLUMNS FROM `hb_sharetitle` [ RunTime:0.0017s ]
SQL: SELECT * FROM `hb_sharetitle` LIMIT 1   [ RunTime:0.0013s ]
INFO: [ view_parse ] --START--
INFO: [ template_filter ] --START--
INFO: Run Behavior\ContentReplaceBehavior [ RunTime:0.000065s ]
INFO: [ template_filter ] --END-- [ RunTime:0.000109s ]
INFO: Run Behavior\ParseTemplateBehavior [ RunTime:0.006090s ]
INFO: [ view_parse ] --END-- [ RunTime:0.006142s ]
INFO: [ view_filter ] --START--
INFO: Run Behavior\WriteHtmlCacheBehavior [ RunTime:0.000248s ]
INFO: [ view_filter ] --END-- [ RunTime:0.000281s ]
INFO: [ app_end ] --START--
INFO: Run Behavior\ShowPageTraceBehavior [ RunTime:0.000495s ]
INFO: [ app_end ] --END-- [ RunTime:0.000532s ]

[ 2017-11-17T09:15:37+08:00 ] 183.57.53.177 /hongbao/
INFO: [ app_init ] --START--
INFO: Run Behavior\BuildLiteBehavior [ RunTime:0.000017s ]
INFO: [ app_init ] --END-- [ RunTime:0.000361s ]
INFO: [ app_begin ] --START--
INFO: Run Behavior\ReadHtmlCacheBehavior [ RunTime:0.000584s ]
INFO: [ app_begin ] --END-- [ RunTime:0.000630s ]
INFO: [ app_end ] --START--
INFO: Run Behavior\ShowPageTraceBehavior [ RunTime:0.000485s ]
INFO: [ app_end ] --END-- [ RunTime:0.000532s ]

[ 2017-11-17T09:35:21+08:00 ] 123.151.77.72 /hongbao/index.php/Share/share?from=timeline
INFO: [ app_init ] --START--
INFO: Run Behavior\BuildLiteBehavior [ RunTime:0.000014s ]
INFO: [ app_init ] --END-- [ RunTime:0.000374s ]
INFO: [ app_begin ] --START--
INFO: Run Behavior\ReadHtmlCacheBehavior [ RunTime:0.000570s ]
INFO: [ app_begin ] --END-- [ RunTime:0.000618s ]
SQL: SHOW COLUMNS FROM `hb_sharetitle` [ RunTime:0.0018s ]
SQL: SELECT * FROM `hb_sharetitle` LIMIT 1   [ RunTime:0.0015s ]
INFO: [ view_parse ] --START--
INFO: [ template_filter ] --START--
INFO: Run Behavior\ContentReplaceBehavior [ RunTime:0.000063s ]
INFO: [ template_filter ] --END-- [ RunTime:0.000107s ]
INFO: Run Behavior\ParseTemplateBehavior [ RunTime:0.005849s ]
INFO: [ view_parse ] --END-- [ RunTime:0.005896s ]
INFO: [ view_filter ] --START--
INFO: Run Behavior\WriteHtmlCacheBehavior [ RunTime:0.000249s ]
INFO: [ view_filter ] --END-- [ RunTime:0.000281s ]
INFO: [ app_end ] --START--
INFO: Run Behavior\ShowPageTraceBehavior [ RunTime:0.000482s ]
INFO: [ app_end ] --END-- [ RunTime:0.000520s ]

[ 2017-11-17T09:36:09+08:00 ] 112.230.99.178 /hongbao/
INFO: [ app_init ] --START--
INFO: Run Behavior\BuildLiteBehavior [ RunTime:0.000017s ]
INFO: [ app_init ] --END-- [ RunTime:0.000380s ]
INFO: [ app_begin ] --START--
INFO: Run Behavior\ReadHtmlCacheBehavior [ RunTime:0.000557s ]
INFO: [ app_begin ] --END-- [ RunTime:0.000608s ]
INFO: [ app_end ] --START--
INFO: Run Behavior\ShowPageTraceBehavior [ RunTime:0.000516s ]
INFO: [ app_end ] --END-- [ RunTime:0.000565s ]

[ 2017-11-17T09:36:11+08:00 ] 112.230.99.178 /hongbao/?_t_t_t=0.7426722541390101
INFO: [ app_init ] --START--
INFO: Run Behavior\BuildLiteBehavior [ RunTime:0.000020s ]
INFO: [ app_init ] --END-- [ RunTime:0.000492s ]
INFO: [ app_begin ] --START--
INFO: Run Behavior\ReadHtmlCacheBehavior [ RunTime:0.000919s ]
INFO: [ app_begin ] --END-- [ RunTime:0.000968s ]
INFO: [ app_end ] --START--
INFO: Run Behavior\ShowPageTraceBehavior [ RunTime:0.000508s ]
INFO: [ app_end ] --END-- [ RunTime:0.000561s ]

[ 2017-11-17T09:36:12+08:00 ] 112.230.99.178 /hongbao/index.php/Login/login_do?code=061C5i8O1NVou217seaO1Q6w8O1C5i8Y&state=STATE
INFO: [ app_init ] --START--
INFO: Run Behavior\BuildLiteBehavior [ RunTime:0.000016s ]
INFO: [ app_init ] --END-- [ RunTime:0.000376s ]
INFO: [ app_begin ] --START--
INFO: Run Behavior\ReadHtmlCacheBehavior [ RunTime:0.000560s ]
INFO: [ app_begin ] --END-- [ RunTime:0.000605s ]
SQL: SHOW COLUMNS FROM `hb_users` [ RunTime:0.0019s ]
SQL: SELECT * FROM `hb_users` WHERE ( openid='oDpc20beLtOBUhZsU23LdYrPFetI' ) LIMIT 1   [ RunTime:0.0013s ]
SQL: UPDATE `hb_users` SET `wx_name`='白色的希望',`wx_photo`='http://wx.qlogo.cn/mmopen/vi_32/GWkslDricRiaicsEWyrJP0Q7MLiaf3Snxu6IQkib3yA8swRkCCmrIhCuI64bV2vdx9ibuAW6BEoibAHibdyS0BdoGBUTicQ/0' WHERE ( openid='oDpc20beLtOBUhZsU23LdYrPFetI' ) [ RunTime:0.0012s ]
SQL: SELECT * FROM `hb_users` WHERE ( openid='oDpc20beLtOBUhZsU23LdYrPFetI' ) LIMIT 1   [ RunTime:0.0012s ]
INFO: [ app_end ] --START--
INFO: Run Behavior\ShowPageTraceBehavior [ RunTime:0.000552s ]
INFO: [ app_end ] --END-- [ RunTime:0.000594s ]

[ 2017-11-17T09:36:13+08:00 ] 112.230.99.178 /hongbao/index.php/Index/index.html
INFO: [ app_init ] --START--
INFO: Run Behavior\BuildLiteBehavior [ RunTime:0.000016s ]
INFO: [ app_init ] --END-- [ RunTime:0.000403s ]
INFO: [ app_begin ] --START--
INFO: Run Behavior\ReadHtmlCacheBehavior [ RunTime:0.000558s ]
INFO: [ app_begin ] --END-- [ RunTime:0.000604s ]
SQL: SHOW COLUMNS FROM `hb_sharetitle` [ RunTime:0.0020s ]
SQL: SELECT * FROM `hb_sharetitle` LIMIT 1   [ RunTime:0.0014s ]
SQL: SHOW COLUMNS FROM `hb_users` [ RunTime:0.0017s ]
SQL: SELECT * FROM `hb_users` WHERE ( id=11 ) LIMIT 1   [ RunTime:0.0015s ]
INFO: [ view_parse ] --START--
INFO: [ template_filter ] --START--
INFO: Run Behavior\ContentReplaceBehavior [ RunTime:0.000163s ]
INFO: [ template_filter ] --END-- [ RunTime:0.000226s ]
INFO: Run Behavior\ParseTemplateBehavior [ RunTime:0.009317s ]
INFO: [ view_parse ] --END-- [ RunTime:0.009363s ]
INFO: [ view_filter ] --START--
INFO: Run Behavior\WriteHtmlCacheBehavior [ RunTime:0.000259s ]
INFO: [ view_filter ] --END-- [ RunTime:0.000294s ]
INFO: [ app_end ] --START--
INFO: Run Behavior\ShowPageTraceBehavior [ RunTime:0.000529s ]
INFO: [ app_end ] --END-- [ RunTime:0.000566s ]

[ 2017-11-17T09:36:25+08:00 ] 112.230.99.178 /hongbao/index.php/Share/share_success
INFO: [ app_init ] --START--
INFO: Run Behavior\BuildLiteBehavior [ RunTime:0.000079s ]
INFO: [ app_init ] --END-- [ RunTime:0.000434s ]
INFO: [ app_begin ] --START--
INFO: Run Behavior\ReadHtmlCacheBehavior [ RunTime:0.000667s ]
INFO: [ app_begin ] --END-- [ RunTime:0.000712s ]
SQL: SHOW COLUMNS FROM `hb_users` [ RunTime:0.0020s ]
SQL: UPDATE `hb_users` SET `share_time`='1510882585' WHERE ( id=11 ) [ RunTime:0.0014s ]
INFO: [ app_end ] --START--
INFO: Run Behavior\ShowPageTraceBehavior [ RunTime:0.000605s ]
INFO: [ app_end ] --END-- [ RunTime:0.000645s ]

[ 2017-11-17T09:36:29+08:00 ] 112.230.99.178 /hongbao/index.php/Share/share?from=singlemessage&isappinstalled=0
INFO: [ app_init ] --START--
INFO: Run Behavior\BuildLiteBehavior [ RunTime:0.000023s ]
INFO: [ app_init ] --END-- [ RunTime:0.000424s ]
INFO: [ app_begin ] --START--
INFO: Run Behavior\ReadHtmlCacheBehavior [ RunTime:0.000594s ]
INFO: [ app_begin ] --END-- [ RunTime:0.000642s ]
SQL: SHOW COLUMNS FROM `hb_sharetitle` [ RunTime:0.0016s ]
SQL: SELECT * FROM `hb_sharetitle` LIMIT 1   [ RunTime:0.0013s ]
INFO: [ view_parse ] --START--
INFO: [ template_filter ] --START--
INFO: Run Behavior\ContentReplaceBehavior [ RunTime:0.000106s ]
INFO: [ template_filter ] --END-- [ RunTime:0.000164s ]
INFO: Run Behavior\ParseTemplateBehavior [ RunTime:0.006035s ]
INFO: [ view_parse ] --END-- [ RunTime:0.006088s ]
INFO: [ view_filter ] --START--
INFO: Run Behavior\WriteHtmlCacheBehavior [ RunTime:0.000246s ]
INFO: [ view_filter ] --END-- [ RunTime:0.000278s ]
INFO: [ app_end ] --START--
INFO: Run Behavior\ShowPageTraceBehavior [ RunTime:0.000492s ]
INFO: [ app_end ] --END-- [ RunTime:0.000530s ]

[ 2017-11-17T09:40:16+08:00 ] 120.204.17.67 /hongbao/?_t_t_t=0.7426722541390101
INFO: [ app_init ] --START--
INFO: Run Behavior\BuildLiteBehavior [ RunTime:0.000020s ]
INFO: [ app_init ] --END-- [ RunTime:0.000379s ]
INFO: [ app_begin ] --START--
INFO: Run Behavior\ReadHtmlCacheBehavior [ RunTime:0.000572s ]
INFO: [ app_begin ] --END-- [ RunTime:0.000624s ]
INFO: [ app_end ] --START--
INFO: Run Behavior\ShowPageTraceBehavior [ RunTime:0.000502s ]
INFO: [ app_end ] --END-- [ RunTime:0.000550s ]

[ 2017-11-17T09:42:18+08:00 ] 112.230.99.178 /hongbao/index.php/Share/share?from=singlemessage&isappinstalled=0
INFO: [ app_init ] --START--
INFO: Run Behavior\BuildLiteBehavior [ RunTime:0.000017s ]
INFO: [ app_init ] --END-- [ RunTime:0.000394s ]
INFO: [ app_begin ] --START--
INFO: Run Behavior\ReadHtmlCacheBehavior [ RunTime:0.000587s ]
INFO: [ app_begin ] --END-- [ RunTime:0.000639s ]
SQL: SHOW COLUMNS FROM `hb_sharetitle` [ RunTime:0.0017s ]
SQL: SELECT * FROM `hb_sharetitle` LIMIT 1   [ RunTime:0.0016s ]
INFO: [ view_parse ] --START--
INFO: [ template_filter ] --START--
INFO: Run Behavior\ContentReplaceBehavior [ RunTime:0.000071s ]
INFO: [ template_filter ] --END-- [ RunTime:0.000117s ]
INFO: Run Behavior\ParseTemplateBehavior [ RunTime:0.006226s ]
INFO: [ view_parse ] --END-- [ RunTime:0.006279s ]
INFO: [ view_filter ] --START--
INFO: Run Behavior\WriteHtmlCacheBehavior [ RunTime:0.000237s ]
INFO: [ view_filter ] --END-- [ RunTime:0.000273s ]
INFO: [ app_end ] --START--
INFO: Run Behavior\ShowPageTraceBehavior [ RunTime:0.000527s ]
INFO: [ app_end ] --END-- [ RunTime:0.000566s ]

[ 2017-11-17T09:42:21+08:00 ] 112.230.99.178 /hongbao/index.php/Share/share?from=singlemessage&isappinstalled=0
INFO: [ app_init ] --START--
INFO: Run Behavior\BuildLiteBehavior [ RunTime:0.000019s ]
INFO: [ app_init ] --END-- [ RunTime:0.000392s ]
INFO: [ app_begin ] --START--
INFO: Run Behavior\ReadHtmlCacheBehavior [ RunTime:0.000601s ]
INFO: [ app_begin ] --END-- [ RunTime:0.000647s ]
SQL: SHOW COLUMNS FROM `hb_sharetitle` [ RunTime:0.0018s ]
SQL: SELECT * FROM `hb_sharetitle` LIMIT 1   [ RunTime:0.0015s ]
INFO: [ view_parse ] --START--
INFO: [ template_filter ] --START--
INFO: Run Behavior\ContentReplaceBehavior [ RunTime:0.000071s ]
INFO: [ template_filter ] --END-- [ RunTime:0.000115s ]
INFO: Run Behavior\ParseTemplateBehavior [ RunTime:0.006248s ]
INFO: [ view_parse ] --END-- [ RunTime:0.006297s ]
INFO: [ view_filter ] --START--
INFO: Run Behavior\WriteHtmlCacheBehavior [ RunTime:0.000264s ]
INFO: [ view_filter ] --END-- [ RunTime:0.000295s ]
INFO: [ app_end ] --START--
INFO: Run Behavior\ShowPageTraceBehavior [ RunTime:0.000604s ]
INFO: [ app_end ] --END-- [ RunTime:0.000645s ]

[ 2017-11-17T09:42:23+08:00 ] 123.151.77.73 /hongbao/
INFO: [ app_init ] --START--
INFO: Run Behavior\BuildLiteBehavior [ RunTime:0.000017s ]
INFO: [ app_init ] --END-- [ RunTime:0.000362s ]
INFO: [ app_begin ] --START--
INFO: Run Behavior\ReadHtmlCacheBehavior [ RunTime:0.000573s ]
INFO: [ app_begin ] --END-- [ RunTime:0.000620s ]
INFO: [ app_end ] --START--
INFO: Run Behavior\ShowPageTraceBehavior [ RunTime:0.000488s ]
INFO: [ app_end ] --END-- [ RunTime:0.000533s ]

[ 2017-11-17T09:42:24+08:00 ] 123.151.77.73 /hongbao/index.php/Login/login_do?code=061Hcel40q912E1k6Km40Nqjl40Hcel8&state=STATE
INFO: [ app_init ] --START--
INFO: Run Behavior\BuildLiteBehavior [ RunTime:0.000017s ]
INFO: [ app_init ] --END-- [ RunTime:0.000353s ]
INFO: [ app_begin ] --START--
INFO: Run Behavior\ReadHtmlCacheBehavior [ RunTime:0.000552s ]
INFO: [ app_begin ] --END-- [ RunTime:0.000599s ]
SQL: SHOW COLUMNS FROM `hb_users` [ RunTime:0.0020s ]
SQL: SELECT * FROM `hb_users` WHERE ( openid='oDpc20en1-o09dtEYhk0RBgHHkZo' ) LIMIT 1   [ RunTime:0.0016s ]
SQL: UPDATE `hb_users` SET `wx_name`='明',`wx_photo`='http://wx.qlogo.cn/mmopen/vi_32/Q0j4TwGTfTL6RckPVCPHtdj9ickNUiaphmV5EPhSzov8NdIAgAXA3jUcAViaiaL4jMz0Ec1yBGcQjzc5N5e0qPy1Rg/0' WHERE ( openid='oDpc20en1-o09dtEYhk0RBgHHkZo' ) [ RunTime:0.0015s ]
SQL: SELECT * FROM `hb_users` WHERE ( openid='oDpc20en1-o09dtEYhk0RBgHHkZo' ) LIMIT 1   [ RunTime:0.0015s ]
INFO: [ app_end ] --START--
INFO: Run Behavior\ShowPageTraceBehavior [ RunTime:0.000514s ]
INFO: [ app_end ] --END-- [ RunTime:0.000555s ]

[ 2017-11-17T09:42:24+08:00 ] 123.151.77.73 /hongbao/index.php/Index/index.html
INFO: [ app_init ] --START--
INFO: Run Behavior\BuildLiteBehavior [ RunTime:0.000017s ]
INFO: [ app_init ] --END-- [ RunTime:0.000367s ]
INFO: [ app_begin ] --START--
INFO: Run Behavior\ReadHtmlCacheBehavior [ RunTime:0.000603s ]
INFO: [ app_begin ] --END-- [ RunTime:0.000649s ]
SQL: SHOW COLUMNS FROM `hb_sharetitle` [ RunTime:0.0020s ]
SQL: SELECT * FROM `hb_sharetitle` LIMIT 1   [ RunTime:0.0014s ]
SQL: SHOW COLUMNS FROM `hb_users` [ RunTime:0.0020s ]
SQL: SELECT * FROM `hb_users` WHERE ( id=10 ) LIMIT 1   [ RunTime:0.0016s ]
INFO: [ view_parse ] --START--
INFO: [ template_filter ] --START--
INFO: Run Behavior\ContentReplaceBehavior [ RunTime:0.000158s ]
INFO: [ template_filter ] --END-- [ RunTime:0.000204s ]
INFO: Run Behavior\ParseTemplateBehavior [ RunTime:0.009122s ]
INFO: [ view_parse ] --END-- [ RunTime:0.009169s ]
INFO: [ view_filter ] --START--
INFO: Run Behavior\WriteHtmlCacheBehavior [ RunTime:0.000253s ]
INFO: [ view_filter ] --END-- [ RunTime:0.000287s ]
INFO: [ app_end ] --START--
INFO: Run Behavior\ShowPageTraceBehavior [ RunTime:0.000519s ]
INFO: [ app_end ] --END-- [ RunTime:0.000554s ]

[ 2017-11-17T09:42:27+08:00 ] 112.230.99.178 /hongbao/index.php/Share/share?from=singlemessage&isappinstalled=0
INFO: [ app_init ] --START--
INFO: Run Behavior\BuildLiteBehavior [ RunTime:0.000024s ]
INFO: [ app_init ] --END-- [ RunTime:0.000384s ]
INFO: [ app_begin ] --START--
INFO: Run Behavior\ReadHtmlCacheBehavior [ RunTime:0.000565s ]
INFO: [ app_begin ] --END-- [ RunTime:0.000611s ]
SQL: SHOW COLUMNS FROM `hb_sharetitle` [ RunTime:0.0020s ]
SQL: SELECT * FROM `hb_sharetitle` LIMIT 1   [ RunTime:0.0015s ]
INFO: [ view_parse ] --START--
INFO: [ template_filter ] --START--
INFO: Run Behavior\ContentReplaceBehavior [ RunTime:0.000060s ]
INFO: [ template_filter ] --END-- [ RunTime:0.000103s ]
INFO: Run Behavior\ParseTemplateBehavior [ RunTime:0.006516s ]
INFO: [ view_parse ] --END-- [ RunTime:0.006566s ]
INFO: [ view_filter ] --START--
INFO: Run Behavior\WriteHtmlCacheBehavior [ RunTime:0.000228s ]
INFO: [ view_filter ] --END-- [ RunTime:0.000260s ]
INFO: [ app_end ] --START--
INFO: Run Behavior\ShowPageTraceBehavior [ RunTime:0.000552s ]
INFO: [ app_end ] --END-- [ RunTime:0.000593s ]

[ 2017-11-17T09:42:30+08:00 ] 125.39.46.46 /hongbao/index.php/Share/share
INFO: [ app_init ] --START--
INFO: Run Behavior\BuildLiteBehavior [ RunTime:0.000039s ]
INFO: [ app_init ] --END-- [ RunTime:0.000402s ]
INFO: [ app_begin ] --START--
INFO: Run Behavior\ReadHtmlCacheBehavior [ RunTime:0.000605s ]
INFO: [ app_begin ] --END-- [ RunTime:0.000650s ]
SQL: SHOW COLUMNS FROM `hb_sharetitle` [ RunTime:0.0016s ]
SQL: SELECT * FROM `hb_sharetitle` LIMIT 1   [ RunTime:0.0012s ]
INFO: [ view_parse ] --START--
INFO: [ template_filter ] --START--
INFO: Run Behavior\ContentReplaceBehavior [ RunTime:0.000070s ]
INFO: [ template_filter ] --END-- [ RunTime:0.000114s ]
INFO: Run Behavior\ParseTemplateBehavior [ RunTime:0.005847s ]
INFO: [ view_parse ] --END-- [ RunTime:0.005895s ]
INFO: [ view_filter ] --START--
INFO: Run Behavior\WriteHtmlCacheBehavior [ RunTime:0.000231s ]
INFO: [ view_filter ] --END-- [ RunTime:0.000262s ]
INFO: [ app_end ] --START--
INFO: Run Behavior\ShowPageTraceBehavior [ RunTime:0.000517s ]
INFO: [ app_end ] --END-- [ RunTime:0.000556s ]

[ 2017-11-17T09:42:31+08:00 ] 112.230.99.178 /hongbao/index.php/Share/share?from=singlemessage&isappinstalled=0
INFO: [ app_init ] --START--
INFO: Run Behavior\BuildLiteBehavior [ RunTime:0.000016s ]
INFO: [ app_init ] --END-- [ RunTime:0.000393s ]
INFO: [ app_begin ] --START--
INFO: Run Behavior\ReadHtmlCacheBehavior [ RunTime:0.000605s ]
INFO: [ app_begin ] --END-- [ RunTime:0.000657s ]
SQL: SHOW COLUMNS FROM `hb_sharetitle` [ RunTime:0.0018s ]
SQL: SELECT * FROM `hb_sharetitle` LIMIT 1   [ RunTime:0.0014s ]
INFO: [ view_parse ] --START--
INFO: [ template_filter ] --START--
INFO: Run Behavior\ContentReplaceBehavior [ RunTime:0.000068s ]
INFO: [ template_filter ] --END-- [ RunTime:0.000112s ]
INFO: Run Behavior\ParseTemplateBehavior [ RunTime:0.005874s ]
INFO: [ view_parse ] --END-- [ RunTime:0.005922s ]
INFO: [ view_filter ] --START--
INFO: Run Behavior\WriteHtmlCacheBehavior [ RunTime:0.000226s ]
INFO: [ view_filter ] --END-- [ RunTime:0.000258s ]
INFO: [ app_end ] --START--
INFO: Run Behavior\ShowPageTraceBehavior [ RunTime:0.000512s ]
INFO: [ app_end ] --END-- [ RunTime:0.000552s ]

[ 2017-11-17T09:42:42+08:00 ] 112.230.99.178 /hongbao/index.php/Share/share?from=singlemessage&isappinstalled=0
INFO: [ app_init ] --START--
INFO: Run Behavior\BuildLiteBehavior [ RunTime:0.000016s ]
INFO: [ app_init ] --END-- [ RunTime:0.000365s ]
INFO: [ app_begin ] --START--
INFO: Run Behavior\ReadHtmlCacheBehavior [ RunTime:0.000581s ]
INFO: [ app_begin ] --END-- [ RunTime:0.000627s ]
SQL: SHOW COLUMNS FROM `hb_sharetitle` [ RunTime:0.0018s ]
SQL: SELECT * FROM `hb_sharetitle` LIMIT 1   [ RunTime:0.0013s ]
INFO: [ view_parse ] --START--
INFO: [ template_filter ] --START--
INFO: Run Behavior\ContentReplaceBehavior [ RunTime:0.000062s ]
INFO: [ template_filter ] --END-- [ RunTime:0.000106s ]
INFO: Run Behavior\ParseTemplateBehavior [ RunTime:0.005702s ]
INFO: [ view_parse ] --END-- [ RunTime:0.005749s ]
INFO: [ view_filter ] --START--
INFO: Run Behavior\WriteHtmlCacheBehavior [ RunTime:0.000257s ]
INFO: [ view_filter ] --END-- [ RunTime:0.000288s ]
INFO: [ app_end ] --START--
INFO: Run Behavior\ShowPageTraceBehavior [ RunTime:0.000504s ]
INFO: [ app_end ] --END-- [ RunTime:0.000541s ]

[ 2017-11-17T09:42:57+08:00 ] 112.230.99.178 /hongbao/index.php/Share/share?from=singlemessage&isappinstalled=0
INFO: [ app_init ] --START--
INFO: Run Behavior\BuildLiteBehavior [ RunTime:0.000016s ]
INFO: [ app_init ] --END-- [ RunTime:0.000361s ]
INFO: [ app_begin ] --START--
INFO: Run Behavior\ReadHtmlCacheBehavior [ RunTime:0.000560s ]
INFO: [ app_begin ] --END-- [ RunTime:0.000606s ]
SQL: SHOW COLUMNS FROM `hb_sharetitle` [ RunTime:0.0020s ]
SQL: SELECT * FROM `hb_sharetitle` LIMIT 1   [ RunTime:0.0014s ]
INFO: [ view_parse ] --START--
INFO: [ template_filter ] --START--
INFO: Run Behavior\ContentReplaceBehavior [ RunTime:0.000069s ]
INFO: [ template_filter ] --END-- [ RunTime:0.000113s ]
INFO: Run Behavior\ParseTemplateBehavior [ RunTime:0.005711s ]
INFO: [ view_parse ] --END-- [ RunTime:0.005760s ]
INFO: [ view_filter ] --START--
INFO: Run Behavior\WriteHtmlCacheBehavior [ RunTime:0.000226s ]
INFO: [ view_filter ] --END-- [ RunTime:0.000260s ]
INFO: [ app_end ] --START--
INFO: Run Behavior\ShowPageTraceBehavior [ RunTime:0.000476s ]
INFO: [ app_end ] --END-- [ RunTime:0.000515s ]

[ 2017-11-17T09:43:05+08:00 ] 112.230.99.178 /hongbao/index.php/Share/share?from=singlemessage&isappinstalled=0
INFO: [ app_init ] --START--
INFO: Run Behavior\BuildLiteBehavior [ RunTime:0.000020s ]
INFO: [ app_init ] --END-- [ RunTime:0.000375s ]
INFO: [ app_begin ] --START--
INFO: Run Behavior\ReadHtmlCacheBehavior [ RunTime:0.000607s ]
INFO: [ app_begin ] --END-- [ RunTime:0.000658s ]
SQL: SHOW COLUMNS FROM `hb_sharetitle` [ RunTime:0.0018s ]
SQL: SELECT * FROM `hb_sharetitle` LIMIT 1   [ RunTime:0.0015s ]
INFO: [ view_parse ] --START--
INFO: [ template_filter ] --START--
INFO: Run Behavior\ContentReplaceBehavior [ RunTime:0.000075s ]
INFO: [ template_filter ] --END-- [ RunTime:0.000135s ]
INFO: Run Behavior\ParseTemplateBehavior [ RunTime:0.006226s ]
INFO: [ view_parse ] --END-- [ RunTime:0.006274s ]
INFO: [ view_filter ] --START--
INFO: Run Behavior\WriteHtmlCacheBehavior [ RunTime:0.000249s ]
INFO: [ view_filter ] --END-- [ RunTime:0.000281s ]
INFO: [ app_end ] --START--
INFO: Run Behavior\ShowPageTraceBehavior [ RunTime:0.000498s ]
INFO: [ app_end ] --END-- [ RunTime:0.000538s ]

[ 2017-11-17T09:43:07+08:00 ] 120.204.17.69 /hongbao/index.php/Share/share?from=singlemessage&isappinstalled=0
INFO: [ app_init ] --START--
INFO: Run Behavior\BuildLiteBehavior [ RunTime:0.000022s ]
INFO: [ app_init ] --END-- [ RunTime:0.000446s ]
INFO: [ app_begin ] --START--
INFO: Run Behavior\ReadHtmlCacheBehavior [ RunTime:0.000625s ]
INFO: [ app_begin ] --END-- [ RunTime:0.000672s ]
SQL: SHOW COLUMNS FROM `hb_sharetitle` [ RunTime:0.0017s ]
SQL: SELECT * FROM `hb_sharetitle` LIMIT 1   [ RunTime:0.0013s ]
INFO: [ view_parse ] --START--
INFO: [ template_filter ] --START--
INFO: Run Behavior\ContentReplaceBehavior [ RunTime:0.000071s ]
INFO: [ template_filter ] --END-- [ RunTime:0.000116s ]
INFO: Run Behavior\ParseTemplateBehavior [ RunTime:0.005869s ]
INFO: [ view_parse ] --END-- [ RunTime:0.005917s ]
INFO: [ view_filter ] --START--
INFO: Run Behavior\WriteHtmlCacheBehavior [ RunTime:0.000224s ]
INFO: [ view_filter ] --END-- [ RunTime:0.000255s ]
INFO: [ app_end ] --START--
INFO: Run Behavior\ShowPageTraceBehavior [ RunTime:0.000489s ]
INFO: [ app_end ] --END-- [ RunTime:0.000550s ]

[ 2017-11-17T09:44:14+08:00 ] 112.230.99.178 /hongbao/index.php/Share/share?from=singlemessage&isappinstalled=0
INFO: [ app_init ] --START--
INFO: Run Behavior\BuildLiteBehavior [ RunTime:0.000017s ]
INFO: [ app_init ] --END-- [ RunTime:0.000355s ]
INFO: [ app_begin ] --START--
INFO: Run Behavior\ReadHtmlCacheBehavior [ RunTime:0.000573s ]
INFO: [ app_begin ] --END-- [ RunTime:0.000619s ]
SQL: SHOW COLUMNS FROM `hb_sharetitle` [ RunTime:0.0018s ]
SQL: SELECT * FROM `hb_sharetitle` LIMIT 1   [ RunTime:0.0012s ]
INFO: [ view_parse ] --START--
INFO: [ template_filter ] --START--
INFO: Run Behavior\ContentReplaceBehavior [ RunTime:0.000071s ]
INFO: [ template_filter ] --END-- [ RunTime:0.000117s ]
INFO: Run Behavior\ParseTemplateBehavior [ RunTime:0.012370s ]
INFO: [ view_parse ] --END-- [ RunTime:0.012448s ]
INFO: [ view_filter ] --START--
INFO: Run Behavior\WriteHtmlCacheBehavior [ RunTime:0.000269s ]
INFO: [ view_filter ] --END-- [ RunTime:0.000303s ]
INFO: [ app_end ] --START--
INFO: Run Behavior\ShowPageTraceBehavior [ RunTime:0.000557s ]
INFO: [ app_end ] --END-- [ RunTime:0.000595s ]

[ 2017-11-17T09:45:37+08:00 ] 112.230.99.178 /hongbao/index.php/Share/share_success
INFO: [ app_init ] --START--
INFO: Run Behavior\BuildLiteBehavior [ RunTime:0.000017s ]
INFO: [ app_init ] --END-- [ RunTime:0.000374s ]
INFO: [ app_begin ] --START--
INFO: Run Behavior\ReadHtmlCacheBehavior [ RunTime:0.000583s ]
INFO: [ app_begin ] --END-- [ RunTime:0.000630s ]
SQL: SHOW COLUMNS FROM `hb_users` [ RunTime:0.0021s ]
SQL: UPDATE `hb_users` SET `share_time`='1510883137' WHERE ( id=11 ) [ RunTime:0.0018s ]
INFO: [ app_end ] --START--
INFO: Run Behavior\ShowPageTraceBehavior [ RunTime:0.000544s ]
INFO: [ app_end ] --END-- [ RunTime:0.000584s ]

[ 2017-11-17T10:18:08+08:00 ] 123.151.77.70 /hongbao/index.php/Share/share?from=timeline
INFO: [ app_init ] --START--
INFO: Run Behavior\BuildLiteBehavior [ RunTime:0.000017s ]
INFO: [ app_init ] --END-- [ RunTime:0.000354s ]
INFO: [ app_begin ] --START--
INFO: Run Behavior\ReadHtmlCacheBehavior [ RunTime:0.000566s ]
INFO: [ app_begin ] --END-- [ RunTime:0.000610s ]
SQL: SHOW COLUMNS FROM `hb_sharetitle` [ RunTime:0.0020s ]
SQL: SELECT * FROM `hb_sharetitle` LIMIT 1   [ RunTime:0.0013s ]
INFO: [ view_parse ] --START--
INFO: [ template_filter ] --START--
INFO: Run Behavior\ContentReplaceBehavior [ RunTime:0.000088s ]
INFO: [ template_filter ] --END-- [ RunTime:0.000144s ]
INFO: Run Behavior\ParseTemplateBehavior [ RunTime:0.006389s ]
INFO: [ view_parse ] --END-- [ RunTime:0.006437s ]
INFO: [ view_filter ] --START--
INFO: Run Behavior\WriteHtmlCacheBehavior [ RunTime:0.000262s ]
INFO: [ view_filter ] --END-- [ RunTime:0.000294s ]
INFO: [ app_end ] --START--
INFO: Run Behavior\ShowPageTraceBehavior [ RunTime:0.000527s ]
INFO: [ app_end ] --END-- [ RunTime:0.000576s ]

[ 2017-11-17T10:18:21+08:00 ] 123.151.77.70 /hongbao/
INFO: [ app_init ] --START--
INFO: Run Behavior\BuildLiteBehavior [ RunTime:0.000016s ]
INFO: [ app_init ] --END-- [ RunTime:0.000360s ]
INFO: [ app_begin ] --START--
INFO: Run Behavior\ReadHtmlCacheBehavior [ RunTime:0.000605s ]
INFO: [ app_begin ] --END-- [ RunTime:0.000652s ]
INFO: [ app_end ] --START--
INFO: Run Behavior\ShowPageTraceBehavior [ RunTime:0.000508s ]
INFO: [ app_end ] --END-- [ RunTime:0.000552s ]

[ 2017-11-17T10:18:22+08:00 ] 123.151.77.70 /hongbao/index.php/Login/login_do?code=081TsshR0MzkI82rTjfR0fcvhR0Tsshl&state=STATE
INFO: [ app_init ] --START--
INFO: Run Behavior\BuildLiteBehavior [ RunTime:0.000018s ]
INFO: [ app_init ] --END-- [ RunTime:0.000386s ]
INFO: [ app_begin ] --START--
INFO: Run Behavior\ReadHtmlCacheBehavior [ RunTime:0.000576s ]
INFO: [ app_begin ] --END-- [ RunTime:0.000623s ]
SQL: SHOW COLUMNS FROM `hb_users` [ RunTime:0.0023s ]
SQL: SELECT * FROM `hb_users` WHERE ( openid='oDpc20UDlCoed_2MB0SDtgV3m6a8' ) LIMIT 1   [ RunTime:0.0017s ]
SQL: INSERT INTO `hb_users` (`openid`,`wx_name`,`wx_photo`,`add_time`) VALUES ('oDpc20UDlCoed_2MB0SDtgV3m6a8','A','http://wx.qlogo.cn/mmopen/vi_32/Q0j4TwGTfTJCoNOgDmxPbCKtgzVVnMqRFibicqUO7tr9sjST489LxOvCToPVhTnLy7Ay1rWmQa2296fiaK3JXEmWw/0','1510885102') [ RunTime:0.0018s ]
SQL: SELECT * FROM `hb_users` WHERE ( id=17 ) LIMIT 1   [ RunTime:0.0016s ]
INFO: [ app_end ] --START--
INFO: Run Behavior\ShowPageTraceBehavior [ RunTime:0.000687s ]
INFO: [ app_end ] --END-- [ RunTime:0.000731s ]

[ 2017-11-17T10:18:23+08:00 ] 125.39.132.94 /hongbao/index.php/Index/index.html
INFO: [ app_init ] --START--
INFO: Run Behavior\BuildLiteBehavior [ RunTime:0.000038s ]
INFO: [ app_init ] --END-- [ RunTime:0.000399s ]
INFO: [ app_begin ] --START--
INFO: Run Behavior\ReadHtmlCacheBehavior [ RunTime:0.000628s ]
INFO: [ app_begin ] --END-- [ RunTime:0.000676s ]
SQL: SHOW COLUMNS FROM `hb_sharetitle` [ RunTime:0.0017s ]
SQL: SELECT * FROM `hb_sharetitle` LIMIT 1   [ RunTime:0.0016s ]
SQL: SHOW COLUMNS FROM `hb_users` [ RunTime:0.0016s ]
SQL: SELECT * FROM `hb_users` WHERE ( id=17 ) LIMIT 1   [ RunTime:0.0013s ]
INFO: [ view_parse ] --START--
INFO: [ template_filter ] --START--
INFO: Run Behavior\ContentReplaceBehavior [ RunTime:0.000154s ]
INFO: [ template_filter ] --END-- [ RunTime:0.000197s ]
INFO: Run Behavior\ParseTemplateBehavior [ RunTime:0.009321s ]
INFO: [ view_parse ] --END-- [ RunTime:0.009367s ]
INFO: [ view_filter ] --START--
INFO: Run Behavior\WriteHtmlCacheBehavior [ RunTime:0.000226s ]
INFO: [ view_filter ] --END-- [ RunTime:0.000258s ]
INFO: [ app_end ] --START--
INFO: Run Behavior\ShowPageTraceBehavior [ RunTime:0.000525s ]
INFO: [ app_end ] --END-- [ RunTime:0.000561s ]

[ 2017-11-17T10:18:35+08:00 ] 101.226.33.204 /hongbao/index.php/Share/share?from=timeline
INFO: [ app_init ] --START--
INFO: Run Behavior\BuildLiteBehavior [ RunTime:0.000016s ]
INFO: [ app_init ] --END-- [ RunTime:0.000391s ]
INFO: [ app_begin ] --START--
INFO: Run Behavior\ReadHtmlCacheBehavior [ RunTime:0.000563s ]
INFO: [ app_begin ] --END-- [ RunTime:0.000610s ]
SQL: SHOW COLUMNS FROM `hb_sharetitle` [ RunTime:0.0019s ]
SQL: SELECT * FROM `hb_sharetitle` LIMIT 1   [ RunTime:0.0015s ]
INFO: [ view_parse ] --START--
INFO: [ template_filter ] --START--
INFO: Run Behavior\ContentReplaceBehavior [ RunTime:0.000073s ]
INFO: [ template_filter ] --END-- [ RunTime:0.000126s ]
INFO: Run Behavior\ParseTemplateBehavior [ RunTime:0.005877s ]
INFO: [ view_parse ] --END-- [ RunTime:0.005924s ]
INFO: [ view_filter ] --START--
INFO: Run Behavior\WriteHtmlCacheBehavior [ RunTime:0.000231s ]
INFO: [ view_filter ] --END-- [ RunTime:0.000262s ]
INFO: [ app_end ] --START--
INFO: Run Behavior\ShowPageTraceBehavior [ RunTime:0.000536s ]
INFO: [ app_end ] --END-- [ RunTime:0.000575s ]

[ 2017-11-17T10:18:35+08:00 ] 183.57.53.197 /hongbao/index.php/Share/share?from=timeline
INFO: [ app_init ] --START--
INFO: Run Behavior\BuildLiteBehavior [ RunTime:0.000017s ]
INFO: [ app_init ] --END-- [ RunTime:0.000387s ]
INFO: [ app_begin ] --START--
INFO: Run Behavior\ReadHtmlCacheBehavior [ RunTime:0.000570s ]
INFO: [ app_begin ] --END-- [ RunTime:0.000617s ]
SQL: SHOW COLUMNS FROM `hb_sharetitle` [ RunTime:0.0019s ]
SQL: SELECT * FROM `hb_sharetitle` LIMIT 1   [ RunTime:0.0021s ]
INFO: [ view_parse ] --START--
INFO: [ template_filter ] --START--
INFO: Run Behavior\ContentReplaceBehavior [ RunTime:0.000068s ]
INFO: [ template_filter ] --END-- [ RunTime:0.000111s ]
INFO: Run Behavior\ParseTemplateBehavior [ RunTime:0.005798s ]
INFO: [ view_parse ] --END-- [ RunTime:0.005846s ]
INFO: [ view_filter ] --START--
INFO: Run Behavior\WriteHtmlCacheBehavior [ RunTime:0.000231s ]
INFO: [ view_filter ] --END-- [ RunTime:0.000262s ]
INFO: [ app_end ] --START--
INFO: Run Behavior\ShowPageTraceBehavior [ RunTime:0.000504s ]
INFO: [ app_end ] --END-- [ RunTime:0.000543s ]

[ 2017-11-17T14:29:26+08:00 ] 183.57.53.222 /hongbao/
INFO: [ app_init ] --START--
INFO: Run Behavior\BuildLiteBehavior [ RunTime:0.000017s ]
INFO: [ app_init ] --END-- [ RunTime:0.000385s ]
INFO: [ app_begin ] --START--
INFO: Run Behavior\ReadHtmlCacheBehavior [ RunTime:0.000561s ]
INFO: [ app_begin ] --END-- [ RunTime:0.000607s ]
INFO: [ app_end ] --START--
INFO: Run Behavior\ShowPageTraceBehavior [ RunTime:0.000506s ]
INFO: [ app_end ] --END-- [ RunTime:0.000553s ]

[ 2017-11-17T14:29:33+08:00 ] 112.65.193.14 /hongbao/
INFO: [ app_init ] --START--
INFO: Run Behavior\BuildLiteBehavior [ RunTime:0.000022s ]
INFO: [ app_init ] --END-- [ RunTime:0.000415s ]
INFO: [ app_begin ] --START--
INFO: Run Behavior\ReadHtmlCacheBehavior [ RunTime:0.000583s ]
INFO: [ app_begin ] --END-- [ RunTime:0.000632s ]
INFO: [ app_end ] --START--
INFO: Run Behavior\ShowPageTraceBehavior [ RunTime:0.000513s ]
INFO: [ app_end ] --END-- [ RunTime:0.000558s ]

[ 2017-11-17T15:51:06+08:00 ] 123.151.77.81 /hongbao/
INFO: [ app_init ] --START--
INFO: Run Behavior\BuildLiteBehavior [ RunTime:0.000017s ]
INFO: [ app_init ] --END-- [ RunTime:0.000400s ]
INFO: [ app_begin ] --START--
INFO: Run Behavior\ReadHtmlCacheBehavior [ RunTime:0.000562s ]
INFO: [ app_begin ] --END-- [ RunTime:0.000611s ]
INFO: [ app_end ] --START--
INFO: Run Behavior\ShowPageTraceBehavior [ RunTime:0.000717s ]
INFO: [ app_end ] --END-- [ RunTime:0.000789s ]

[ 2017-11-17T15:51:07+08:00 ] 123.151.77.81 /hongbao/index.php/Login/login_do?code=0613TvB70Zj7iH1AOYB70BlzB703TvBy&state=STATE
INFO: [ app_init ] --START--
INFO: Run Behavior\BuildLiteBehavior [ RunTime:0.000017s ]
INFO: [ app_init ] --END-- [ RunTime:0.000353s ]
INFO: [ app_begin ] --START--
INFO: Run Behavior\ReadHtmlCacheBehavior [ RunTime:0.000578s ]
INFO: [ app_begin ] --END-- [ RunTime:0.000625s ]
NOTIC: [8] Undefined index: openid /data/home/bxu2342080037/htdocs/hongbao/app/Home/Controller/LoginController.class.php 第 23 行.
INFO: [ app_end ] --START--
INFO: Run Behavior\ShowPageTraceBehavior [ RunTime:0.000698s ]
INFO: [ app_end ] --END-- [ RunTime:0.000762s ]

[ 2017-11-17T15:51:16+08:00 ] 123.151.77.81 /hongbao/
INFO: [ app_init ] --START--
INFO: Run Behavior\BuildLiteBehavior [ RunTime:0.000016s ]
INFO: [ app_init ] --END-- [ RunTime:0.000349s ]
INFO: [ app_begin ] --START--
INFO: Run Behavior\ReadHtmlCacheBehavior [ RunTime:0.000568s ]
INFO: [ app_begin ] --END-- [ RunTime:0.000615s ]
INFO: [ app_end ] --START--
INFO: Run Behavior\ShowPageTraceBehavior [ RunTime:0.000475s ]
INFO: [ app_end ] --END-- [ RunTime:0.000518s ]

[ 2017-11-17T15:51:16+08:00 ] 123.151.77.81 /hongbao/index.php/Login/login_do?code=06122MbQ0URHdc2mfNaQ0LjtbQ022Mbd&state=STATE
INFO: [ app_init ] --START--
INFO: Run Behavior\BuildLiteBehavior [ RunTime:0.000016s ]
INFO: [ app_init ] --END-- [ RunTime:0.000356s ]
INFO: [ app_begin ] --START--
INFO: Run Behavior\ReadHtmlCacheBehavior [ RunTime:0.000579s ]
INFO: [ app_begin ] --END-- [ RunTime:0.000625s ]
NOTIC: [8] Undefined index: openid /data/home/bxu2342080037/htdocs/hongbao/app/Home/Controller/LoginController.class.php 第 23 行.
INFO: [ app_end ] --START--
INFO: Run Behavior\ShowPageTraceBehavior [ RunTime:0.000703s ]
INFO: [ app_end ] --END-- [ RunTime:0.000768s ]

[ 2017-11-17T16:02:21+08:00 ] 123.151.77.81 /hongbao/
INFO: [ app_init ] --START--
INFO: Run Behavior\BuildLiteBehavior [ RunTime:0.000018s ]
INFO: [ app_init ] --END-- [ RunTime:0.000391s ]
INFO: [ app_begin ] --START--
INFO: Run Behavior\ReadHtmlCacheBehavior [ RunTime:0.000598s ]
INFO: [ app_begin ] --END-- [ RunTime:0.000645s ]
INFO: [ app_end ] --START--
INFO: Run Behavior\ShowPageTraceBehavior [ RunTime:0.000510s ]
INFO: [ app_end ] --END-- [ RunTime:0.000554s ]

[ 2017-11-17T16:02:22+08:00 ] 123.151.77.81 /hongbao/index.php/Login/login_do?code=061hPl6r1BwHen0y9L6r11c56r1hPl6D&state=STATE
INFO: [ app_init ] --START--
INFO: Run Behavior\BuildLiteBehavior [ RunTime:0.000018s ]
INFO: [ app_init ] --END-- [ RunTime:0.000397s ]
INFO: [ app_begin ] --START--
INFO: Run Behavior\ReadHtmlCacheBehavior [ RunTime:0.000614s ]
INFO: [ app_begin ] --END-- [ RunTime:0.000663s ]
SQL: SHOW COLUMNS FROM `hb_users` [ RunTime:0.0019s ]
SQL: SELECT * FROM `hb_users` WHERE ( openid='oDpc20eDtmoam42EV3ZfdjiV4vKc' ) LIMIT 1   [ RunTime:0.0014s ]
SQL: INSERT INTO `hb_users` (`openid`,`wx_name`,`wx_photo`,`add_time`) VALUES ('oDpc20eDtmoam42EV3ZfdjiV4vKc','柚子','http://wx.qlogo.cn/mmopen/vi_32/Q0j4TwGTfTIXz7RZsSWBlLfmjmEEQ9aK7xKbYfGqvbSFvSwCicwnn9oHkOqwG6CW9W9coxv61XksbDfvsLcNLzg/0','1510905742') [ RunTime:0.0013s ]
SQL: SELECT * FROM `hb_users` WHERE ( id=18 ) LIMIT 1   [ RunTime:0.0014s ]
INFO: [ app_end ] --START--
INFO: Run Behavior\ShowPageTraceBehavior [ RunTime:0.000537s ]
INFO: [ app_end ] --END-- [ RunTime:0.000582s ]

[ 2017-11-17T16:02:23+08:00 ] 123.151.77.81 /hongbao/index.php/Index/index.html
INFO: [ app_init ] --START--
INFO: Run Behavior\BuildLiteBehavior [ RunTime:0.000025s ]
INFO: [ app_init ] --END-- [ RunTime:0.000457s ]
INFO: [ app_begin ] --START--
INFO: Run Behavior\ReadHtmlCacheBehavior [ RunTime:0.000659s ]
INFO: [ app_begin ] --END-- [ RunTime:0.000707s ]
SQL: SHOW COLUMNS FROM `hb_sharetitle` [ RunTime:0.0020s ]
SQL: SELECT * FROM `hb_sharetitle` LIMIT 1   [ RunTime:0.0016s ]
SQL: SHOW COLUMNS FROM `hb_users` [ RunTime:0.0018s ]
SQL: SELECT * FROM `hb_users` WHERE ( id=18 ) LIMIT 1   [ RunTime:0.0015s ]
INFO: [ view_parse ] --START--
INFO: [ template_filter ] --START--
INFO: Run Behavior\ContentReplaceBehavior [ RunTime:0.000189s ]
INFO: [ template_filter ] --END-- [ RunTime:0.000242s ]
INFO: Run Behavior\ParseTemplateBehavior [ RunTime:0.009873s ]
INFO: [ view_parse ] --END-- [ RunTime:0.009931s ]
INFO: [ view_filter ] --START--
INFO: Run Behavior\WriteHtmlCacheBehavior [ RunTime:0.000240s ]
INFO: [ view_filter ] --END-- [ RunTime:0.000275s ]
INFO: [ app_end ] --START--
INFO: Run Behavior\ShowPageTraceBehavior [ RunTime:0.000499s ]
INFO: [ app_end ] --END-- [ RunTime:0.000535s ]

[ 2017-11-17T16:03:56+08:00 ] 112.224.21.228 /hongbao/
INFO: [ app_init ] --START--
INFO: Run Behavior\BuildLiteBehavior [ RunTime:0.000019s ]
INFO: [ app_init ] --END-- [ RunTime:0.000367s ]
INFO: [ app_begin ] --START--
INFO: Run Behavior\ReadHtmlCacheBehavior [ RunTime:0.000574s ]
INFO: [ app_begin ] --END-- [ RunTime:0.000621s ]
INFO: [ app_end ] --START--
INFO: Run Behavior\ShowPageTraceBehavior [ RunTime:0.000495s ]
INFO: [ app_end ] --END-- [ RunTime:0.000543s ]

[ 2017-11-17T16:03:57+08:00 ] 112.224.21.228 /hongbao/index.php/Login/login_do?code=081KEJfN0Q3oN42GCDjN0IlBfN0KEJfL&state=STATE
INFO: [ app_init ] --START--
INFO: Run Behavior\BuildLiteBehavior [ RunTime:0.000016s ]
INFO: [ app_init ] --END-- [ RunTime:0.000368s ]
INFO: [ app_begin ] --START--
INFO: Run Behavior\ReadHtmlCacheBehavior [ RunTime:0.000565s ]
INFO: [ app_begin ] --END-- [ RunTime:0.000611s ]
SQL: SHOW COLUMNS FROM `hb_users` [ RunTime:0.0018s ]
SQL: SELECT * FROM `hb_users` WHERE ( openid='oDpc20b7A0yy2QeAtDq3DQpFeGP8' ) LIMIT 1   [ RunTime:0.0014s ]
SQL: INSERT INTO `hb_users` (`openid`,`wx_name`,`wx_photo`,`add_time`) VALUES ('oDpc20b7A0yy2QeAtDq3DQpFeGP8','梦飞','http://wx.qlogo.cn/mmopen/vi_32/PpjUujFicMicVf0sZzDdlrpWw8TIt0lZLCQyVl9vfGswE4TCl6DwwZGmE83n5PtkZic6aBqz9wrKPU8X4l81y1VuQ/0','1510905837') [ RunTime:0.0013s ]
SQL: SELECT * FROM `hb_users` WHERE ( id=19 ) LIMIT 1   [ RunTime:0.0013s ]
INFO: [ app_end ] --START--
INFO: Run Behavior\ShowPageTraceBehavior [ RunTime:0.000510s ]
INFO: [ app_end ] --END-- [ RunTime:0.000550s ]

[ 2017-11-17T16:03:57+08:00 ] 112.224.21.228 /hongbao/index.php/Index/index.html
INFO: [ app_init ] --START--
INFO: Run Behavior\BuildLiteBehavior [ RunTime:0.000021s ]
INFO: [ app_init ] --END-- [ RunTime:0.000496s ]
INFO: [ app_begin ] --START--
INFO: Run Behavior\ReadHtmlCacheBehavior [ RunTime:0.000646s ]
INFO: [ app_begin ] --END-- [ RunTime:0.000706s ]
SQL: SHOW COLUMNS FROM `hb_sharetitle` [ RunTime:0.0018s ]
SQL: SELECT * FROM `hb_sharetitle` LIMIT 1   [ RunTime:0.0014s ]
SQL: SHOW COLUMNS FROM `hb_users` [ RunTime:0.0016s ]
SQL: SELECT * FROM `hb_users` WHERE ( id=19 ) LIMIT 1   [ RunTime:0.0014s ]
INFO: [ view_parse ] --START--
INFO: [ template_filter ] --START--
INFO: Run Behavior\ContentReplaceBehavior [ RunTime:0.000158s ]
INFO: [ template_filter ] --END-- [ RunTime:0.000199s ]
INFO: Run Behavior\ParseTemplateBehavior [ RunTime:0.010361s ]
INFO: [ view_parse ] --END-- [ RunTime:0.010407s ]
INFO: [ view_filter ] --START--
INFO: Run Behavior\WriteHtmlCacheBehavior [ RunTime:0.000294s ]
INFO: [ view_filter ] --END-- [ RunTime:0.000328s ]
INFO: [ app_end ] --START--
INFO: Run Behavior\ShowPageTraceBehavior [ RunTime:0.000540s ]
INFO: [ app_end ] --END-- [ RunTime:0.000575s ]

[ 2017-11-17T16:04:00+08:00 ] 112.224.21.228 /hongbao/index.php/Index/my_rp
INFO: [ app_init ] --START--
INFO: Run Behavior\BuildLiteBehavior [ RunTime:0.000017s ]
INFO: [ app_init ] --END-- [ RunTime:0.000374s ]
INFO: [ app_begin ] --START--
INFO: Run Behavior\ReadHtmlCacheBehavior [ RunTime:0.000690s ]
INFO: [ app_begin ] --END-- [ RunTime:0.000801s ]
SQL: SHOW COLUMNS FROM `hb_sharetitle` [ RunTime:0.0018s ]
SQL: SELECT * FROM `hb_sharetitle` LIMIT 1   [ RunTime:0.0014s ]
SQL: SHOW COLUMNS FROM `hb_users` [ RunTime:0.0023s ]
SQL: SELECT * FROM `hb_users` WHERE ( id=19 ) LIMIT 1   [ RunTime:0.0014s ]

[ 2017-11-17T16:04:00+08:00 ] 112.224.21.228 /hongbao/index.php/Index/my_rpjl
INFO: [ app_init ] --START--
INFO: Run Behavior\BuildLiteBehavior [ RunTime:0.000017s ]
INFO: [ app_init ] --END-- [ RunTime:0.000411s ]
INFO: [ app_begin ] --START--
INFO: Run Behavior\ReadHtmlCacheBehavior [ RunTime:0.000601s ]
INFO: [ app_begin ] --END-- [ RunTime:0.000645s ]
SQL: SHOW COLUMNS FROM `hb_sharetitle` [ RunTime:0.0016s ]
SQL: SELECT * FROM `hb_sharetitle` LIMIT 1   [ RunTime:0.0012s ]
SQL: SHOW COLUMNS FROM `hb_detail` [ RunTime:0.0016s ]
SQL: SELECT * FROM `hb_detail` WHERE ( userid=19 ) ORDER BY time desc  [ RunTime:0.0014s ]

[ 2017-11-17T16:04:05+08:00 ] 112.224.21.228 /hongbao/
INFO: [ app_init ] --START--
INFO: Run Behavior\BuildLiteBehavior [ RunTime:0.000018s ]
INFO: [ app_init ] --END-- [ RunTime:0.000358s ]
INFO: [ app_begin ] --START--
INFO: Run Behavior\ReadHtmlCacheBehavior [ RunTime:0.000569s ]
INFO: [ app_begin ] --END-- [ RunTime:0.000614s ]
INFO: [ app_end ] --START--
INFO: Run Behavior\ShowPageTraceBehavior [ RunTime:0.000514s ]
INFO: [ app_end ] --END-- [ RunTime:0.000559s ]

[ 2017-11-17T16:04:05+08:00 ] 112.224.21.228 /hongbao/index.php/Login/login_do?code=011B0ugH1sg9D70Z0zfH1wQwgH1B0ugJ&state=STATE
INFO: [ app_init ] --START--
INFO: Run Behavior\BuildLiteBehavior [ RunTime:0.000020s ]
INFO: [ app_init ] --END-- [ RunTime:0.000400s ]
INFO: [ app_begin ] --START--
INFO: Run Behavior\ReadHtmlCacheBehavior [ RunTime:0.000629s ]
INFO: [ app_begin ] --END-- [ RunTime:0.000677s ]
SQL: SHOW COLUMNS FROM `hb_users` [ RunTime:0.0017s ]
SQL: SELECT * FROM `hb_users` WHERE ( openid='oDpc20b7A0yy2QeAtDq3DQpFeGP8' ) LIMIT 1   [ RunTime:0.0013s ]
SQL: UPDATE `hb_users` SET `wx_name`='梦飞',`wx_photo`='http://wx.qlogo.cn/mmopen/vi_32/PpjUujFicMicVf0sZzDdlrpWw8TIt0lZLCQyVl9vfGswE4TCl6DwwZGmE83n5PtkZic6aBqz9wrKPU8X4l81y1VuQ/0' WHERE ( openid='oDpc20b7A0yy2QeAtDq3DQpFeGP8' ) [ RunTime:0.0013s ]
SQL: SELECT * FROM `hb_users` WHERE ( openid='oDpc20b7A0yy2QeAtDq3DQpFeGP8' ) LIMIT 1   [ RunTime:0.0012s ]
INFO: [ app_end ] --START--
INFO: Run Behavior\ShowPageTraceBehavior [ RunTime:0.000576s ]
INFO: [ app_end ] --END-- [ RunTime:0.000620s ]

[ 2017-11-17T16:04:06+08:00 ] 112.224.21.228 /hongbao/index.php/Index/index.html
INFO: [ app_init ] --START--
INFO: Run Behavior\BuildLiteBehavior [ RunTime:0.000018s ]
INFO: [ app_init ] --END-- [ RunTime:0.000383s ]
INFO: [ app_begin ] --START--
INFO: Run Behavior\ReadHtmlCacheBehavior [ RunTime:0.000564s ]
INFO: [ app_begin ] --END-- [ RunTime:0.000612s ]
SQL: SHOW COLUMNS FROM `hb_sharetitle` [ RunTime:0.0016s ]
SQL: SELECT * FROM `hb_sharetitle` LIMIT 1   [ RunTime:0.0012s ]
SQL: SHOW COLUMNS FROM `hb_users` [ RunTime:0.0015s ]
SQL: SELECT * FROM `hb_users` WHERE ( id=19 ) LIMIT 1   [ RunTime:0.0012s ]
INFO: [ view_parse ] --START--
INFO: [ template_filter ] --START--
INFO: Run Behavior\ContentReplaceBehavior [ RunTime:0.000153s ]
INFO: [ template_filter ] --END-- [ RunTime:0.000198s ]
INFO: Run Behavior\ParseTemplateBehavior [ RunTime:0.008664s ]
INFO: [ view_parse ] --END-- [ RunTime:0.008709s ]
INFO: [ view_filter ] --START--
INFO: Run Behavior\WriteHtmlCacheBehavior [ RunTime:0.000228s ]
INFO: [ view_filter ] --END-- [ RunTime:0.000261s ]
INFO: [ app_end ] --START--
INFO: Run Behavior\ShowPageTraceBehavior [ RunTime:0.000499s ]
INFO: [ app_end ] --END-- [ RunTime:0.000534s ]

[ 2017-11-17T16:04:06+08:00 ] 120.204.17.71 /hongbao/index.php/Login/login_do
INFO: [ app_init ] --START--
INFO: Run Behavior\BuildLiteBehavior [ RunTime:0.000018s ]
INFO: [ app_init ] --END-- [ RunTime:0.000357s ]
INFO: [ app_begin ] --START--
INFO: Run Behavior\ReadHtmlCacheBehavior [ RunTime:0.000586s ]
INFO: [ app_begin ] --END-- [ RunTime:0.000632s ]
INFO: [ app_end ] --START--
INFO: Run Behavior\ShowPageTraceBehavior [ RunTime:0.000476s ]
INFO: [ app_end ] --END-- [ RunTime:0.000527s ]

[ 2017-11-17T16:04:08+08:00 ] 112.224.21.228 /hongbao/
INFO: [ app_init ] --START--
INFO: Run Behavior\BuildLiteBehavior [ RunTime:0.000018s ]
INFO: [ app_init ] --END-- [ RunTime:0.000398s ]
INFO: [ app_begin ] --START--
INFO: Run Behavior\ReadHtmlCacheBehavior [ RunTime:0.000602s ]
INFO: [ app_begin ] --END-- [ RunTime:0.000648s ]
INFO: [ app_end ] --START--
INFO: Run Behavior\ShowPageTraceBehavior [ RunTime:0.000577s ]
INFO: [ app_end ] --END-- [ RunTime:0.000622s ]

[ 2017-11-17T16:04:08+08:00 ] 112.224.21.228 /hongbao/index.php/Login/login_do?code=061DttXh1leeew0jtTWh1JmTXh1DttXM&state=STATE
INFO: [ app_init ] --START--
INFO: Run Behavior\BuildLiteBehavior [ RunTime:0.000018s ]
INFO: [ app_init ] --END-- [ RunTime:0.000364s ]
INFO: [ app_begin ] --START--
INFO: Run Behavior\ReadHtmlCacheBehavior [ RunTime:0.000585s ]
INFO: [ app_begin ] --END-- [ RunTime:0.000632s ]
SQL: SHOW COLUMNS FROM `hb_users` [ RunTime:0.0019s ]
SQL: SELECT * FROM `hb_users` WHERE ( openid='oDpc20b7A0yy2QeAtDq3DQpFeGP8' ) LIMIT 1   [ RunTime:0.0012s ]
SQL: UPDATE `hb_users` SET `wx_name`='梦飞',`wx_photo`='http://wx.qlogo.cn/mmopen/vi_32/PpjUujFicMicVf0sZzDdlrpWw8TIt0lZLCQyVl9vfGswE4TCl6DwwZGmE83n5PtkZic6aBqz9wrKPU8X4l81y1VuQ/0' WHERE ( openid='oDpc20b7A0yy2QeAtDq3DQpFeGP8' ) [ RunTime:0.0013s ]
SQL: SELECT * FROM `hb_users` WHERE ( openid='oDpc20b7A0yy2QeAtDq3DQpFeGP8' ) LIMIT 1   [ RunTime:0.0012s ]
INFO: [ app_end ] --START--
INFO: Run Behavior\ShowPageTraceBehavior [ RunTime:0.000527s ]
INFO: [ app_end ] --END-- [ RunTime:0.000569s ]

[ 2017-11-17T16:04:09+08:00 ] 112.224.21.228 /hongbao/index.php/Index/index.html
INFO: [ app_init ] --START--
INFO: Run Behavior\BuildLiteBehavior [ RunTime:0.000017s ]
INFO: [ app_init ] --END-- [ RunTime:0.000387s ]
INFO: [ app_begin ] --START--
INFO: Run Behavior\ReadHtmlCacheBehavior [ RunTime:0.000652s ]
INFO: [ app_begin ] --END-- [ RunTime:0.000717s ]
SQL: SHOW COLUMNS FROM `hb_sharetitle` [ RunTime:0.0020s ]
SQL: SELECT * FROM `hb_sharetitle` LIMIT 1   [ RunTime:0.0014s ]
SQL: SHOW COLUMNS FROM `hb_users` [ RunTime:0.0019s ]
SQL: SELECT * FROM `hb_users` WHERE ( id=19 ) LIMIT 1   [ RunTime:0.0015s ]
INFO: [ view_parse ] --START--
INFO: [ template_filter ] --START--
INFO: Run Behavior\ContentReplaceBehavior [ RunTime:0.000171s ]
INFO: [ template_filter ] --END-- [ RunTime:0.000227s ]
INFO: Run Behavior\ParseTemplateBehavior [ RunTime:0.010354s ]
INFO: [ view_parse ] --END-- [ RunTime:0.010407s ]
INFO: [ view_filter ] --START--
INFO: Run Behavior\WriteHtmlCacheBehavior [ RunTime:0.000237s ]
INFO: [ view_filter ] --END-- [ RunTime:0.000270s ]
INFO: [ app_end ] --START--
INFO: Run Behavior\ShowPageTraceBehavior [ RunTime:0.000514s ]
INFO: [ app_end ] --END-- [ RunTime:0.000549s ]

[ 2017-11-17T16:06:09+08:00 ] 123.151.77.81 /hongbao/
INFO: [ app_init ] --START--
INFO: Run Behavior\BuildLiteBehavior [ RunTime:0.000017s ]
INFO: [ app_init ] --END-- [ RunTime:0.000379s ]
INFO: [ app_begin ] --START--
INFO: Run Behavior\ReadHtmlCacheBehavior [ RunTime:0.000594s ]
INFO: [ app_begin ] --END-- [ RunTime:0.000639s ]
INFO: [ app_end ] --START--
INFO: Run Behavior\ShowPageTraceBehavior [ RunTime:0.000475s ]
INFO: [ app_end ] --END-- [ RunTime:0.000520s ]

[ 2017-11-17T16:06:10+08:00 ] 123.151.77.81 /hongbao/index.php/Login/login_do?code=021GU7gY0NBG922lxQhY0KcWfY0GU7gs&state=STATE
INFO: [ app_init ] --START--
INFO: Run Behavior\BuildLiteBehavior [ RunTime:0.000016s ]
INFO: [ app_init ] --END-- [ RunTime:0.000367s ]
INFO: [ app_begin ] --START--
INFO: Run Behavior\ReadHtmlCacheBehavior [ RunTime:0.000603s ]
INFO: [ app_begin ] --END-- [ RunTime:0.000650s ]
SQL: SHOW COLUMNS FROM `hb_users` [ RunTime:0.0021s ]
SQL: SELECT * FROM `hb_users` WHERE ( openid='oDpc20eDtmoam42EV3ZfdjiV4vKc' ) LIMIT 1   [ RunTime:0.0016s ]
SQL: UPDATE `hb_users` SET `wx_name`='柚子',`wx_photo`='http://wx.qlogo.cn/mmopen/vi_32/Q0j4TwGTfTIXz7RZsSWBlLfmjmEEQ9aK7xKbYfGqvbSFvSwCicwnn9oHkOqwG6CW9W9coxv61XksbDfvsLcNLzg/0' WHERE ( openid='oDpc20eDtmoam42EV3ZfdjiV4vKc' ) [ RunTime:0.0015s ]
SQL: SELECT * FROM `hb_users` WHERE ( openid='oDpc20eDtmoam42EV3ZfdjiV4vKc' ) LIMIT 1   [ RunTime:0.0015s ]
INFO: [ app_end ] --START--
INFO: Run Behavior\ShowPageTraceBehavior [ RunTime:0.000671s ]
INFO: [ app_end ] --END-- [ RunTime:0.000720s ]

[ 2017-11-17T16:06:10+08:00 ] 123.151.77.81 /hongbao/index.php/Index/index.html
INFO: [ app_init ] --START--
INFO: Run Behavior\BuildLiteBehavior [ RunTime:0.000040s ]
INFO: [ app_init ] --END-- [ RunTime:0.000423s ]
INFO: [ app_begin ] --START--
INFO: Run Behavior\ReadHtmlCacheBehavior [ RunTime:0.000563s ]
INFO: [ app_begin ] --END-- [ RunTime:0.000628s ]
SQL: SHOW COLUMNS FROM `hb_sharetitle` [ RunTime:0.0020s ]
SQL: SELECT * FROM `hb_sharetitle` LIMIT 1   [ RunTime:0.0016s ]
SQL: SHOW COLUMNS FROM `hb_users` [ RunTime:0.0019s ]
SQL: SELECT * FROM `hb_users` WHERE ( id=18 ) LIMIT 1   [ RunTime:0.0017s ]
INFO: [ view_parse ] --START--
INFO: [ template_filter ] --START--
INFO: Run Behavior\ContentReplaceBehavior [ RunTime:0.000167s ]
INFO: [ template_filter ] --END-- [ RunTime:0.000208s ]
INFO: Run Behavior\ParseTemplateBehavior [ RunTime:0.008981s ]
INFO: [ view_parse ] --END-- [ RunTime:0.009034s ]
INFO: [ view_filter ] --START--
INFO: Run Behavior\WriteHtmlCacheBehavior [ RunTime:0.000245s ]
INFO: [ view_filter ] --END-- [ RunTime:0.000278s ]
INFO: [ app_end ] --START--
INFO: Run Behavior\ShowPageTraceBehavior [ RunTime:0.000461s ]
INFO: [ app_end ] --END-- [ RunTime:0.000498s ]

[ 2017-11-17T16:06:29+08:00 ] 112.224.21.228 /hongbao/index.php/Index/grab
INFO: [ app_init ] --START--
INFO: Run Behavior\BuildLiteBehavior [ RunTime:0.000018s ]
INFO: [ app_init ] --END-- [ RunTime:0.000359s ]
INFO: [ app_begin ] --START--
INFO: Run Behavior\ReadHtmlCacheBehavior [ RunTime:0.000661s ]
INFO: [ app_begin ] --END-- [ RunTime:0.000715s ]
SQL: SHOW COLUMNS FROM `hb_sharetitle` [ RunTime:0.0017s ]
SQL: SELECT * FROM `hb_sharetitle` LIMIT 1   [ RunTime:0.0013s ]
SQL: SHOW COLUMNS FROM `hb_detail` [ RunTime:0.0016s ]
SQL: SELECT `id` FROM `hb_detail` WHERE ( userid=19 and time between 1510848000 and 1510934400 and types='分享红包' ) LIMIT 1   [ RunTime:0.0015s ]
SQL: SHOW COLUMNS FROM `hb_users` [ RunTime:0.0019s ]
SQL: SELECT `share_time` FROM `hb_users` WHERE ( id=19 ) LIMIT 1   [ RunTime:0.0014s ]

[ 2017-11-17T16:06:31+08:00 ] 123.151.77.81 /hongbao/index.php/Index/grab
INFO: [ app_init ] --START--
INFO: Run Behavior\BuildLiteBehavior [ RunTime:0.000017s ]
INFO: [ app_init ] --END-- [ RunTime:0.000362s ]
INFO: [ app_begin ] --START--
INFO: Run Behavior\ReadHtmlCacheBehavior [ RunTime:0.000597s ]
INFO: [ app_begin ] --END-- [ RunTime:0.000641s ]
SQL: SHOW COLUMNS FROM `hb_sharetitle` [ RunTime:0.0017s ]
SQL: SELECT * FROM `hb_sharetitle` LIMIT 1   [ RunTime:0.0013s ]
SQL: SHOW COLUMNS FROM `hb_detail` [ RunTime:0.0015s ]
SQL: SELECT `id` FROM `hb_detail` WHERE ( userid=18 and time between 1510848000 and 1510934400 and types='分享红包' ) LIMIT 1   [ RunTime:0.0014s ]
SQL: SHOW COLUMNS FROM `hb_users` [ RunTime:0.0022s ]
SQL: SELECT `share_time` FROM `hb_users` WHERE ( id=18 ) LIMIT 1   [ RunTime:0.0014s ]

[ 2017-11-17T16:06:34+08:00 ] 123.151.77.81 /hongbao/index.php/Index/grab
INFO: [ app_init ] --START--
INFO: Run Behavior\BuildLiteBehavior [ RunTime:0.000017s ]
INFO: [ app_init ] --END-- [ RunTime:0.000351s ]
INFO: [ app_begin ] --START--
INFO: Run Behavior\ReadHtmlCacheBehavior [ RunTime:0.000574s ]
INFO: [ app_begin ] --END-- [ RunTime:0.000617s ]
SQL: SHOW COLUMNS FROM `hb_sharetitle` [ RunTime:0.0016s ]
SQL: SELECT * FROM `hb_sharetitle` LIMIT 1   [ RunTime:0.0012s ]
SQL: SHOW COLUMNS FROM `hb_detail` [ RunTime:0.0017s ]
SQL: SELECT `id` FROM `hb_detail` WHERE ( userid=18 and time between 1510848000 and 1510934400 and types='分享红包' ) LIMIT 1   [ RunTime:0.0012s ]
SQL: SHOW COLUMNS FROM `hb_users` [ RunTime:0.0016s ]
SQL: SELECT `share_time` FROM `hb_users` WHERE ( id=18 ) LIMIT 1   [ RunTime:0.0012s ]

[ 2017-11-17T16:06:55+08:00 ] 112.224.21.228 /hongbao/index.php/Share/share_success
INFO: [ app_init ] --START--
INFO: Run Behavior\BuildLiteBehavior [ RunTime:0.000017s ]
INFO: [ app_init ] --END-- [ RunTime:0.000385s ]
INFO: [ app_begin ] --START--
INFO: Run Behavior\ReadHtmlCacheBehavior [ RunTime:0.000595s ]
INFO: [ app_begin ] --END-- [ RunTime:0.000640s ]
SQL: SHOW COLUMNS FROM `hb_users` [ RunTime:0.0019s ]
SQL: UPDATE `hb_users` SET `share_time`='1510906015' WHERE ( id=19 ) [ RunTime:0.0015s ]
INFO: [ app_end ] --START--
INFO: Run Behavior\ShowPageTraceBehavior [ RunTime:0.000566s ]
INFO: [ app_end ] --END-- [ RunTime:0.000606s ]

[ 2017-11-17T16:06:58+08:00 ] 112.224.21.228 /hongbao/index.php/Index/grab
INFO: [ app_init ] --START--
INFO: Run Behavior\BuildLiteBehavior [ RunTime:0.000021s ]
INFO: [ app_init ] --END-- [ RunTime:0.000457s ]
INFO: [ app_begin ] --START--
INFO: Run Behavior\ReadHtmlCacheBehavior [ RunTime:0.000963s ]
INFO: [ app_begin ] --END-- [ RunTime:0.001029s ]
SQL: SHOW COLUMNS FROM `hb_sharetitle` [ RunTime:0.0025s ]
SQL: SELECT * FROM `hb_sharetitle` LIMIT 1   [ RunTime:0.0012s ]
SQL: SHOW COLUMNS FROM `hb_detail` [ RunTime:0.0016s ]
SQL: SELECT `id` FROM `hb_detail` WHERE ( userid=19 and time between 1510848000 and 1510934400 and types='分享红包' ) LIMIT 1   [ RunTime:0.0012s ]
SQL: SHOW COLUMNS FROM `hb_users` [ RunTime:0.0017s ]
SQL: SELECT `share_time` FROM `hb_users` WHERE ( id=19 ) LIMIT 1   [ RunTime:0.0014s ]
SQL: SHOW COLUMNS FROM `hb_power` [ RunTime:0.0016s ]
SQL: SELECT * FROM `hb_power` LIMIT 1   [ RunTime:0.0013s ]
SQL: UPDATE `hb_users` SET `money`=money+2.6 WHERE ( id=19 ) [ RunTime:0.0013s ]
SQL: INSERT INTO `hb_detail` (`userid`,`jine`,`time`,`types`,`username`) VALUES ('19','2.6','1510906018','分享红包','梦飞') [ RunTime:0.0014s ]

[ 2017-11-17T16:06:59+08:00 ] 183.61.51.70 /hongbao/index.php/Share/share
INFO: [ app_init ] --START--
INFO: Run Behavior\BuildLiteBehavior [ RunTime:0.000017s ]
INFO: [ app_init ] --END-- [ RunTime:0.000415s ]
INFO: [ app_begin ] --START--
INFO: Run Behavior\ReadHtmlCacheBehavior [ RunTime:0.000711s ]
INFO: [ app_begin ] --END-- [ RunTime:0.000759s ]
SQL: SHOW COLUMNS FROM `hb_sharetitle` [ RunTime:0.0018s ]
SQL: SELECT * FROM `hb_sharetitle` LIMIT 1   [ RunTime:0.0012s ]
INFO: [ view_parse ] --START--
INFO: [ template_filter ] --START--
INFO: Run Behavior\ContentReplaceBehavior [ RunTime:0.000063s ]
INFO: [ template_filter ] --END-- [ RunTime:0.000103s ]
INFO: Run Behavior\ParseTemplateBehavior [ RunTime:0.005757s ]
INFO: [ view_parse ] --END-- [ RunTime:0.005803s ]
INFO: [ view_filter ] --START--
INFO: Run Behavior\WriteHtmlCacheBehavior [ RunTime:0.000249s ]
INFO: [ view_filter ] --END-- [ RunTime:0.000280s ]
INFO: [ app_end ] --START--
INFO: Run Behavior\ShowPageTraceBehavior [ RunTime:0.000544s ]
INFO: [ app_end ] --END-- [ RunTime:0.000589s ]

[ 2017-11-17T16:07:21+08:00 ] 123.151.77.81 /hongbao/index.php/Index/grab
INFO: [ app_init ] --START--
INFO: Run Behavior\BuildLiteBehavior [ RunTime:0.000020s ]
INFO: [ app_init ] --END-- [ RunTime:0.000379s ]
INFO: [ app_begin ] --START--
INFO: Run Behavior\ReadHtmlCacheBehavior [ RunTime:0.000604s ]
INFO: [ app_begin ] --END-- [ RunTime:0.000647s ]
SQL: SHOW COLUMNS FROM `hb_sharetitle` [ RunTime:0.0019s ]
SQL: SELECT * FROM `hb_sharetitle` LIMIT 1   [ RunTime:0.0014s ]
SQL: SHOW COLUMNS FROM `hb_detail` [ RunTime:0.0017s ]
SQL: SELECT `id` FROM `hb_detail` WHERE ( userid=18 and time between 1510848000 and 1510934400 and types='分享红包' ) LIMIT 1   [ RunTime:0.0015s ]
SQL: SHOW COLUMNS FROM `hb_users` [ RunTime:0.0017s ]
SQL: SELECT `share_time` FROM `hb_users` WHERE ( id=18 ) LIMIT 1   [ RunTime:0.0015s ]

[ 2017-11-17T16:08:06+08:00 ] 123.151.77.81 /hongbao/index.php/Index/grab
INFO: [ app_init ] --START--
INFO: Run Behavior\BuildLiteBehavior [ RunTime:0.000016s ]
INFO: [ app_init ] --END-- [ RunTime:0.000359s ]
INFO: [ app_begin ] --START--
INFO: Run Behavior\ReadHtmlCacheBehavior [ RunTime:0.000578s ]
INFO: [ app_begin ] --END-- [ RunTime:0.000621s ]
SQL: SHOW COLUMNS FROM `hb_sharetitle` [ RunTime:0.0019s ]
SQL: SELECT * FROM `hb_sharetitle` LIMIT 1   [ RunTime:0.0014s ]
SQL: SHOW COLUMNS FROM `hb_detail` [ RunTime:0.0017s ]
SQL: SELECT `id` FROM `hb_detail` WHERE ( userid=18 and time between 1510848000 and 1510934400 and types='分享红包' ) LIMIT 1   [ RunTime:0.0014s ]
SQL: SHOW COLUMNS FROM `hb_users` [ RunTime:0.0017s ]
SQL: SELECT `share_time` FROM `hb_users` WHERE ( id=18 ) LIMIT 1   [ RunTime:0.0014s ]

[ 2017-11-17T16:08:16+08:00 ] 123.151.77.81 /hongbao/index.php/Share/share_success
INFO: [ app_init ] --START--
INFO: Run Behavior\BuildLiteBehavior [ RunTime:0.000016s ]
INFO: [ app_init ] --END-- [ RunTime:0.000354s ]
INFO: [ app_begin ] --START--
INFO: Run Behavior\ReadHtmlCacheBehavior [ RunTime:0.000589s ]
INFO: [ app_begin ] --END-- [ RunTime:0.000634s ]
SQL: SHOW COLUMNS FROM `hb_users` [ RunTime:0.0018s ]
SQL: UPDATE `hb_users` SET `share_time`='1510906096' WHERE ( id=18 ) [ RunTime:0.0013s ]
INFO: [ app_end ] --START--
INFO: Run Behavior\ShowPageTraceBehavior [ RunTime:0.000499s ]
INFO: [ app_end ] --END-- [ RunTime:0.000539s ]

[ 2017-11-17T16:08:17+08:00 ] 123.151.77.81 /hongbao/index.php/Index/grab
INFO: [ app_init ] --START--
INFO: Run Behavior\BuildLiteBehavior [ RunTime:0.000018s ]
INFO: [ app_init ] --END-- [ RunTime:0.000365s ]
INFO: [ app_begin ] --START--
INFO: Run Behavior\ReadHtmlCacheBehavior [ RunTime:0.000626s ]
INFO: [ app_begin ] --END-- [ RunTime:0.000671s ]
SQL: SHOW COLUMNS FROM `hb_sharetitle` [ RunTime:0.0015s ]
SQL: SELECT * FROM `hb_sharetitle` LIMIT 1   [ RunTime:0.0012s ]
SQL: SHOW COLUMNS FROM `hb_detail` [ RunTime:0.0014s ]
SQL: SELECT `id` FROM `hb_detail` WHERE ( userid=18 and time between 1510848000 and 1510934400 and types='分享红包' ) LIMIT 1   [ RunTime:0.0012s ]
SQL: SHOW COLUMNS FROM `hb_users` [ RunTime:0.0015s ]
SQL: SELECT `share_time` FROM `hb_users` WHERE ( id=18 ) LIMIT 1   [ RunTime:0.0013s ]
SQL: SHOW COLUMNS FROM `hb_power` [ RunTime:0.0014s ]
SQL: SELECT * FROM `hb_power` LIMIT 1   [ RunTime:0.0012s ]
SQL: UPDATE `hb_users` SET `money`=money+3.5 WHERE ( id=18 ) [ RunTime:0.0012s ]
SQL: INSERT INTO `hb_detail` (`userid`,`jine`,`time`,`types`,`username`) VALUES ('18','3.5','1510906097','分享红包','柚子') [ RunTime:0.0013s ]

[ 2017-11-17T16:15:23+08:00 ] 123.151.77.81 /hongbao/index.php/Index/grab
INFO: [ app_init ] --START--
INFO: Run Behavior\BuildLiteBehavior [ RunTime:0.000017s ]
INFO: [ app_init ] --END-- [ RunTime:0.000357s ]
INFO: [ app_begin ] --START--
INFO: Run Behavior\ReadHtmlCacheBehavior [ RunTime:0.000551s ]
INFO: [ app_begin ] --END-- [ RunTime:0.000594s ]
SQL: SHOW COLUMNS FROM `hb_sharetitle` [ RunTime:0.0018s ]
SQL: SELECT * FROM `hb_sharetitle` LIMIT 1   [ RunTime:0.0012s ]
SQL: SHOW COLUMNS FROM `hb_detail` [ RunTime:0.0016s ]
SQL: SELECT `id` FROM `hb_detail` WHERE ( userid=18 and time between 1510848000 and 1510934400 and types='分享红包' ) LIMIT 1   [ RunTime:0.0013s ]

[ 2017-11-17T16:15:37+08:00 ] 123.151.77.81 /hongbao/
INFO: [ app_init ] --START--
INFO: Run Behavior\BuildLiteBehavior [ RunTime:0.000016s ]
INFO: [ app_init ] --END-- [ RunTime:0.000415s ]
INFO: [ app_begin ] --START--
INFO: Run Behavior\ReadHtmlCacheBehavior [ RunTime:0.000585s ]
INFO: [ app_begin ] --END-- [ RunTime:0.000633s ]
INFO: [ app_end ] --START--
INFO: Run Behavior\ShowPageTraceBehavior [ RunTime:0.000619s ]
INFO: [ app_end ] --END-- [ RunTime:0.000688s ]

[ 2017-11-17T16:15:38+08:00 ] 123.151.77.81 /hongbao/index.php/Login/login_do?code=0115RmM5266wIJ0FrUL52hs6M525RmMO&state=STATE
INFO: [ app_init ] --START--
INFO: Run Behavior\BuildLiteBehavior [ RunTime:0.000014s ]
INFO: [ app_init ] --END-- [ RunTime:0.000380s ]
INFO: [ app_begin ] --START--
INFO: Run Behavior\ReadHtmlCacheBehavior [ RunTime:0.000616s ]
INFO: [ app_begin ] --END-- [ RunTime:0.000663s ]
SQL: SHOW COLUMNS FROM `hb_users` [ RunTime:0.0017s ]
SQL: SELECT * FROM `hb_users` WHERE ( openid='oDpc20eDtmoam42EV3ZfdjiV4vKc' ) LIMIT 1   [ RunTime:0.0013s ]
SQL: UPDATE `hb_users` SET `wx_name`='柚子',`wx_photo`='http://wx.qlogo.cn/mmopen/vi_32/Q0j4TwGTfTIXz7RZsSWBlLfmjmEEQ9aK7xKbYfGqvbSFvSwCicwnn9oHkOqwG6CW9W9coxv61XksbDfvsLcNLzg/0' WHERE ( openid='oDpc20eDtmoam42EV3ZfdjiV4vKc' ) [ RunTime:0.0013s ]
SQL: SELECT * FROM `hb_users` WHERE ( openid='oDpc20eDtmoam42EV3ZfdjiV4vKc' ) LIMIT 1   [ RunTime:0.0012s ]
INFO: [ app_end ] --START--
INFO: Run Behavior\ShowPageTraceBehavior [ RunTime:0.000555s ]
INFO: [ app_end ] --END-- [ RunTime:0.000599s ]

[ 2017-11-17T16:15:38+08:00 ] 123.151.77.81 /hongbao/index.php/Index/index.html
INFO: [ app_init ] --START--
INFO: Run Behavior\BuildLiteBehavior [ RunTime:0.000016s ]
INFO: [ app_init ] --END-- [ RunTime:0.000357s ]
INFO: [ app_begin ] --START--
INFO: Run Behavior\ReadHtmlCacheBehavior [ RunTime:0.000551s ]
INFO: [ app_begin ] --END-- [ RunTime:0.000598s ]
SQL: SHOW COLUMNS FROM `hb_sharetitle` [ RunTime:0.0021s ]
SQL: SELECT * FROM `hb_sharetitle` LIMIT 1   [ RunTime:0.0016s ]
SQL: SHOW COLUMNS FROM `hb_users` [ RunTime:0.0021s ]
SQL: SELECT * FROM `hb_users` WHERE ( id=18 ) LIMIT 1   [ RunTime:0.0018s ]
INFO: [ view_parse ] --START--
INFO: [ template_filter ] --START--
INFO: Run Behavior\ContentReplaceBehavior [ RunTime:0.000146s ]
INFO: [ template_filter ] --END-- [ RunTime:0.000205s ]
INFO: Run Behavior\ParseTemplateBehavior [ RunTime:0.009535s ]
INFO: [ view_parse ] --END-- [ RunTime:0.009581s ]
INFO: [ view_filter ] --START--
INFO: Run Behavior\WriteHtmlCacheBehavior [ RunTime:0.000259s ]
INFO: [ view_filter ] --END-- [ RunTime:0.000292s ]
INFO: [ app_end ] --START--
INFO: Run Behavior\ShowPageTraceBehavior [ RunTime:0.000456s ]
INFO: [ app_end ] --END-- [ RunTime:0.000490s ]

[ 2017-11-17T16:15:55+08:00 ] 123.151.77.81 /hongbao/
INFO: [ app_init ] --START--
INFO: Run Behavior\BuildLiteBehavior [ RunTime:0.000021s ]
INFO: [ app_init ] --END-- [ RunTime:0.000414s ]
INFO: [ app_begin ] --START--
INFO: Run Behavior\ReadHtmlCacheBehavior [ RunTime:0.000635s ]
INFO: [ app_begin ] --END-- [ RunTime:0.000681s ]
INFO: [ app_end ] --START--
INFO: Run Behavior\ShowPageTraceBehavior [ RunTime:0.000503s ]
INFO: [ app_end ] --END-- [ RunTime:0.000553s ]

[ 2017-11-17T16:15:56+08:00 ] 123.151.77.81 /hongbao/index.php/Login/login_do?code=0815dxYk1tnFGl03YxYk1svoYk15dxYc&state=STATE
INFO: [ app_init ] --START--
INFO: Run Behavior\BuildLiteBehavior [ RunTime:0.000017s ]
INFO: [ app_init ] --END-- [ RunTime:0.000377s ]
INFO: [ app_begin ] --START--
INFO: Run Behavior\ReadHtmlCacheBehavior [ RunTime:0.000576s ]
INFO: [ app_begin ] --END-- [ RunTime:0.000623s ]
SQL: SHOW COLUMNS FROM `hb_users` [ RunTime:0.0020s ]
SQL: SELECT * FROM `hb_users` WHERE ( openid='oDpc20eDtmoam42EV3ZfdjiV4vKc' ) LIMIT 1   [ RunTime:0.0014s ]
SQL: UPDATE `hb_users` SET `wx_name`='柚子',`wx_photo`='http://wx.qlogo.cn/mmopen/vi_32/Q0j4TwGTfTIXz7RZsSWBlLfmjmEEQ9aK7xKbYfGqvbSFvSwCicwnn9oHkOqwG6CW9W9coxv61XksbDfvsLcNLzg/0' WHERE ( openid='oDpc20eDtmoam42EV3ZfdjiV4vKc' ) [ RunTime:0.0015s ]
SQL: SELECT * FROM `hb_users` WHERE ( openid='oDpc20eDtmoam42EV3ZfdjiV4vKc' ) LIMIT 1   [ RunTime:0.0014s ]
INFO: [ app_end ] --START--
INFO: Run Behavior\ShowPageTraceBehavior [ RunTime:0.000614s ]
INFO: [ app_end ] --END-- [ RunTime:0.000656s ]

[ 2017-11-17T16:15:56+08:00 ] 123.151.77.81 /hongbao/index.php/Index/index.html
INFO: [ app_init ] --START--
INFO: Run Behavior\BuildLiteBehavior [ RunTime:0.000026s ]
INFO: [ app_init ] --END-- [ RunTime:0.000523s ]
INFO: [ app_begin ] --START--
INFO: Run Behavior\ReadHtmlCacheBehavior [ RunTime:0.000626s ]
INFO: [ app_begin ] --END-- [ RunTime:0.000674s ]
SQL: SHOW COLUMNS FROM `hb_sharetitle` [ RunTime:0.0015s ]
SQL: SELECT * FROM `hb_sharetitle` LIMIT 1   [ RunTime:0.0012s ]
SQL: SHOW COLUMNS FROM `hb_users` [ RunTime:0.0016s ]
SQL: SELECT * FROM `hb_users` WHERE ( id=18 ) LIMIT 1   [ RunTime:0.0012s ]
INFO: [ view_parse ] --START--
INFO: [ template_filter ] --START--
INFO: Run Behavior\ContentReplaceBehavior [ RunTime:0.000159s ]
INFO: [ template_filter ] --END-- [ RunTime:0.000234s ]
INFO: Run Behavior\ParseTemplateBehavior [ RunTime:0.009119s ]
INFO: [ view_parse ] --END-- [ RunTime:0.009185s ]
INFO: [ view_filter ] --START--
INFO: Run Behavior\WriteHtmlCacheBehavior [ RunTime:0.000229s ]
INFO: [ view_filter ] --END-- [ RunTime:0.000263s ]
INFO: [ app_end ] --START--
INFO: Run Behavior\ShowPageTraceBehavior [ RunTime:0.000474s ]
INFO: [ app_end ] --END-- [ RunTime:0.000511s ]

[ 2017-11-17T22:25:50+08:00 ] 125.39.46.46 /hongbao/
INFO: [ app_init ] --START--
INFO: Run Behavior\BuildLiteBehavior [ RunTime:0.000016s ]
INFO: [ app_init ] --END-- [ RunTime:0.000392s ]
INFO: [ app_begin ] --START--
INFO: Run Behavior\ReadHtmlCacheBehavior [ RunTime:0.000578s ]
INFO: [ app_begin ] --END-- [ RunTime:0.000624s ]
INFO: [ app_end ] --START--
INFO: Run Behavior\ShowPageTraceBehavior [ RunTime:0.000662s ]
INFO: [ app_end ] --END-- [ RunTime:0.000716s ]

[ 2017-11-17T22:25:51+08:00 ] 125.39.46.46 /hongbao/index.php/Login/login_do?code=061HjvMb1XQJBu04PgLb1DuuMb1HjvMN&state=STATE
INFO: [ app_init ] --START--
INFO: Run Behavior\BuildLiteBehavior [ RunTime:0.000017s ]
INFO: [ app_init ] --END-- [ RunTime:0.000367s ]
INFO: [ app_begin ] --START--
INFO: Run Behavior\ReadHtmlCacheBehavior [ RunTime:0.000558s ]
INFO: [ app_begin ] --END-- [ RunTime:0.000605s ]
SQL: SHOW COLUMNS FROM `hb_users` [ RunTime:0.0022s ]
SQL: SELECT * FROM `hb_users` WHERE ( openid='oDpc20XYr5QP35yYciNQ-VmsbMzs' ) LIMIT 1   [ RunTime:0.0018s ]
SQL: UPDATE `hb_users` SET `wx_name`='红',`wx_photo`='http://wx.qlogo.cn/mmopen/vi_32/DYAIOgq83epTkhsHSHyJ6N3zKhesDVaC23RPhUbickBa4qW8qf0onPkQVbdkflzXviaSmjVzXKibm7via4ntefUAKg/0' WHERE ( openid='oDpc20XYr5QP35yYciNQ-VmsbMzs' ) [ RunTime:0.0016s ]
SQL: SELECT * FROM `hb_users` WHERE ( openid='oDpc20XYr5QP35yYciNQ-VmsbMzs' ) LIMIT 1   [ RunTime:0.0020s ]
INFO: [ app_end ] --START--
INFO: Run Behavior\ShowPageTraceBehavior [ RunTime:0.000522s ]
INFO: [ app_end ] --END-- [ RunTime:0.000570s ]

[ 2017-11-17T22:25:52+08:00 ] 123.151.76.248 /hongbao/index.php/Index/index.html
INFO: [ app_init ] --START--
INFO: Run Behavior\BuildLiteBehavior [ RunTime:0.000020s ]
INFO: [ app_init ] --END-- [ RunTime:0.000388s ]
INFO: [ app_begin ] --START--
INFO: Run Behavior\ReadHtmlCacheBehavior [ RunTime:0.000598s ]
INFO: [ app_begin ] --END-- [ RunTime:0.000645s ]
SQL: SHOW COLUMNS FROM `hb_sharetitle` [ RunTime:0.0019s ]
SQL: SELECT * FROM `hb_sharetitle` LIMIT 1   [ RunTime:0.0015s ]
SQL: SHOW COLUMNS FROM `hb_users` [ RunTime:0.0017s ]
SQL: SELECT * FROM `hb_users` WHERE ( id=16 ) LIMIT 1   [ RunTime:0.0015s ]
INFO: [ view_parse ] --START--
INFO: [ template_filter ] --START--
INFO: Run Behavior\ContentReplaceBehavior [ RunTime:0.000173s ]
INFO: [ template_filter ] --END-- [ RunTime:0.000226s ]
INFO: Run Behavior\ParseTemplateBehavior [ RunTime:0.009117s ]
INFO: [ view_parse ] --END-- [ RunTime:0.009178s ]
INFO: [ view_filter ] --START--
INFO: Run Behavior\WriteHtmlCacheBehavior [ RunTime:0.000231s ]
INFO: [ view_filter ] --END-- [ RunTime:0.000263s ]
INFO: [ app_end ] --START--
INFO: Run Behavior\ShowPageTraceBehavior [ RunTime:0.000501s ]
INFO: [ app_end ] --END-- [ RunTime:0.000537s ]

[ 2017-11-17T22:25:57+08:00 ] 123.151.76.248 /hongbao/index.php/Index/grab
INFO: [ app_init ] --START--
INFO: Run Behavior\BuildLiteBehavior [ RunTime:0.000015s ]
INFO: [ app_init ] --END-- [ RunTime:0.000354s ]
INFO: [ app_begin ] --START--
INFO: Run Behavior\ReadHtmlCacheBehavior [ RunTime:0.000553s ]
INFO: [ app_begin ] --END-- [ RunTime:0.000598s ]
SQL: SHOW COLUMNS FROM `hb_sharetitle` [ RunTime:0.0016s ]
SQL: SELECT * FROM `hb_sharetitle` LIMIT 1   [ RunTime:0.0012s ]
SQL: SHOW COLUMNS FROM `hb_detail` [ RunTime:0.0016s ]
SQL: SELECT `id` FROM `hb_detail` WHERE ( userid=16 and time between 1510848000 and 1510934400 and types='分享红包' ) LIMIT 1   [ RunTime:0.0013s ]
SQL: SHOW COLUMNS FROM `hb_users` [ RunTime:0.0017s ]
SQL: SELECT `share_time` FROM `hb_users` WHERE ( id=16 ) LIMIT 1   [ RunTime:0.0015s ]

[ 2017-11-17T22:26:03+08:00 ] 123.151.76.248 /hongbao/index.php/Index/grab
INFO: [ app_init ] --START--
INFO: Run Behavior\BuildLiteBehavior [ RunTime:0.000020s ]
INFO: [ app_init ] --END-- [ RunTime:0.000400s ]
INFO: [ app_begin ] --START--
INFO: Run Behavior\ReadHtmlCacheBehavior [ RunTime:0.000581s ]
INFO: [ app_begin ] --END-- [ RunTime:0.000625s ]
SQL: SHOW COLUMNS FROM `hb_sharetitle` [ RunTime:0.0018s ]
SQL: SELECT * FROM `hb_sharetitle` LIMIT 1   [ RunTime:0.0012s ]
SQL: SHOW COLUMNS FROM `hb_detail` [ RunTime:0.0015s ]
SQL: SELECT `id` FROM `hb_detail` WHERE ( userid=16 and time between 1510848000 and 1510934400 and types='分享红包' ) LIMIT 1   [ RunTime:0.0012s ]
SQL: SHOW COLUMNS FROM `hb_users` [ RunTime:0.0015s ]
SQL: SELECT `share_time` FROM `hb_users` WHERE ( id=16 ) LIMIT 1   [ RunTime:0.0012s ]

[ 2017-11-17T22:26:22+08:00 ] 123.151.76.248 /hongbao/index.php/Share/share_success
INFO: [ app_init ] --START--
INFO: Run Behavior\BuildLiteBehavior [ RunTime:0.000017s ]
INFO: [ app_init ] --END-- [ RunTime:0.000354s ]
INFO: [ app_begin ] --START--
INFO: Run Behavior\ReadHtmlCacheBehavior [ RunTime:0.000569s ]
INFO: [ app_begin ] --END-- [ RunTime:0.000614s ]
SQL: SHOW COLUMNS FROM `hb_users` [ RunTime:0.0018s ]
SQL: UPDATE `hb_users` SET `share_time`='1510928782' WHERE ( id=16 ) [ RunTime:0.0014s ]
INFO: [ app_end ] --START--
INFO: Run Behavior\ShowPageTraceBehavior [ RunTime:0.000499s ]
INFO: [ app_end ] --END-- [ RunTime:0.000539s ]

[ 2017-11-17T22:26:23+08:00 ] 123.151.76.248 /hongbao/index.php/Index/grab
INFO: [ app_init ] --START--
INFO: Run Behavior\BuildLiteBehavior [ RunTime:0.000016s ]
INFO: [ app_init ] --END-- [ RunTime:0.000357s ]
INFO: [ app_begin ] --START--
INFO: Run Behavior\ReadHtmlCacheBehavior [ RunTime:0.000578s ]
INFO: [ app_begin ] --END-- [ RunTime:0.000621s ]
SQL: SHOW COLUMNS FROM `hb_sharetitle` [ RunTime:0.0018s ]
SQL: SELECT * FROM `hb_sharetitle` LIMIT 1   [ RunTime:0.0012s ]
SQL: SHOW COLUMNS FROM `hb_detail` [ RunTime:0.0016s ]
SQL: SELECT `id` FROM `hb_detail` WHERE ( userid=16 and time between 1510848000 and 1510934400 and types='分享红包' ) LIMIT 1   [ RunTime:0.0012s ]
SQL: SHOW COLUMNS FROM `hb_users` [ RunTime:0.0015s ]
SQL: SELECT `share_time` FROM `hb_users` WHERE ( id=16 ) LIMIT 1   [ RunTime:0.0014s ]
SQL: SHOW COLUMNS FROM `hb_power` [ RunTime:0.0015s ]
SQL: SELECT * FROM `hb_power` LIMIT 1   [ RunTime:0.0013s ]
SQL: UPDATE `hb_users` SET `money`=money+3.4 WHERE ( id=16 ) [ RunTime:0.0013s ]
SQL: INSERT INTO `hb_detail` (`userid`,`jine`,`time`,`types`,`username`) VALUES ('16','3.4','1510928783','分享红包','红') [ RunTime:0.0013s ]

[ 2017-11-17T22:26:52+08:00 ] 125.39.46.46 /hongbao/index.php/Index/grab
INFO: [ app_init ] --START--
INFO: Run Behavior\BuildLiteBehavior [ RunTime:0.000020s ]
INFO: [ app_init ] --END-- [ RunTime:0.000382s ]
INFO: [ app_begin ] --START--
INFO: Run Behavior\ReadHtmlCacheBehavior [ RunTime:0.000609s ]
INFO: [ app_begin ] --END-- [ RunTime:0.000654s ]
SQL: SHOW COLUMNS FROM `hb_sharetitle` [ RunTime:0.0020s ]
SQL: SELECT * FROM `hb_sharetitle` LIMIT 1   [ RunTime:0.0015s ]
SQL: SHOW COLUMNS FROM `hb_detail` [ RunTime:0.0019s ]
SQL: SELECT `id` FROM `hb_detail` WHERE ( userid=16 and time between 1510848000 and 1510934400 and types='分享红包' ) LIMIT 1   [ RunTime:0.0017s ]

