[ 2017-11-29T19:16:03+08:00 ] 123.151.77.81 /hongbao/
INFO: [ app_init ] --START--
INFO: Run Behavior\BuildLiteBehavior [ RunTime:0.000018s ]
INFO: [ app_init ] --END-- [ RunTime:0.000389s ]
INFO: [ app_begin ] --START--
INFO: Run Behavior\ReadHtmlCacheBehavior [ RunTime:0.000586s ]
INFO: [ app_begin ] --END-- [ RunTime:0.000635s ]
INFO: [ app_end ] --START--
INFO: Run Behavior\ShowPageTraceBehavior [ RunTime:0.000505s ]
INFO: [ app_end ] --END-- [ RunTime:0.000550s ]

[ 2017-11-29T19:16:04+08:00 ] 123.151.77.81 /hongbao/index.php/Login/login_do?code=0813xxvT0GYJtX1dKJuT0Ry8vT03xxvo&state=STATE
INFO: [ app_init ] --START--
INFO: Run Behavior\BuildLiteBehavior [ RunTime:0.000018s ]
INFO: [ app_init ] --END-- [ RunTime:0.000387s ]
INFO: [ app_begin ] --START--
INFO: Run Behavior\ReadHtmlCacheBehavior [ RunTime:0.000571s ]
INFO: [ app_begin ] --END-- [ RunTime:0.000619s ]
SQL: SHOW COLUMNS FROM `hb_users` [ RunTime:0.0020s ]
SQL: SELECT * FROM `hb_users` WHERE ( openid='oDpc20eDtmoam42EV3ZfdjiV4vKc' ) LIMIT 1   [ RunTime:0.0017s ]
SQL: UPDATE `hb_users` SET `wx_name`='柚子',`wx_photo`='http://wx.qlogo.cn/mmopen/vi_32/Q0j4TwGTfTIXz7RZsSWBlLfmjmEEQ9aK7xKbYfGqvbSFvSwCicwnn9oHkOqwG6CW9W9coxv61XksbDfvsLcNLzg/0' WHERE ( openid='oDpc20eDtmoam42EV3ZfdjiV4vKc' ) [ RunTime:0.0015s ]
SQL: SELECT * FROM `hb_users` WHERE ( openid='oDpc20eDtmoam42EV3ZfdjiV4vKc' ) LIMIT 1   [ RunTime:0.0014s ]
INFO: [ app_end ] --START--
INFO: Run Behavior\ShowPageTraceBehavior [ RunTime:0.000877s ]
INFO: [ app_end ] --END-- [ RunTime:0.000944s ]

[ 2017-11-29T19:16:04+08:00 ] 123.151.77.81 /hongbao/index.php/Index/index.html
INFO: [ app_init ] --START--
INFO: Run Behavior\BuildLiteBehavior [ RunTime:0.000020s ]
INFO: [ app_init ] --END-- [ RunTime:0.000413s ]
INFO: [ app_begin ] --START--
INFO: Run Behavior\ReadHtmlCacheBehavior [ RunTime:0.000619s ]
INFO: [ app_begin ] --END-- [ RunTime:0.000678s ]
SQL: SHOW COLUMNS FROM `hb_sharetitle` [ RunTime:0.0020s ]
SQL: SELECT * FROM `hb_sharetitle` LIMIT 1   [ RunTime:0.0015s ]
SQL: SHOW COLUMNS FROM `hb_users` [ RunTime:0.0017s ]
SQL: SELECT * FROM `hb_users` WHERE ( id=18 ) LIMIT 1   [ RunTime:0.0015s ]
INFO: [ view_parse ] --START--
INFO: [ template_filter ] --START--
INFO: Run Behavior\ContentReplaceBehavior [ RunTime:0.000214s ]
INFO: [ template_filter ] --END-- [ RunTime:0.000275s ]
INFO: Run Behavior\ParseTemplateBehavior [ RunTime:0.010062s ]
INFO: [ view_parse ] --END-- [ RunTime:0.010159s ]
INFO: [ view_filter ] --START--
INFO: Run Behavior\WriteHtmlCacheBehavior [ RunTime:0.000245s ]
INFO: [ view_filter ] --END-- [ RunTime:0.000281s ]
INFO: [ app_end ] --START--
INFO: Run Behavior\ShowPageTraceBehavior [ RunTime:0.000668s ]
INFO: [ app_end ] --END-- [ RunTime:0.000752s ]

[ 2017-11-29T19:16:10+08:00 ] 123.151.77.81 /hongbao/
INFO: [ app_init ] --START--
INFO: Run Behavior\BuildLiteBehavior [ RunTime:0.000023s ]
INFO: [ app_init ] --END-- [ RunTime:0.000418s ]
INFO: [ app_begin ] --START--
INFO: Run Behavior\ReadHtmlCacheBehavior [ RunTime:0.000607s ]
INFO: [ app_begin ] --END-- [ RunTime:0.000689s ]
INFO: [ app_end ] --START--
INFO: Run Behavior\ShowPageTraceBehavior [ RunTime:0.000577s ]
INFO: [ app_end ] --END-- [ RunTime:0.000628s ]

[ 2017-11-29T19:16:10+08:00 ] 123.151.77.81 /hongbao/index.php/Login/login_do?code=001sNym20exFXB1KT9n20utPm20sNym-&state=STATE
INFO: [ app_init ] --START--
INFO: Run Behavior\BuildLiteBehavior [ RunTime:0.000018s ]
INFO: [ app_init ] --END-- [ RunTime:0.000409s ]
INFO: [ app_begin ] --START--
INFO: Run Behavior\ReadHtmlCacheBehavior [ RunTime:0.000561s ]
INFO: [ app_begin ] --END-- [ RunTime:0.000609s ]
SQL: SHOW COLUMNS FROM `hb_users` [ RunTime:0.0022s ]
SQL: SELECT * FROM `hb_users` WHERE ( openid='oDpc20eDtmoam42EV3ZfdjiV4vKc' ) LIMIT 1   [ RunTime:0.0016s ]
SQL: UPDATE `hb_users` SET `wx_name`='柚子',`wx_photo`='http://wx.qlogo.cn/mmopen/vi_32/Q0j4TwGTfTIXz7RZsSWBlLfmjmEEQ9aK7xKbYfGqvbSFvSwCicwnn9oHkOqwG6CW9W9coxv61XksbDfvsLcNLzg/0' WHERE ( openid='oDpc20eDtmoam42EV3ZfdjiV4vKc' ) [ RunTime:0.0018s ]
SQL: SELECT * FROM `hb_users` WHERE ( openid='oDpc20eDtmoam42EV3ZfdjiV4vKc' ) LIMIT 1   [ RunTime:0.0017s ]
INFO: [ app_end ] --START--
INFO: Run Behavior\ShowPageTraceBehavior [ RunTime:0.000700s ]
INFO: [ app_end ] --END-- [ RunTime:0.000744s ]

[ 2017-11-29T19:16:11+08:00 ] 123.151.77.81 /hongbao/index.php/Index/index.html
INFO: [ app_init ] --START--
INFO: Run Behavior\BuildLiteBehavior [ RunTime:0.000021s ]
INFO: [ app_init ] --END-- [ RunTime:0.000578s ]
INFO: [ app_begin ] --START--
INFO: Run Behavior\ReadHtmlCacheBehavior [ RunTime:0.000904s ]
INFO: [ app_begin ] --END-- [ RunTime:0.000977s ]
SQL: SHOW COLUMNS FROM `hb_sharetitle` [ RunTime:0.0025s ]
SQL: SELECT * FROM `hb_sharetitle` LIMIT 1   [ RunTime:0.0015s ]
SQL: SHOW COLUMNS FROM `hb_users` [ RunTime:0.0018s ]
SQL: SELECT * FROM `hb_users` WHERE ( id=18 ) LIMIT 1   [ RunTime:0.0017s ]
INFO: [ view_parse ] --START--
INFO: [ template_filter ] --START--
INFO: Run Behavior\ContentReplaceBehavior [ RunTime:0.000190s ]
INFO: [ template_filter ] --END-- [ RunTime:0.000257s ]
INFO: Run Behavior\ParseTemplateBehavior [ RunTime:0.010288s ]
INFO: [ view_parse ] --END-- [ RunTime:0.010345s ]
INFO: [ view_filter ] --START--
INFO: Run Behavior\WriteHtmlCacheBehavior [ RunTime:0.000355s ]
INFO: [ view_filter ] --END-- [ RunTime:0.000397s ]
INFO: [ app_end ] --START--
INFO: Run Behavior\ShowPageTraceBehavior [ RunTime:0.000530s ]
INFO: [ app_end ] --END-- [ RunTime:0.000613s ]

[ 2017-11-29T19:16:12+08:00 ] 183.192.201.97 /hongbao/
INFO: [ app_init ] --START--
INFO: Run Behavior\BuildLiteBehavior [ RunTime:0.000019s ]
INFO: [ app_init ] --END-- [ RunTime:0.000398s ]
INFO: [ app_begin ] --START--
INFO: Run Behavior\ReadHtmlCacheBehavior [ RunTime:0.000592s ]
INFO: [ app_begin ] --END-- [ RunTime:0.000638s ]
INFO: [ app_end ] --START--
INFO: Run Behavior\ShowPageTraceBehavior [ RunTime:0.000512s ]
INFO: [ app_end ] --END-- [ RunTime:0.000557s ]

[ 2017-11-29T19:16:13+08:00 ] 123.151.77.81 /hongbao/index.php/Index/grab
INFO: [ app_init ] --START--
INFO: Run Behavior\BuildLiteBehavior [ RunTime:0.000018s ]
INFO: [ app_init ] --END-- [ RunTime:0.000382s ]
INFO: [ app_begin ] --START--
INFO: Run Behavior\ReadHtmlCacheBehavior [ RunTime:0.000565s ]
INFO: [ app_begin ] --END-- [ RunTime:0.000629s ]
SQL: SHOW COLUMNS FROM `hb_sharetitle` [ RunTime:0.0019s ]
SQL: SELECT * FROM `hb_sharetitle` LIMIT 1   [ RunTime:0.0016s ]
SQL: SHOW COLUMNS FROM `hb_detail` [ RunTime:0.0019s ]
SQL: SELECT `id` FROM `hb_detail` WHERE ( userid=18 and time between 1511884800 and 1511971200 and types='分享红包' ) LIMIT 1   [ RunTime:0.0016s ]
SQL: SHOW COLUMNS FROM `hb_users` [ RunTime:0.0018s ]
SQL: SELECT `share_time`,`share_num` FROM `hb_users` WHERE ( id=18 ) LIMIT 1   [ RunTime:0.0016s ]

[ 2017-11-29T19:16:15+08:00 ] 123.151.77.81 /hongbao/index.php/Index/grab
INFO: [ app_init ] --START--
INFO: Run Behavior\BuildLiteBehavior [ RunTime:0.000016s ]
INFO: [ app_init ] --END-- [ RunTime:0.000363s ]
INFO: [ app_begin ] --START--
INFO: Run Behavior\ReadHtmlCacheBehavior [ RunTime:0.000580s ]
INFO: [ app_begin ] --END-- [ RunTime:0.000625s ]
SQL: SHOW COLUMNS FROM `hb_sharetitle` [ RunTime:0.0018s ]
SQL: SELECT * FROM `hb_sharetitle` LIMIT 1   [ RunTime:0.0015s ]
SQL: SHOW COLUMNS FROM `hb_detail` [ RunTime:0.0018s ]
SQL: SELECT `id` FROM `hb_detail` WHERE ( userid=18 and time between 1511884800 and 1511971200 and types='分享红包' ) LIMIT 1   [ RunTime:0.0015s ]
SQL: SHOW COLUMNS FROM `hb_users` [ RunTime:0.0018s ]
SQL: SELECT `share_time`,`share_num` FROM `hb_users` WHERE ( id=18 ) LIMIT 1   [ RunTime:0.0015s ]

[ 2017-11-29T19:16:20+08:00 ] 123.151.77.81 /hongbao/
INFO: [ app_init ] --START--
INFO: Run Behavior\BuildLiteBehavior [ RunTime:0.000019s ]
INFO: [ app_init ] --END-- [ RunTime:0.000375s ]
INFO: [ app_begin ] --START--
INFO: Run Behavior\ReadHtmlCacheBehavior [ RunTime:0.000589s ]
INFO: [ app_begin ] --END-- [ RunTime:0.000638s ]
INFO: [ app_end ] --START--
INFO: Run Behavior\ShowPageTraceBehavior [ RunTime:0.000484s ]
INFO: [ app_end ] --END-- [ RunTime:0.000533s ]

[ 2017-11-29T19:16:21+08:00 ] 123.151.77.81 /hongbao/index.php/Login/login_do?code=001u6x9C0KYbfg28a77C0tSC9C0u6x99&state=STATE
INFO: [ app_init ] --START--
INFO: Run Behavior\BuildLiteBehavior [ RunTime:0.000022s ]
INFO: [ app_init ] --END-- [ RunTime:0.000445s ]
INFO: [ app_begin ] --START--
INFO: Run Behavior\ReadHtmlCacheBehavior [ RunTime:0.000593s ]
INFO: [ app_begin ] --END-- [ RunTime:0.000642s ]
SQL: SHOW COLUMNS FROM `hb_users` [ RunTime:0.0016s ]
SQL: SELECT * FROM `hb_users` WHERE ( openid='oDpc20eDtmoam42EV3ZfdjiV4vKc' ) LIMIT 1   [ RunTime:0.0013s ]
SQL: UPDATE `hb_users` SET `wx_name`='柚子',`wx_photo`='http://wx.qlogo.cn/mmopen/vi_32/Q0j4TwGTfTIXz7RZsSWBlLfmjmEEQ9aK7xKbYfGqvbSFvSwCicwnn9oHkOqwG6CW9W9coxv61XksbDfvsLcNLzg/0' WHERE ( openid='oDpc20eDtmoam42EV3ZfdjiV4vKc' ) [ RunTime:0.0014s ]
SQL: SELECT * FROM `hb_users` WHERE ( openid='oDpc20eDtmoam42EV3ZfdjiV4vKc' ) LIMIT 1   [ RunTime:0.0012s ]
INFO: [ app_end ] --START--
INFO: Run Behavior\ShowPageTraceBehavior [ RunTime:0.000554s ]
INFO: [ app_end ] --END-- [ RunTime:0.000597s ]

[ 2017-11-29T19:16:21+08:00 ] 123.151.77.81 /hongbao/index.php/Index/index.html
INFO: [ app_init ] --START--
INFO: Run Behavior\BuildLiteBehavior [ RunTime:0.000019s ]
INFO: [ app_init ] --END-- [ RunTime:0.000380s ]
INFO: [ app_begin ] --START--
INFO: Run Behavior\ReadHtmlCacheBehavior [ RunTime:0.000620s ]
INFO: [ app_begin ] --END-- [ RunTime:0.000668s ]
SQL: SHOW COLUMNS FROM `hb_sharetitle` [ RunTime:0.0016s ]
SQL: SELECT * FROM `hb_sharetitle` LIMIT 1   [ RunTime:0.0014s ]
SQL: SHOW COLUMNS FROM `hb_users` [ RunTime:0.0016s ]
SQL: SELECT * FROM `hb_users` WHERE ( id=18 ) LIMIT 1   [ RunTime:0.0014s ]
INFO: [ view_parse ] --START--
INFO: [ template_filter ] --START--
INFO: Run Behavior\ContentReplaceBehavior [ RunTime:0.000162s ]
INFO: [ template_filter ] --END-- [ RunTime:0.000206s ]
INFO: Run Behavior\ParseTemplateBehavior [ RunTime:0.010001s ]
INFO: [ view_parse ] --END-- [ RunTime:0.010048s ]
INFO: [ view_filter ] --START--
INFO: Run Behavior\WriteHtmlCacheBehavior [ RunTime:0.000263s ]
INFO: [ view_filter ] --END-- [ RunTime:0.000302s ]
INFO: [ app_end ] --START--
INFO: Run Behavior\ShowPageTraceBehavior [ RunTime:0.000542s ]
INFO: [ app_end ] --END-- [ RunTime:0.000585s ]

[ 2017-11-29T19:16:44+08:00 ] 123.151.77.81 /hongbao/index.php/Share/share_success
INFO: [ app_init ] --START--
INFO: Run Behavior\BuildLiteBehavior [ RunTime:0.000017s ]
INFO: [ app_init ] --END-- [ RunTime:0.000380s ]
INFO: [ app_begin ] --START--
INFO: Run Behavior\ReadHtmlCacheBehavior [ RunTime:0.000581s ]
INFO: [ app_begin ] --END-- [ RunTime:0.000626s ]
SQL: SHOW COLUMNS FROM `hb_users` [ RunTime:0.0017s ]
SQL: UPDATE `hb_users` SET `share_time`='1511954204' WHERE ( id=18 ) [ RunTime:0.0014s ]
INFO: [ app_end ] --START--
INFO: Run Behavior\ShowPageTraceBehavior [ RunTime:0.000491s ]
INFO: [ app_end ] --END-- [ RunTime:0.000528s ]

[ 2017-11-29T19:16:44+08:00 ] 101.226.233.158 /hongbao/index.php/Share/share
INFO: [ app_init ] --START--
INFO: Run Behavior\BuildLiteBehavior [ RunTime:0.000022s ]
INFO: [ app_init ] --END-- [ RunTime:0.000424s ]
INFO: [ app_begin ] --START--
INFO: Run Behavior\ReadHtmlCacheBehavior [ RunTime:0.000609s ]
INFO: [ app_begin ] --END-- [ RunTime:0.000656s ]
SQL: SHOW COLUMNS FROM `hb_sharetitle` [ RunTime:0.0016s ]
SQL: SELECT * FROM `hb_sharetitle` LIMIT 1   [ RunTime:0.0014s ]
INFO: [ view_parse ] --START--
INFO: [ template_filter ] --START--
INFO: Run Behavior\ContentReplaceBehavior [ RunTime:0.000064s ]
INFO: [ template_filter ] --END-- [ RunTime:0.000114s ]
INFO: Run Behavior\ParseTemplateBehavior [ RunTime:0.005821s ]
INFO: [ view_parse ] --END-- [ RunTime:0.005868s ]
INFO: [ view_filter ] --START--
INFO: Run Behavior\WriteHtmlCacheBehavior [ RunTime:0.000257s ]
INFO: [ view_filter ] --END-- [ RunTime:0.000289s ]
INFO: [ app_end ] --START--
INFO: Run Behavior\ShowPageTraceBehavior [ RunTime:0.000523s ]
INFO: [ app_end ] --END-- [ RunTime:0.000571s ]

[ 2017-11-29T19:16:49+08:00 ] 123.151.77.81 /hongbao/index.php/Index/grab
INFO: [ app_init ] --START--
INFO: Run Behavior\BuildLiteBehavior [ RunTime:0.000021s ]
INFO: [ app_init ] --END-- [ RunTime:0.000388s ]
INFO: [ app_begin ] --START--
INFO: Run Behavior\ReadHtmlCacheBehavior [ RunTime:0.000577s ]
INFO: [ app_begin ] --END-- [ RunTime:0.000620s ]
SQL: SHOW COLUMNS FROM `hb_sharetitle` [ RunTime:0.0017s ]
SQL: SELECT * FROM `hb_sharetitle` LIMIT 1   [ RunTime:0.0013s ]
SQL: SHOW COLUMNS FROM `hb_detail` [ RunTime:0.0016s ]
SQL: SELECT `id` FROM `hb_detail` WHERE ( userid=18 and time between 1511884800 and 1511971200 and types='分享红包' ) LIMIT 1   [ RunTime:0.0013s ]
SQL: SHOW COLUMNS FROM `hb_users` [ RunTime:0.0016s ]
SQL: SELECT `share_time`,`share_num` FROM `hb_users` WHERE ( id=18 ) LIMIT 1   [ RunTime:0.0015s ]
SQL: UPDATE `hb_users` SET `money`=money+2 WHERE ( id=18 ) [ RunTime:0.0014s ]
SQL: UPDATE `hb_users` SET `share_num`=share_num+1 WHERE ( id=18 ) [ RunTime:0.0014s ]
SQL: INSERT INTO `hb_detail` (`userid`,`jine`,`time`,`types`,`username`) VALUES ('18','2','1511954209','分享红包','柚子') [ RunTime:0.0014s ]

[ 2017-11-29T19:16:53+08:00 ] 123.151.77.81 /hongbao/index.php/Index/index
INFO: [ app_init ] --START--
INFO: Run Behavior\BuildLiteBehavior [ RunTime:0.000017s ]
INFO: [ app_init ] --END-- [ RunTime:0.000360s ]
INFO: [ app_begin ] --START--
INFO: Run Behavior\ReadHtmlCacheBehavior [ RunTime:0.000608s ]
INFO: [ app_begin ] --END-- [ RunTime:0.000659s ]
SQL: SHOW COLUMNS FROM `hb_sharetitle` [ RunTime:0.0018s ]
SQL: SELECT * FROM `hb_sharetitle` LIMIT 1   [ RunTime:0.0015s ]
SQL: SHOW COLUMNS FROM `hb_users` [ RunTime:0.0017s ]
SQL: SELECT * FROM `hb_users` WHERE ( id=18 ) LIMIT 1   [ RunTime:0.0016s ]
INFO: [ view_parse ] --START--
INFO: [ template_filter ] --START--
INFO: Run Behavior\ContentReplaceBehavior [ RunTime:0.000163s ]
INFO: [ template_filter ] --END-- [ RunTime:0.000213s ]
INFO: Run Behavior\ParseTemplateBehavior [ RunTime:0.009485s ]
INFO: [ view_parse ] --END-- [ RunTime:0.009531s ]
INFO: [ view_filter ] --START--
INFO: Run Behavior\WriteHtmlCacheBehavior [ RunTime:0.000257s ]
INFO: [ view_filter ] --END-- [ RunTime:0.000291s ]
INFO: [ app_end ] --START--
INFO: Run Behavior\ShowPageTraceBehavior [ RunTime:0.000524s ]
INFO: [ app_end ] --END-- [ RunTime:0.000566s ]

[ 2017-11-29T19:16:55+08:00 ] 123.151.77.81 /hongbao/index.php/Index/grab
INFO: [ app_init ] --START--
INFO: Run Behavior\BuildLiteBehavior [ RunTime:0.000019s ]
INFO: [ app_init ] --END-- [ RunTime:0.000398s ]
INFO: [ app_begin ] --START--
INFO: Run Behavior\ReadHtmlCacheBehavior [ RunTime:0.000609s ]
INFO: [ app_begin ] --END-- [ RunTime:0.000654s ]
SQL: SHOW COLUMNS FROM `hb_sharetitle` [ RunTime:0.0017s ]
SQL: SELECT * FROM `hb_sharetitle` LIMIT 1   [ RunTime:0.0014s ]
SQL: SHOW COLUMNS FROM `hb_detail` [ RunTime:0.0016s ]
SQL: SELECT `id` FROM `hb_detail` WHERE ( userid=18 and time between 1511884800 and 1511971200 and types='分享红包' ) LIMIT 1   [ RunTime:0.0015s ]

[ 2017-11-29T19:17:03+08:00 ] 120.204.17.69 /hongbao/index.php/Index/index
INFO: [ app_init ] --START--
INFO: Run Behavior\BuildLiteBehavior [ RunTime:0.000017s ]
INFO: [ app_init ] --END-- [ RunTime:0.000362s ]
INFO: [ app_begin ] --START--
INFO: Run Behavior\ReadHtmlCacheBehavior [ RunTime:0.000641s ]
INFO: [ app_begin ] --END-- [ RunTime:0.000689s ]
SQL: SHOW COLUMNS FROM `hb_sharetitle` [ RunTime:0.0016s ]
SQL: SELECT * FROM `hb_sharetitle` LIMIT 1   [ RunTime:0.0014s ]
NOTIC: [8] Undefined index: userinfo /data/home/bxu2347690191/htdocs/hongbao/app/Home/Controller/IndexController.class.php 第 6 行.
SQL: SHOW COLUMNS FROM `hb_users` [ RunTime:0.0017s ]
ERR: 1064:You have an error in your SQL syntax; check the manual that corresponds to your MySQL server version for the right syntax to use near ') LIMIT 1' at line 1
 [ SQL语句 ] : SELECT * FROM `hb_users` WHERE ( id= ) LIMIT 1  
ERR: 1064:You have an error in your SQL syntax; check the manual that corresponds to your MySQL server version for the right syntax to use near ') LIMIT 1' at line 1
 [ SQL语句 ] : SELECT * FROM `hb_users` WHERE ( id= ) LIMIT 1  
NOTIC: [2] Cannot modify header information - headers already sent by (output started at /data/home/bxu2347690191/htdocs/hongbao/app/Home/Controller/BaseController.class.php:7) /data/home/bxu2347690191/htdocs/hongbao/lib/ThinkPHP/Library/Think/Think.class.php 第 229 行.
NOTIC: [2] Cannot modify header information - headers already sent by (output started at /data/home/bxu2347690191/htdocs/hongbao/app/Home/Controller/BaseController.class.php:7) /data/home/bxu2347690191/htdocs/hongbao/lib/ThinkPHP/Library/Think/Think.class.php 第 230 行.

[ 2017-11-29T19:17:17+08:00 ] 123.151.77.81 /hongbao/
INFO: [ app_init ] --START--
INFO: Run Behavior\BuildLiteBehavior [ RunTime:0.000040s ]
INFO: [ app_init ] --END-- [ RunTime:0.000405s ]
INFO: [ app_begin ] --START--
INFO: Run Behavior\ReadHtmlCacheBehavior [ RunTime:0.000588s ]
INFO: [ app_begin ] --END-- [ RunTime:0.000641s ]
INFO: [ app_end ] --START--
INFO: Run Behavior\ShowPageTraceBehavior [ RunTime:0.000543s ]
INFO: [ app_end ] --END-- [ RunTime:0.000596s ]

[ 2017-11-29T19:17:18+08:00 ] 123.151.77.81 /hongbao/index.php/Login/login_do?code=001sC0rv1Wyks90OBqqv1UiXqv1sC0rh&state=STATE
INFO: [ app_init ] --START--
INFO: Run Behavior\BuildLiteBehavior [ RunTime:0.000018s ]
INFO: [ app_init ] --END-- [ RunTime:0.000382s ]
INFO: [ app_begin ] --START--
INFO: Run Behavior\ReadHtmlCacheBehavior [ RunTime:0.000613s ]
INFO: [ app_begin ] --END-- [ RunTime:0.000662s ]
SQL: SHOW COLUMNS FROM `hb_users` [ RunTime:0.0018s ]
SQL: SELECT * FROM `hb_users` WHERE ( openid='oDpc20eDtmoam42EV3ZfdjiV4vKc' ) LIMIT 1   [ RunTime:0.0016s ]
SQL: UPDATE `hb_users` SET `wx_name`='柚子',`wx_photo`='http://wx.qlogo.cn/mmopen/vi_32/Q0j4TwGTfTIXz7RZsSWBlLfmjmEEQ9aK7xKbYfGqvbSFvSwCicwnn9oHkOqwG6CW9W9coxv61XksbDfvsLcNLzg/0' WHERE ( openid='oDpc20eDtmoam42EV3ZfdjiV4vKc' ) [ RunTime:0.0015s ]
SQL: SELECT * FROM `hb_users` WHERE ( openid='oDpc20eDtmoam42EV3ZfdjiV4vKc' ) LIMIT 1   [ RunTime:0.0014s ]
INFO: [ app_end ] --START--
INFO: Run Behavior\ShowPageTraceBehavior [ RunTime:0.000650s ]
INFO: [ app_end ] --END-- [ RunTime:0.000691s ]

[ 2017-11-29T19:17:19+08:00 ] 123.151.77.81 /hongbao/index.php/Index/index.html
INFO: [ app_init ] --START--
INFO: Run Behavior\BuildLiteBehavior [ RunTime:0.000017s ]
INFO: [ app_init ] --END-- [ RunTime:0.000364s ]
INFO: [ app_begin ] --START--
INFO: Run Behavior\ReadHtmlCacheBehavior [ RunTime:0.000576s ]
INFO: [ app_begin ] --END-- [ RunTime:0.000622s ]
SQL: SHOW COLUMNS FROM `hb_sharetitle` [ RunTime:0.0016s ]
SQL: SELECT * FROM `hb_sharetitle` LIMIT 1   [ RunTime:0.0012s ]
SQL: SHOW COLUMNS FROM `hb_users` [ RunTime:0.0015s ]
SQL: SELECT * FROM `hb_users` WHERE ( id=18 ) LIMIT 1   [ RunTime:0.0012s ]
INFO: [ view_parse ] --START--
INFO: [ template_filter ] --START--
INFO: Run Behavior\ContentReplaceBehavior [ RunTime:0.000157s ]
INFO: [ template_filter ] --END-- [ RunTime:0.000200s ]
INFO: Run Behavior\ParseTemplateBehavior [ RunTime:0.009677s ]
INFO: [ view_parse ] --END-- [ RunTime:0.009748s ]
INFO: [ view_filter ] --START--
INFO: Run Behavior\WriteHtmlCacheBehavior [ RunTime:0.000636s ]
INFO: [ view_filter ] --END-- [ RunTime:0.000679s ]
INFO: [ app_end ] --START--
INFO: Run Behavior\ShowPageTraceBehavior [ RunTime:0.000507s ]
INFO: [ app_end ] --END-- [ RunTime:0.000596s ]

[ 2017-11-29T19:17:25+08:00 ] 123.151.77.81 /hongbao/
INFO: [ app_init ] --START--
INFO: Run Behavior\BuildLiteBehavior [ RunTime:0.000028s ]
INFO: [ app_init ] --END-- [ RunTime:0.000638s ]
INFO: [ app_begin ] --START--
INFO: Run Behavior\ReadHtmlCacheBehavior [ RunTime:0.000756s ]
INFO: [ app_begin ] --END-- [ RunTime:0.000841s ]
INFO: [ app_end ] --START--
INFO: Run Behavior\ShowPageTraceBehavior [ RunTime:0.000488s ]
INFO: [ app_end ] --END-- [ RunTime:0.000537s ]

[ 2017-11-29T19:17:26+08:00 ] 123.151.77.81 /hongbao/index.php/Login/login_do?code=08184Wma0eCtvw1GqZma0PTana084Wm7&state=STATE
INFO: [ app_init ] --START--
INFO: Run Behavior\BuildLiteBehavior [ RunTime:0.000018s ]
INFO: [ app_init ] --END-- [ RunTime:0.000363s ]
INFO: [ app_begin ] --START--
INFO: Run Behavior\ReadHtmlCacheBehavior [ RunTime:0.000572s ]
INFO: [ app_begin ] --END-- [ RunTime:0.000618s ]
SQL: SHOW COLUMNS FROM `hb_users` [ RunTime:0.0016s ]
SQL: SELECT * FROM `hb_users` WHERE ( openid='oDpc20eDtmoam42EV3ZfdjiV4vKc' ) LIMIT 1   [ RunTime:0.0012s ]
SQL: UPDATE `hb_users` SET `wx_name`='柚子',`wx_photo`='http://wx.qlogo.cn/mmopen/vi_32/Q0j4TwGTfTIXz7RZsSWBlLfmjmEEQ9aK7xKbYfGqvbSFvSwCicwnn9oHkOqwG6CW9W9coxv61XksbDfvsLcNLzg/0' WHERE ( openid='oDpc20eDtmoam42EV3ZfdjiV4vKc' ) [ RunTime:0.0014s ]
SQL: SELECT * FROM `hb_users` WHERE ( openid='oDpc20eDtmoam42EV3ZfdjiV4vKc' ) LIMIT 1   [ RunTime:0.0012s ]
INFO: [ app_end ] --START--
INFO: Run Behavior\ShowPageTraceBehavior [ RunTime:0.000557s ]
INFO: [ app_end ] --END-- [ RunTime:0.000600s ]

[ 2017-11-29T19:17:26+08:00 ] 123.151.77.81 /hongbao/index.php/Index/index.html
INFO: [ app_init ] --START--
INFO: Run Behavior\BuildLiteBehavior [ RunTime:0.000016s ]
INFO: [ app_init ] --END-- [ RunTime:0.000363s ]
INFO: [ app_begin ] --START--
INFO: Run Behavior\ReadHtmlCacheBehavior [ RunTime:0.000574s ]
INFO: [ app_begin ] --END-- [ RunTime:0.000622s ]
SQL: SHOW COLUMNS FROM `hb_sharetitle` [ RunTime:0.0016s ]
SQL: SELECT * FROM `hb_sharetitle` LIMIT 1   [ RunTime:0.0012s ]
SQL: SHOW COLUMNS FROM `hb_users` [ RunTime:0.0015s ]
SQL: SELECT * FROM `hb_users` WHERE ( id=18 ) LIMIT 1   [ RunTime:0.0012s ]
INFO: [ view_parse ] --START--
INFO: [ template_filter ] --START--
INFO: Run Behavior\ContentReplaceBehavior [ RunTime:0.000164s ]
INFO: [ template_filter ] --END-- [ RunTime:0.000223s ]
INFO: Run Behavior\ParseTemplateBehavior [ RunTime:0.009873s ]
INFO: [ view_parse ] --END-- [ RunTime:0.009931s ]
INFO: [ view_filter ] --START--
INFO: Run Behavior\WriteHtmlCacheBehavior [ RunTime:0.000305s ]
INFO: [ view_filter ] --END-- [ RunTime:0.000348s ]
INFO: [ app_end ] --START--
INFO: Run Behavior\ShowPageTraceBehavior [ RunTime:0.000526s ]
INFO: [ app_end ] --END-- [ RunTime:0.000568s ]

[ 2017-11-29T19:17:33+08:00 ] 123.151.77.81 /hongbao/
INFO: [ app_init ] --START--
INFO: Run Behavior\BuildLiteBehavior [ RunTime:0.000020s ]
INFO: [ app_init ] --END-- [ RunTime:0.000408s ]
INFO: [ app_begin ] --START--
INFO: Run Behavior\ReadHtmlCacheBehavior [ RunTime:0.000646s ]
INFO: [ app_begin ] --END-- [ RunTime:0.000726s ]
INFO: [ app_end ] --START--
INFO: Run Behavior\ShowPageTraceBehavior [ RunTime:0.000530s ]
INFO: [ app_end ] --END-- [ RunTime:0.000579s ]

[ 2017-11-29T19:17:34+08:00 ] 123.151.77.81 /hongbao/index.php/Login/login_do?code=011BBIUS1Ks2971dG6US1F30VS1BBIUY&state=STATE
INFO: [ app_init ] --START--
INFO: Run Behavior\BuildLiteBehavior [ RunTime:0.000018s ]
INFO: [ app_init ] --END-- [ RunTime:0.000394s ]
INFO: [ app_begin ] --START--
INFO: Run Behavior\ReadHtmlCacheBehavior [ RunTime:0.000669s ]
INFO: [ app_begin ] --END-- [ RunTime:0.000720s ]
SQL: SHOW COLUMNS FROM `hb_users` [ RunTime:0.0019s ]
SQL: SELECT * FROM `hb_users` WHERE ( openid='oDpc20eDtmoam42EV3ZfdjiV4vKc' ) LIMIT 1   [ RunTime:0.0014s ]
SQL: UPDATE `hb_users` SET `wx_name`='柚子',`wx_photo`='http://wx.qlogo.cn/mmopen/vi_32/Q0j4TwGTfTIXz7RZsSWBlLfmjmEEQ9aK7xKbYfGqvbSFvSwCicwnn9oHkOqwG6CW9W9coxv61XksbDfvsLcNLzg/0' WHERE ( openid='oDpc20eDtmoam42EV3ZfdjiV4vKc' ) [ RunTime:0.0015s ]
SQL: SELECT * FROM `hb_users` WHERE ( openid='oDpc20eDtmoam42EV3ZfdjiV4vKc' ) LIMIT 1   [ RunTime:0.0014s ]
INFO: [ app_end ] --START--
INFO: Run Behavior\ShowPageTraceBehavior [ RunTime:0.000733s ]
INFO: [ app_end ] --END-- [ RunTime:0.000775s ]

[ 2017-11-29T19:17:34+08:00 ] 123.151.77.81 /hongbao/index.php/Index/index.html
INFO: [ app_init ] --START--
INFO: Run Behavior\BuildLiteBehavior [ RunTime:0.000018s ]
INFO: [ app_init ] --END-- [ RunTime:0.000422s ]
INFO: [ app_begin ] --START--
INFO: Run Behavior\ReadHtmlCacheBehavior [ RunTime:0.000596s ]
INFO: [ app_begin ] --END-- [ RunTime:0.000642s ]
SQL: SHOW COLUMNS FROM `hb_sharetitle` [ RunTime:0.0017s ]
SQL: SELECT * FROM `hb_sharetitle` LIMIT 1   [ RunTime:0.0014s ]
SQL: SHOW COLUMNS FROM `hb_users` [ RunTime:0.0017s ]
SQL: SELECT * FROM `hb_users` WHERE ( id=18 ) LIMIT 1   [ RunTime:0.0014s ]
INFO: [ view_parse ] --START--
INFO: [ template_filter ] --START--
INFO: Run Behavior\ContentReplaceBehavior [ RunTime:0.000161s ]
INFO: [ template_filter ] --END-- [ RunTime:0.000209s ]
INFO: Run Behavior\ParseTemplateBehavior [ RunTime:0.009429s ]
INFO: [ view_parse ] --END-- [ RunTime:0.009476s ]
INFO: [ view_filter ] --START--
INFO: Run Behavior\WriteHtmlCacheBehavior [ RunTime:0.000231s ]
INFO: [ view_filter ] --END-- [ RunTime:0.000264s ]
INFO: [ app_end ] --START--
INFO: Run Behavior\ShowPageTraceBehavior [ RunTime:0.000522s ]
INFO: [ app_end ] --END-- [ RunTime:0.000565s ]

[ 2017-11-29T19:17:38+08:00 ] 123.151.77.81 /hongbao/
INFO: [ app_init ] --START--
INFO: Run Behavior\BuildLiteBehavior [ RunTime:0.000026s ]
INFO: [ app_init ] --END-- [ RunTime:0.000394s ]
INFO: [ app_begin ] --START--
INFO: Run Behavior\ReadHtmlCacheBehavior [ RunTime:0.000605s ]
INFO: [ app_begin ] --END-- [ RunTime:0.000652s ]
INFO: [ app_end ] --START--
INFO: Run Behavior\ShowPageTraceBehavior [ RunTime:0.000480s ]
INFO: [ app_end ] --END-- [ RunTime:0.000529s ]

[ 2017-11-29T19:17:39+08:00 ] 123.151.77.81 /hongbao/index.php/Login/login_do?code=001pBc5p0jnAko1YEj3p0WPU4p0pBc5g&state=STATE
INFO: [ app_init ] --START--
INFO: Run Behavior\BuildLiteBehavior [ RunTime:0.000022s ]
INFO: [ app_init ] --END-- [ RunTime:0.000410s ]
INFO: [ app_begin ] --START--
INFO: Run Behavior\ReadHtmlCacheBehavior [ RunTime:0.000645s ]
INFO: [ app_begin ] --END-- [ RunTime:0.000714s ]
SQL: SHOW COLUMNS FROM `hb_users` [ RunTime:0.0024s ]
SQL: SELECT * FROM `hb_users` WHERE ( openid='oDpc20eDtmoam42EV3ZfdjiV4vKc' ) LIMIT 1   [ RunTime:0.0013s ]
SQL: UPDATE `hb_users` SET `wx_name`='柚子',`wx_photo`='http://wx.qlogo.cn/mmopen/vi_32/Q0j4TwGTfTIXz7RZsSWBlLfmjmEEQ9aK7xKbYfGqvbSFvSwCicwnn9oHkOqwG6CW9W9coxv61XksbDfvsLcNLzg/0' WHERE ( openid='oDpc20eDtmoam42EV3ZfdjiV4vKc' ) [ RunTime:0.0014s ]
SQL: SELECT * FROM `hb_users` WHERE ( openid='oDpc20eDtmoam42EV3ZfdjiV4vKc' ) LIMIT 1   [ RunTime:0.0012s ]
INFO: [ app_end ] --START--
INFO: Run Behavior\ShowPageTraceBehavior [ RunTime:0.001086s ]
INFO: [ app_end ] --END-- [ RunTime:0.001159s ]

[ 2017-11-29T19:17:39+08:00 ] 123.151.77.81 /hongbao/index.php/Index/index.html
INFO: [ app_init ] --START--
INFO: Run Behavior\BuildLiteBehavior [ RunTime:0.000021s ]
INFO: [ app_init ] --END-- [ RunTime:0.000404s ]
INFO: [ app_begin ] --START--
INFO: Run Behavior\ReadHtmlCacheBehavior [ RunTime:0.000624s ]
INFO: [ app_begin ] --END-- [ RunTime:0.000672s ]
SQL: SHOW COLUMNS FROM `hb_sharetitle` [ RunTime:0.0034s ]
SQL: SELECT * FROM `hb_sharetitle` LIMIT 1   [ RunTime:0.0014s ]
SQL: SHOW COLUMNS FROM `hb_users` [ RunTime:0.0017s ]
SQL: SELECT * FROM `hb_users` WHERE ( id=18 ) LIMIT 1   [ RunTime:0.0014s ]
INFO: [ view_parse ] --START--
INFO: [ template_filter ] --START--
INFO: Run Behavior\ContentReplaceBehavior [ RunTime:0.000165s ]
INFO: [ template_filter ] --END-- [ RunTime:0.000212s ]
INFO: Run Behavior\ParseTemplateBehavior [ RunTime:0.010310s ]
INFO: [ view_parse ] --END-- [ RunTime:0.010358s ]
INFO: [ view_filter ] --START--
INFO: Run Behavior\WriteHtmlCacheBehavior [ RunTime:0.000238s ]
INFO: [ view_filter ] --END-- [ RunTime:0.000283s ]
INFO: [ app_end ] --START--
INFO: Run Behavior\ShowPageTraceBehavior [ RunTime:0.000541s ]
INFO: [ app_end ] --END-- [ RunTime:0.000583s ]

[ 2017-11-29T19:19:31+08:00 ] 123.151.77.81 /hongbao/
INFO: [ app_init ] --START--
INFO: Run Behavior\BuildLiteBehavior [ RunTime:0.000023s ]
INFO: [ app_init ] --END-- [ RunTime:0.000465s ]
INFO: [ app_begin ] --START--
INFO: Run Behavior\ReadHtmlCacheBehavior [ RunTime:0.000664s ]
INFO: [ app_begin ] --END-- [ RunTime:0.000714s ]
INFO: [ app_end ] --START--
INFO: Run Behavior\ShowPageTraceBehavior [ RunTime:0.000507s ]
INFO: [ app_end ] --END-- [ RunTime:0.000575s ]

[ 2017-11-29T19:19:32+08:00 ] 123.151.77.81 /hongbao/index.php/Login/login_do?code=011ZCjv50k95CJ1rYPs50QNtv50ZCjvq&state=STATE
INFO: [ app_init ] --START--
INFO: Run Behavior\BuildLiteBehavior [ RunTime:0.000019s ]
INFO: [ app_init ] --END-- [ RunTime:0.000381s ]
INFO: [ app_begin ] --START--
INFO: Run Behavior\ReadHtmlCacheBehavior [ RunTime:0.000573s ]
INFO: [ app_begin ] --END-- [ RunTime:0.000620s ]
SQL: SHOW COLUMNS FROM `hb_users` [ RunTime:0.0019s ]
SQL: SELECT * FROM `hb_users` WHERE ( openid='oDpc20eDtmoam42EV3ZfdjiV4vKc' ) LIMIT 1   [ RunTime:0.0014s ]
SQL: UPDATE `hb_users` SET `wx_name`='柚子',`wx_photo`='http://wx.qlogo.cn/mmopen/vi_32/Q0j4TwGTfTIXz7RZsSWBlLfmjmEEQ9aK7xKbYfGqvbSFvSwCicwnn9oHkOqwG6CW9W9coxv61XksbDfvsLcNLzg/0' WHERE ( openid='oDpc20eDtmoam42EV3ZfdjiV4vKc' ) [ RunTime:0.0015s ]
SQL: SELECT * FROM `hb_users` WHERE ( openid='oDpc20eDtmoam42EV3ZfdjiV4vKc' ) LIMIT 1   [ RunTime:0.0014s ]
INFO: [ app_end ] --START--
INFO: Run Behavior\ShowPageTraceBehavior [ RunTime:0.000653s ]
INFO: [ app_end ] --END-- [ RunTime:0.000695s ]

[ 2017-11-29T19:19:32+08:00 ] 123.151.77.81 /hongbao/index.php/Index/index.html
INFO: [ app_init ] --START--
INFO: Run Behavior\BuildLiteBehavior [ RunTime:0.000019s ]
INFO: [ app_init ] --END-- [ RunTime:0.000379s ]
INFO: [ app_begin ] --START--
INFO: Run Behavior\ReadHtmlCacheBehavior [ RunTime:0.000586s ]
INFO: [ app_begin ] --END-- [ RunTime:0.000633s ]
SQL: SHOW COLUMNS FROM `hb_sharetitle` [ RunTime:0.0018s ]
SQL: SELECT * FROM `hb_sharetitle` LIMIT 1   [ RunTime:0.0016s ]
SQL: SHOW COLUMNS FROM `hb_users` [ RunTime:0.0019s ]
SQL: SELECT * FROM `hb_users` WHERE ( id=18 ) LIMIT 1   [ RunTime:0.0015s ]
INFO: [ view_parse ] --START--
INFO: [ template_filter ] --START--
INFO: Run Behavior\ContentReplaceBehavior [ RunTime:0.000162s ]
INFO: [ template_filter ] --END-- [ RunTime:0.000206s ]
INFO: Run Behavior\ParseTemplateBehavior [ RunTime:0.009481s ]
INFO: [ view_parse ] --END-- [ RunTime:0.009527s ]
INFO: [ view_filter ] --START--
INFO: Run Behavior\WriteHtmlCacheBehavior [ RunTime:0.000242s ]
INFO: [ view_filter ] --END-- [ RunTime:0.000278s ]
INFO: [ app_end ] --START--
INFO: Run Behavior\ShowPageTraceBehavior [ RunTime:0.000493s ]
INFO: [ app_end ] --END-- [ RunTime:0.000534s ]

[ 2017-11-29T19:21:26+08:00 ] 123.151.77.81 /hongbao/
INFO: [ app_init ] --START--
INFO: Run Behavior\BuildLiteBehavior [ RunTime:0.000017s ]
INFO: [ app_init ] --END-- [ RunTime:0.000383s ]
INFO: [ app_begin ] --START--
INFO: Run Behavior\ReadHtmlCacheBehavior [ RunTime:0.000574s ]
INFO: [ app_begin ] --END-- [ RunTime:0.000625s ]
INFO: [ app_end ] --START--
INFO: Run Behavior\ShowPageTraceBehavior [ RunTime:0.000496s ]
INFO: [ app_end ] --END-- [ RunTime:0.000545s ]

[ 2017-11-29T19:21:27+08:00 ] 123.151.77.81 /hongbao/index.php/Login/login_do?code=0814QqHa10TcDt0rwVFa1dlcHa14QqHP&state=STATE
INFO: [ app_init ] --START--
INFO: Run Behavior\BuildLiteBehavior [ RunTime:0.000019s ]
INFO: [ app_init ] --END-- [ RunTime:0.000375s ]
INFO: [ app_begin ] --START--
INFO: Run Behavior\ReadHtmlCacheBehavior [ RunTime:0.000614s ]
INFO: [ app_begin ] --END-- [ RunTime:0.000662s ]
SQL: SHOW COLUMNS FROM `hb_users` [ RunTime:0.0017s ]
SQL: SELECT * FROM `hb_users` WHERE ( openid='oDpc20eDtmoam42EV3ZfdjiV4vKc' ) LIMIT 1   [ RunTime:0.0012s ]
SQL: UPDATE `hb_users` SET `wx_name`='柚子',`wx_photo`='http://wx.qlogo.cn/mmopen/vi_32/Q0j4TwGTfTIXz7RZsSWBlLfmjmEEQ9aK7xKbYfGqvbSFvSwCicwnn9oHkOqwG6CW9W9coxv61XksbDfvsLcNLzg/0' WHERE ( openid='oDpc20eDtmoam42EV3ZfdjiV4vKc' ) [ RunTime:0.0013s ]
SQL: SELECT * FROM `hb_users` WHERE ( openid='oDpc20eDtmoam42EV3ZfdjiV4vKc' ) LIMIT 1   [ RunTime:0.0012s ]
INFO: [ app_end ] --START--
INFO: Run Behavior\ShowPageTraceBehavior [ RunTime:0.000694s ]
INFO: [ app_end ] --END-- [ RunTime:0.000736s ]

[ 2017-11-29T19:21:27+08:00 ] 123.151.77.81 /hongbao/index.php/Index/index.html
INFO: [ app_init ] --START--
INFO: Run Behavior\BuildLiteBehavior [ RunTime:0.000018s ]
INFO: [ app_init ] --END-- [ RunTime:0.000367s ]
INFO: [ app_begin ] --START--
INFO: Run Behavior\ReadHtmlCacheBehavior [ RunTime:0.000579s ]
INFO: [ app_begin ] --END-- [ RunTime:0.000632s ]
SQL: SHOW COLUMNS FROM `hb_sharetitle` [ RunTime:0.0015s ]
SQL: SELECT * FROM `hb_sharetitle` LIMIT 1   [ RunTime:0.0012s ]
SQL: SHOW COLUMNS FROM `hb_users` [ RunTime:0.0015s ]
SQL: SELECT * FROM `hb_users` WHERE ( id=18 ) LIMIT 1   [ RunTime:0.0012s ]
INFO: [ view_parse ] --START--
INFO: [ template_filter ] --START--
INFO: Run Behavior\ContentReplaceBehavior [ RunTime:0.000157s ]
INFO: [ template_filter ] --END-- [ RunTime:0.000199s ]
INFO: Run Behavior\ParseTemplateBehavior [ RunTime:0.009244s ]
INFO: [ view_parse ] --END-- [ RunTime:0.009289s ]
INFO: [ view_filter ] --START--
INFO: Run Behavior\WriteHtmlCacheBehavior [ RunTime:0.000226s ]
INFO: [ view_filter ] --END-- [ RunTime:0.000258s ]
INFO: [ app_end ] --START--
INFO: Run Behavior\ShowPageTraceBehavior [ RunTime:0.000539s ]
INFO: [ app_end ] --END-- [ RunTime:0.000591s ]

