[ 2018-01-03T15:54:21+08:00 ] 183.192.201.97 /hongbao/
INFO: [ app_init ] --START--
INFO: Run Behavior\BuildLiteBehavior [ RunTime:0.000024s ]
INFO: [ app_init ] --END-- [ RunTime:0.001624s ]
INFO: [ app_begin ] --START--
INFO: Run Behavior\ReadHtmlCacheBehavior [ RunTime:0.003071s ]
INFO: [ app_begin ] --END-- [ RunTime:0.003169s ]
INFO: [ app_end ] --START--
INFO: Run Behavior\ShowPageTraceBehavior [ RunTime:0.002287s ]
INFO: [ app_end ] --END-- [ RunTime:0.002333s ]

[ 2018-01-03T16:11:16+08:00 ] 123.151.77.70 /hongbao/index.php/User/index
INFO: [ app_init ] --START--
INFO: Run Behavior\BuildLiteBehavior [ RunTime:0.000018s ]
INFO: [ app_init ] --END-- [ RunTime:0.000392s ]
INFO: [ app_begin ] --START--
INFO: Run Behavior\ReadHtmlCacheBehavior [ RunTime:0.000579s ]
INFO: [ app_begin ] --END-- [ RunTime:0.000627s ]
SQL: SHOW COLUMNS FROM `hb_sharetitle` [ RunTime:0.0019s ]
SQL: SELECT * FROM `hb_sharetitle` LIMIT 1   [ RunTime:0.0015s ]
INFO: [ view_parse ] --START--
INFO: [ template_filter ] --START--
INFO: Run Behavior\ContentReplaceBehavior [ RunTime:0.000079s ]
INFO: [ template_filter ] --END-- [ RunTime:0.000158s ]
INFO: Run Behavior\ParseTemplateBehavior [ RunTime:0.074364s ]
INFO: [ view_parse ] --END-- [ RunTime:0.074458s ]
INFO: [ view_filter ] --START--
INFO: Run Behavior\WriteHtmlCacheBehavior [ RunTime:0.058494s ]
INFO: [ view_filter ] --END-- [ RunTime:0.058584s ]
NOTIC: [2] Cannot modify header information - headers already sent by (output started at /data/home/bxu2347690191/htdocs/hongbao/app/Home/Controller/Base1Controller.class.php:8) /data/home/bxu2347690191/htdocs/hongbao/lib/ThinkPHP/Library/Think/View.class.php 第 91 行.
NOTIC: [2] Cannot modify header information - headers already sent by (output started at /data/home/bxu2347690191/htdocs/hongbao/app/Home/Controller/Base1Controller.class.php:8) /data/home/bxu2347690191/htdocs/hongbao/lib/ThinkPHP/Library/Think/View.class.php 第 92 行.
NOTIC: [2] Cannot modify header information - headers already sent by (output started at /data/home/bxu2347690191/htdocs/hongbao/app/Home/Controller/Base1Controller.class.php:8) /data/home/bxu2347690191/htdocs/hongbao/lib/ThinkPHP/Library/Think/View.class.php 第 93 行.
INFO: [ app_end ] --START--
INFO: Run Behavior\ShowPageTraceBehavior [ RunTime:0.000607s ]
INFO: [ app_end ] --END-- [ RunTime:0.000657s ]

