[ 2017-10-31T09:25:48+08:00 ] 60.208.131.170 /admin.php/Index/index
INFO: [ app_init ] --START--
INFO: Run Behavior\BuildLiteBehavior [ RunTime:0.000000s ]
INFO: [ app_init ] --END-- [ RunTime:0.000000s ]
INFO: [ app_begin ] --START--
INFO: Run Behavior\ReadHtmlCacheBehavior [ RunTime:0.000000s ]
INFO: [ app_begin ] --END-- [ RunTime:0.000977s ]
SQL: SHOW COLUMNS FROM `class_student` [ RunTime:0.0029s ]
SQL: SELECT * FROM `class_student` ORDER BY last_punch_time desc  [ RunTime:0.0098s ]
INFO: [ view_parse ] --START--
INFO: [ template_filter ] --START--
INFO: Run Behavior\ContentReplaceBehavior [ RunTime:0.000000s ]
INFO: [ template_filter ] --END-- [ RunTime:0.000977s ]
NOTIC: [8] Undefined index: admin C:\wamp\www\class\app\Runtime\Cache\Admin\b49c3ad1254b8c59aaf157751fc7ab57.php 第 30 行.
NOTIC: [2] date() expects parameter 2 to be long, string given C:\wamp\www\class\app\Runtime\Cache\Admin\b49c3ad1254b8c59aaf157751fc7ab57.php 第 177 行.
NOTIC: [2] date() expects parameter 2 to be long, string given C:\wamp\www\class\app\Runtime\Cache\Admin\b49c3ad1254b8c59aaf157751fc7ab57.php 第 177 行.
NOTIC: [2] date() expects parameter 2 to be long, string given C:\wamp\www\class\app\Runtime\Cache\Admin\b49c3ad1254b8c59aaf157751fc7ab57.php 第 177 行.
NOTIC: [2] date() expects parameter 2 to be long, string given C:\wamp\www\class\app\Runtime\Cache\Admin\b49c3ad1254b8c59aaf157751fc7ab57.php 第 177 行.
NOTIC: [2] date() expects parameter 2 to be long, string given C:\wamp\www\class\app\Runtime\Cache\Admin\b49c3ad1254b8c59aaf157751fc7ab57.php 第 177 行.
NOTIC: [2] date() expects parameter 2 to be long, string given C:\wamp\www\class\app\Runtime\Cache\Admin\b49c3ad1254b8c59aaf157751fc7ab57.php 第 177 行.
NOTIC: [2] date() expects parameter 2 to be long, string given C:\wamp\www\class\app\Runtime\Cache\Admin\b49c3ad1254b8c59aaf157751fc7ab57.php 第 177 行.
NOTIC: [2] date() expects parameter 2 to be long, string given C:\wamp\www\class\app\Runtime\Cache\Admin\b49c3ad1254b8c59aaf157751fc7ab57.php 第 177 行.
NOTIC: [2] date() expects parameter 2 to be long, string given C:\wamp\www\class\app\Runtime\Cache\Admin\b49c3ad1254b8c59aaf157751fc7ab57.php 第 177 行.
NOTIC: [2] date() expects parameter 2 to be long, string given C:\wamp\www\class\app\Runtime\Cache\Admin\b49c3ad1254b8c59aaf157751fc7ab57.php 第 177 行.
NOTIC: [2] date() expects parameter 2 to be long, string given C:\wamp\www\class\app\Runtime\Cache\Admin\b49c3ad1254b8c59aaf157751fc7ab57.php 第 177 行.
NOTIC: [2] date() expects parameter 2 to be long, string given C:\wamp\www\class\app\Runtime\Cache\Admin\b49c3ad1254b8c59aaf157751fc7ab57.php 第 177 行.
NOTIC: [2] date() expects parameter 2 to be long, string given C:\wamp\www\class\app\Runtime\Cache\Admin\b49c3ad1254b8c59aaf157751fc7ab57.php 第 177 行.
NOTIC: [2] date() expects parameter 2 to be long, string given C:\wamp\www\class\app\Runtime\Cache\Admin\b49c3ad1254b8c59aaf157751fc7ab57.php 第 177 行.
NOTIC: [2] date() expects parameter 2 to be long, string given C:\wamp\www\class\app\Runtime\Cache\Admin\b49c3ad1254b8c59aaf157751fc7ab57.php 第 177 行.
NOTIC: [2] date() expects parameter 2 to be long, string given C:\wamp\www\class\app\Runtime\Cache\Admin\b49c3ad1254b8c59aaf157751fc7ab57.php 第 177 行.
NOTIC: [2] date() expects parameter 2 to be long, string given C:\wamp\www\class\app\Runtime\Cache\Admin\b49c3ad1254b8c59aaf157751fc7ab57.php 第 177 行.
NOTIC: [2] date() expects parameter 2 to be long, string given C:\wamp\www\class\app\Runtime\Cache\Admin\b49c3ad1254b8c59aaf157751fc7ab57.php 第 177 行.
NOTIC: [2] date() expects parameter 2 to be long, string given C:\wamp\www\class\app\Runtime\Cache\Admin\b49c3ad1254b8c59aaf157751fc7ab57.php 第 177 行.
NOTIC: [2] date() expects parameter 2 to be long, string given C:\wamp\www\class\app\Runtime\Cache\Admin\b49c3ad1254b8c59aaf157751fc7ab57.php 第 177 行.
NOTIC: [2] date() expects parameter 2 to be long, string given C:\wamp\www\class\app\Runtime\Cache\Admin\b49c3ad1254b8c59aaf157751fc7ab57.php 第 177 行.
NOTIC: [2] date() expects parameter 2 to be long, string given C:\wamp\www\class\app\Runtime\Cache\Admin\b49c3ad1254b8c59aaf157751fc7ab57.php 第 177 行.
NOTIC: [2] date() expects parameter 2 to be long, string given C:\wamp\www\class\app\Runtime\Cache\Admin\b49c3ad1254b8c59aaf157751fc7ab57.php 第 177 行.
NOTIC: [2] date() expects parameter 2 to be long, string given C:\wamp\www\class\app\Runtime\Cache\Admin\b49c3ad1254b8c59aaf157751fc7ab57.php 第 177 行.
NOTIC: [2] date() expects parameter 2 to be long, string given C:\wamp\www\class\app\Runtime\Cache\Admin\b49c3ad1254b8c59aaf157751fc7ab57.php 第 177 行.
NOTIC: [2] date() expects parameter 2 to be long, string given C:\wamp\www\class\app\Runtime\Cache\Admin\b49c3ad1254b8c59aaf157751fc7ab57.php 第 177 行.
INFO: Run Behavior\ParseTemplateBehavior [ RunTime:0.018555s ]
INFO: [ view_parse ] --END-- [ RunTime:0.018555s ]
INFO: [ view_filter ] --START--
INFO: Run Behavior\WriteHtmlCacheBehavior [ RunTime:0.000000s ]
INFO: [ view_filter ] --END-- [ RunTime:0.000000s ]
INFO: [ app_end ] --START--
INFO: Run Behavior\ShowPageTraceBehavior [ RunTime:0.000000s ]
INFO: [ app_end ] --END-- [ RunTime:0.000977s ]

[ 2017-10-31T09:25:50+08:00 ] 60.208.131.170 /admin.php/Login/index
INFO: [ app_init ] --START--
INFO: Run Behavior\BuildLiteBehavior [ RunTime:0.000000s ]
INFO: [ app_init ] --END-- [ RunTime:0.000976s ]
INFO: [ app_begin ] --START--
INFO: Run Behavior\ReadHtmlCacheBehavior [ RunTime:0.000976s ]
INFO: [ app_begin ] --END-- [ RunTime:0.000976s ]
INFO: [ view_parse ] --START--
INFO: [ template_filter ] --START--
INFO: Run Behavior\ContentReplaceBehavior [ RunTime:0.000000s ]
INFO: [ template_filter ] --END-- [ RunTime:0.000000s ]
INFO: Run Behavior\ParseTemplateBehavior [ RunTime:0.005860s ]
INFO: [ view_parse ] --END-- [ RunTime:0.005860s ]
INFO: [ view_filter ] --START--
INFO: Run Behavior\WriteHtmlCacheBehavior [ RunTime:0.000000s ]
INFO: [ view_filter ] --END-- [ RunTime:0.000000s ]
INFO: [ app_end ] --START--
INFO: Run Behavior\ShowPageTraceBehavior [ RunTime:0.000000s ]
INFO: [ app_end ] --END-- [ RunTime:0.000976s ]

[ 2017-10-31T09:25:52+08:00 ] 60.208.131.170 /admin.php/Login/login_do
INFO: [ app_init ] --START--
INFO: Run Behavior\BuildLiteBehavior [ RunTime:0.000000s ]
INFO: [ app_init ] --END-- [ RunTime:0.000000s ]
INFO: [ app_begin ] --START--
INFO: Run Behavior\ReadHtmlCacheBehavior [ RunTime:0.000000s ]
INFO: [ app_begin ] --END-- [ RunTime:0.000977s ]
SQL: SHOW COLUMNS FROM `class_admin` [ RunTime:0.0020s ]
SQL: SELECT * FROM `class_admin` WHERE ( admin='admin' and password='202cb962ac59075b964b07152d234b70' ) LIMIT 1   [ RunTime:0.0000s ]
INFO: [ app_end ] --START--
INFO: Run Behavior\ShowPageTraceBehavior [ RunTime:0.000977s ]
INFO: [ app_end ] --END-- [ RunTime:0.000977s ]

[ 2017-10-31T09:25:52+08:00 ] 60.208.131.170 /admin.php/Index/index
INFO: [ app_init ] --START--
INFO: Run Behavior\BuildLiteBehavior [ RunTime:0.000000s ]
INFO: [ app_init ] --END-- [ RunTime:0.000977s ]
INFO: [ app_begin ] --START--
INFO: Run Behavior\ReadHtmlCacheBehavior [ RunTime:0.000977s ]
INFO: [ app_begin ] --END-- [ RunTime:0.000977s ]
SQL: SHOW COLUMNS FROM `class_student` [ RunTime:0.0029s ]
SQL: SELECT * FROM `class_student` ORDER BY last_punch_time desc  [ RunTime:0.0098s ]
INFO: [ view_parse ] --START--
INFO: [ template_filter ] --START--
INFO: Run Behavior\ContentReplaceBehavior [ RunTime:0.000977s ]
INFO: [ template_filter ] --END-- [ RunTime:0.000977s ]
NOTIC: [2] date() expects parameter 2 to be long, string given C:\wamp\www\class\app\Runtime\Cache\Admin\b49c3ad1254b8c59aaf157751fc7ab57.php 第 177 行.
NOTIC: [2] date() expects parameter 2 to be long, string given C:\wamp\www\class\app\Runtime\Cache\Admin\b49c3ad1254b8c59aaf157751fc7ab57.php 第 177 行.
NOTIC: [2] date() expects parameter 2 to be long, string given C:\wamp\www\class\app\Runtime\Cache\Admin\b49c3ad1254b8c59aaf157751fc7ab57.php 第 177 行.
NOTIC: [2] date() expects parameter 2 to be long, string given C:\wamp\www\class\app\Runtime\Cache\Admin\b49c3ad1254b8c59aaf157751fc7ab57.php 第 177 行.
NOTIC: [2] date() expects parameter 2 to be long, string given C:\wamp\www\class\app\Runtime\Cache\Admin\b49c3ad1254b8c59aaf157751fc7ab57.php 第 177 行.
NOTIC: [2] date() expects parameter 2 to be long, string given C:\wamp\www\class\app\Runtime\Cache\Admin\b49c3ad1254b8c59aaf157751fc7ab57.php 第 177 行.
NOTIC: [2] date() expects parameter 2 to be long, string given C:\wamp\www\class\app\Runtime\Cache\Admin\b49c3ad1254b8c59aaf157751fc7ab57.php 第 177 行.
NOTIC: [2] date() expects parameter 2 to be long, string given C:\wamp\www\class\app\Runtime\Cache\Admin\b49c3ad1254b8c59aaf157751fc7ab57.php 第 177 行.
NOTIC: [2] date() expects parameter 2 to be long, string given C:\wamp\www\class\app\Runtime\Cache\Admin\b49c3ad1254b8c59aaf157751fc7ab57.php 第 177 行.
NOTIC: [2] date() expects parameter 2 to be long, string given C:\wamp\www\class\app\Runtime\Cache\Admin\b49c3ad1254b8c59aaf157751fc7ab57.php 第 177 行.
NOTIC: [2] date() expects parameter 2 to be long, string given C:\wamp\www\class\app\Runtime\Cache\Admin\b49c3ad1254b8c59aaf157751fc7ab57.php 第 177 行.
NOTIC: [2] date() expects parameter 2 to be long, string given C:\wamp\www\class\app\Runtime\Cache\Admin\b49c3ad1254b8c59aaf157751fc7ab57.php 第 177 行.
NOTIC: [2] date() expects parameter 2 to be long, string given C:\wamp\www\class\app\Runtime\Cache\Admin\b49c3ad1254b8c59aaf157751fc7ab57.php 第 177 行.
NOTIC: [2] date() expects parameter 2 to be long, string given C:\wamp\www\class\app\Runtime\Cache\Admin\b49c3ad1254b8c59aaf157751fc7ab57.php 第 177 行.
NOTIC: [2] date() expects parameter 2 to be long, string given C:\wamp\www\class\app\Runtime\Cache\Admin\b49c3ad1254b8c59aaf157751fc7ab57.php 第 177 行.
NOTIC: [2] date() expects parameter 2 to be long, string given C:\wamp\www\class\app\Runtime\Cache\Admin\b49c3ad1254b8c59aaf157751fc7ab57.php 第 177 行.
NOTIC: [2] date() expects parameter 2 to be long, string given C:\wamp\www\class\app\Runtime\Cache\Admin\b49c3ad1254b8c59aaf157751fc7ab57.php 第 177 行.
NOTIC: [2] date() expects parameter 2 to be long, string given C:\wamp\www\class\app\Runtime\Cache\Admin\b49c3ad1254b8c59aaf157751fc7ab57.php 第 177 行.
NOTIC: [2] date() expects parameter 2 to be long, string given C:\wamp\www\class\app\Runtime\Cache\Admin\b49c3ad1254b8c59aaf157751fc7ab57.php 第 177 行.
NOTIC: [2] date() expects parameter 2 to be long, string given C:\wamp\www\class\app\Runtime\Cache\Admin\b49c3ad1254b8c59aaf157751fc7ab57.php 第 177 行.
NOTIC: [2] date() expects parameter 2 to be long, string given C:\wamp\www\class\app\Runtime\Cache\Admin\b49c3ad1254b8c59aaf157751fc7ab57.php 第 177 行.
NOTIC: [2] date() expects parameter 2 to be long, string given C:\wamp\www\class\app\Runtime\Cache\Admin\b49c3ad1254b8c59aaf157751fc7ab57.php 第 177 行.
NOTIC: [2] date() expects parameter 2 to be long, string given C:\wamp\www\class\app\Runtime\Cache\Admin\b49c3ad1254b8c59aaf157751fc7ab57.php 第 177 行.
NOTIC: [2] date() expects parameter 2 to be long, string given C:\wamp\www\class\app\Runtime\Cache\Admin\b49c3ad1254b8c59aaf157751fc7ab57.php 第 177 行.
NOTIC: [2] date() expects parameter 2 to be long, string given C:\wamp\www\class\app\Runtime\Cache\Admin\b49c3ad1254b8c59aaf157751fc7ab57.php 第 177 行.
NOTIC: [2] date() expects parameter 2 to be long, string given C:\wamp\www\class\app\Runtime\Cache\Admin\b49c3ad1254b8c59aaf157751fc7ab57.php 第 177 行.
INFO: Run Behavior\ParseTemplateBehavior [ RunTime:0.018555s ]
INFO: [ view_parse ] --END-- [ RunTime:0.018555s ]
INFO: [ view_filter ] --START--
INFO: Run Behavior\WriteHtmlCacheBehavior [ RunTime:0.000000s ]
INFO: [ view_filter ] --END-- [ RunTime:0.000977s ]
INFO: [ app_end ] --START--
INFO: Run Behavior\ShowPageTraceBehavior [ RunTime:0.000000s ]
INFO: [ app_end ] --END-- [ RunTime:0.000977s ]

[ 2017-10-31T09:25:59+08:00 ] 60.208.131.170 /admin.php/Problem/add.html
INFO: [ app_init ] --START--
INFO: Run Behavior\BuildLiteBehavior [ RunTime:0.000000s ]
INFO: [ app_init ] --END-- [ RunTime:0.000976s ]
INFO: [ app_begin ] --START--
INFO: Run Behavior\ReadHtmlCacheBehavior [ RunTime:0.000000s ]
INFO: [ app_begin ] --END-- [ RunTime:0.000976s ]
INFO: [ view_parse ] --START--
INFO: [ template_filter ] --START--
INFO: Run Behavior\ContentReplaceBehavior [ RunTime:0.000000s ]
INFO: [ template_filter ] --END-- [ RunTime:0.000000s ]
INFO: Run Behavior\ParseTemplateBehavior [ RunTime:0.009766s ]
INFO: [ view_parse ] --END-- [ RunTime:0.009766s ]
INFO: [ view_filter ] --START--
INFO: Run Behavior\WriteHtmlCacheBehavior [ RunTime:0.000976s ]
INFO: [ view_filter ] --END-- [ RunTime:0.000976s ]
INFO: [ app_end ] --START--
INFO: Run Behavior\ShowPageTraceBehavior [ RunTime:0.000977s ]
INFO: [ app_end ] --END-- [ RunTime:0.000977s ]

[ 2017-10-31T09:28:55+08:00 ] 60.208.131.170 /admin.php/Problem/add_do
INFO: [ app_init ] --START--
INFO: Run Behavior\BuildLiteBehavior [ RunTime:0.000000s ]
INFO: [ app_init ] --END-- [ RunTime:0.000976s ]
INFO: [ app_begin ] --START--
INFO: Run Behavior\ReadHtmlCacheBehavior [ RunTime:0.000977s ]
INFO: [ app_begin ] --END-- [ RunTime:0.000977s ]
SQL: SHOW COLUMNS FROM `class_problem` [ RunTime:0.0020s ]
SQL: SELECT * FROM `class_problem` WHERE ( add_time='1509379201' ) LIMIT 1   [ RunTime:0.0010s ]
NOTIC: [2] call_user_func() expects parameter 1 to be a valid callback, no array or string given C:\wamp\www\class\lib\ThinkPHP\Library\Think\Upload.class.php 第 170 行.
NOTIC: [2] call_user_func() expects parameter 1 to be a valid callback, no array or string given C:\wamp\www\class\lib\ThinkPHP\Library\Think\Upload.class.php 第 170 行.
SQL: INSERT INTO `class_problem` (`title`,`video_result`,`content`,`result`,`add_time`,`datetime`) VALUES ('31','https://v.qq.com/iframe/player.html?vid=t0524xe7ok8&tiny=0&auto=0','image/2017-10-31/59f7d1d7adc37.png','image/2017-10-31/59f7d1d7ae008.png','1509379201','2017-10-31') [ RunTime:0.0010s ]
INFO: [ app_end ] --START--
INFO: Run Behavior\ShowPageTraceBehavior [ RunTime:0.000976s ]
INFO: [ app_end ] --END-- [ RunTime:0.000976s ]

[ 2017-10-31T09:28:57+08:00 ] 60.208.131.170 /admin.php/Problem/add
INFO: [ app_init ] --START--
INFO: Run Behavior\BuildLiteBehavior [ RunTime:0.000000s ]
INFO: [ app_init ] --END-- [ RunTime:0.000000s ]
INFO: [ app_begin ] --START--
INFO: Run Behavior\ReadHtmlCacheBehavior [ RunTime:0.000000s ]
INFO: [ app_begin ] --END-- [ RunTime:0.000977s ]
INFO: [ view_parse ] --START--
INFO: [ template_filter ] --START--
INFO: Run Behavior\ContentReplaceBehavior [ RunTime:0.000000s ]
INFO: [ template_filter ] --END-- [ RunTime:0.000000s ]
INFO: Run Behavior\ParseTemplateBehavior [ RunTime:0.009766s ]
INFO: [ view_parse ] --END-- [ RunTime:0.009766s ]
INFO: [ view_filter ] --START--
INFO: Run Behavior\WriteHtmlCacheBehavior [ RunTime:0.000977s ]
INFO: [ view_filter ] --END-- [ RunTime:0.000977s ]
INFO: [ app_end ] --START--
INFO: Run Behavior\ShowPageTraceBehavior [ RunTime:0.000976s ]
INFO: [ app_end ] --END-- [ RunTime:0.000976s ]

[ 2017-10-31T09:29:05+08:00 ] 140.207.124.105 /admin.php/Problem/add_do
INFO: [ app_init ] --START--
INFO: Run Behavior\BuildLiteBehavior [ RunTime:0.000000s ]
INFO: [ app_init ] --END-- [ RunTime:0.000000s ]
INFO: [ app_begin ] --START--
INFO: Run Behavior\ReadHtmlCacheBehavior [ RunTime:0.000000s ]
INFO: [ app_begin ] --END-- [ RunTime:0.000000s ]
NOTIC: [8] Undefined index: add_time C:\wamp\www\class\app\Admin\Controller\ProblemController.class.php 第 20 行.
SQL: SHOW COLUMNS FROM `class_problem` [ RunTime:0.0020s ]
SQL: SELECT * FROM `class_problem` WHERE ( add_time='1' ) LIMIT 1   [ RunTime:0.0010s ]
INFO: [ app_end ] --START--
INFO: Run Behavior\ShowPageTraceBehavior [ RunTime:0.000976s ]
INFO: [ app_end ] --END-- [ RunTime:0.000976s ]

